#
# A fatal error has been detected by the Java Runtime Environment:
#
#  EXCEPTION_ACCESS_VIOLATION (0xc0000005) at pc=0x00007fff85ac0380, pid=5072, tid=13284
#
# JRE version: OpenJDK Runtime Environment (11.0.12+7) (build 11.0.12+7-b1504.28-7817840)
# Java VM: OpenJDK 64-Bit Server VM (11.0.12+7-b1504.28-7817840, mixed mode, tiered, compressed oops, g1 gc, windows-amd64)
# Problematic frame:
# V  [jvm.dll+0x360380]
#
# No core dump will be written. Minidumps are not enabled by default on client versions of Windows
#
# If you would like to submit a bug report, please visit:
#   https://bugreport.java.com/bugreport/crash.jsp
#

---------------  S U M M A R Y ------------

Command Line: --add-opens=java.base/java.util=ALL-UNNAMED --add-opens=java.base/java.lang=ALL-UNNAMED --add-opens=java.base/java.lang.invoke=ALL-UNNAMED --add-opens=java.base/java.util=ALL-UNNAMED --add-opens=java.prefs/java.util.prefs=ALL-UNNAMED --add-opens=java.prefs/java.util.prefs=ALL-UNNAMED --add-opens=java.base/java.nio.charset=ALL-UNNAMED --add-opens=java.base/java.net=ALL-UNNAMED --add-opens=java.base/java.util.concurrent.atomic=ALL-UNNAMED -Xmx4608m -Dfile.encoding=UTF-8 -Duser.country=RU -Duser.language=ru -Duser.variant org.gradle.launcher.daemon.bootstrap.GradleDaemon 7.3.3

Host: Intel(R) Core(TM) i5-2430M CPU @ 2.40GHz, 4 cores, 7G,  Windows 10 , 64 bit Build 19041 (10.0.19041.2364)
Time: Wed Dec 28 22:57:46 2022 Центральная Европа (зима) elapsed time: 25.586655 seconds (0d 0h 0m 25s)

---------------  T H R E A D  ---------------

Current thread (0x0000026d2cdff000):  JavaThread "C2 CompilerThread1" daemon [_thread_in_native, id=13284, stack(0x0000009635d00000,0x0000009635e00000)]


Current CompileTask:
C2:  25586 10909   !   4       org.gradle.internal.instantiation.generator.DependencyInjectingInstantiator::doCreate (64 bytes)

Stack: [0x0000009635d00000,0x0000009635e00000],  sp=0x0000009635dfbd60,  free space=1007k
Native frames: (J=compiled Java code, j=interpreted, Vv=VM code, C=native code)
V  [jvm.dll+0x360380]
V  [jvm.dll+0x35b130]
V  [jvm.dll+0x359736]
V  [jvm.dll+0x19d102]
V  [jvm.dll+0x20070e]
V  [jvm.dll+0x1ff794]
V  [jvm.dll+0x18868c]
V  [jvm.dll+0x20e0d7]
V  [jvm.dll+0x20c901]
V  [jvm.dll+0x6f9b7f]
V  [jvm.dll+0x6f26a5]
V  [jvm.dll+0x5fabf6]
C  [ucrtbase.dll+0x21bb2]
C  [KERNEL32.DLL+0x17614]
C  [ntdll.dll+0x526a1]


siginfo: EXCEPTION_ACCESS_VIOLATION (0xc0000005), reading address 0xffffffffffffffff


Register to memory mapping:

RIP=0x00007fff85ac0380 jvm.dll
RAX=0x0000ffff8616c898 is an unknown value
RBX=0x0000000000000068 is an unknown value
RCX=0x0000000000000008 is an unknown value
RDX=0x0 is NULL
RSP=0x0000009635dfbd60 is pointing into the stack for thread: 0x0000026d2cdff000
RBP=0x0000000000000008 is an unknown value
RSI=0x00007fff8616c898 jvm.dll
RDI=0x0000026d2e7ff1e0 points into unknown readable memory: 0x0000026d2e682280 | 80 22 68 2e 6d 02 00 00
R8 =0x0000026d37774bf0 points into unknown readable memory: 0x0000000000000003 | 03 00 00 00 00 00 00 00
R9 =0x0000009635dfbdb0 is pointing into the stack for thread: 0x0000026d2cdff000
R10=0x000000000000000d is an unknown value
R11=0x0000009635dfbdf0 is pointing into the stack for thread: 0x0000026d2cdff000
R12=0x00000000000003d8 is an unknown value
R13=0x0000000000000008 is an unknown value
R14=0x00007fff85760000 jvm.dll
R15=0x0000026d2ff073a0 points into unknown readable memory: 0x0000026d3775c040 | 40 c0 75 37 6d 02 00 00


Registers:
RAX=0x0000ffff8616c898, RBX=0x0000000000000068, RCX=0x0000000000000008, RDX=0x0000000000000000
RSP=0x0000009635dfbd60, RBP=0x0000000000000008, RSI=0x00007fff8616c898, RDI=0x0000026d2e7ff1e0
R8 =0x0000026d37774bf0, R9 =0x0000009635dfbdb0, R10=0x000000000000000d, R11=0x0000009635dfbdf0
R12=0x00000000000003d8, R13=0x0000000000000008, R14=0x00007fff85760000, R15=0x0000026d2ff073a0
RIP=0x00007fff85ac0380, EFLAGS=0x0000000000010246

Top of Stack: (sp=0x0000009635dfbd60)
0x0000009635dfbd60:   000000000000002d 00007fff85c55b22
0x0000009635dfbd70:   0000000000002c00 00007fff85ac0504
0x0000009635dfbd80:   0000000000000000 00007fff85abb130
0x0000009635dfbd90:   0000000000000001 0000000000000020
0x0000009635dfbda0:   0000009635dfbef0 00007fff85ab9800
0x0000009635dfbdb0:   0000000000000000 0000009600000008
0x0000009635dfbdc0:   0000ffff8616c898 00007fff00000000
0x0000009635dfbdd0:   0000026d31f28c28 0000026d0000002d
0x0000009635dfbde0:   0000026d37774bf0 000000000000002d
0x0000009635dfbdf0:   0000026d2ff073b0 00007fff85ab9736
0x0000009635dfbe00:   0000000000000279 0000009635dfbf30
0x0000009635dfbe10:   0000009635dfbef0 0000026d3793fbf0
0x0000009635dfbe20:   0000009635dfc378 00007fff858fd102
0x0000009635dfbe30:   0000000000000000 0000009635dfc290
0x0000009635dfbe40:   00000000000003d8 0000026d2ff073b0
0x0000009635dfbe50:   000000000000c600 0000000000000000 

Instructions: (pc=0x00007fff85ac0380)
0x00007fff85ac0280:   58 4c 8b 64 24 50 48 8b c3 48 83 c4 20 41 5f 5f
0x00007fff85ac0290:   5e 5d 5b c3 cc cc cc cc cc cc cc cc cc cc cc cc
0x00007fff85ac02a0:   83 3a 00 4c 8b c2 c7 41 08 08 00 00 00 75 16 33
0x00007fff85ac02b0:   d2 c7 41 18 01 00 00 00 89 11 48 8b c1 c7 41 28
0x00007fff85ac02c0:   01 00 00 00 c3 33 d2 48 89 11 89 51 18 41 8b 80
0x00007fff85ac02d0:   90 00 00 00 89 41 28 48 89 51 10 49 8b 40 08 48
0x00007fff85ac02e0:   89 41 20 48 8b c1 4c 89 41 30 c3 cc cc cc cc cc
0x00007fff85ac02f0:   48 83 ec 28 8b 51 08 4c 8b c9 83 fa 08 73 18 4c
0x00007fff85ac0300:   8b 41 10 8b c2 41 83 3c 80 00 0f 85 0d 01 00 00
0x00007fff85ac0310:   ff c2 83 fa 08 72 ec 44 8b 51 18 48 89 5c 24 30
0x00007fff85ac0320:   48 89 6c 24 38 48 89 74 24 40 48 89 7c 24 20 44
0x00007fff85ac0330:   3b 51 28 0f 83 b9 00 00 00 8b 0d 3d 81 6e 00 48
0x00007fff85ac0340:   8d 35 52 c5 6a 00 65 48 8b 04 25 58 00 00 00 bd
0x00007fff85ac0350:   08 00 00 00 48 8d 3c c8 0f 1f 84 00 00 00 00 00
0x00007fff85ac0360:   41 8b c2 48 8d 1c c5 00 00 00 00 49 8b 41 20 48
0x00007fff85ac0370:   8b 04 03 48 3b c6 74 6d 49 89 41 10 33 d2 66 90
0x00007fff85ac0380:   83 38 00 0f 85 c3 00 00 00 ff c2 48 83 c0 04 83
0x00007fff85ac0390:   fa 08 72 ec 4d 8b 59 30 4d 85 db 74 48 49 8b 43
0x00007fff85ac03a0:   08 8b d5 48 03 17 4c 8b 04 03 48 8b 02 48 8b 88
0x00007fff85ac03b0:   d0 04 00 00 48 8b 81 88 00 00 00 48 8b 88 88 08
0x00007fff85ac03c0:   00 00 49 89 08 48 8b 02 48 8b 88 d0 04 00 00 48
0x00007fff85ac03d0:   8b 81 88 00 00 00 4c 89 80 88 08 00 00 49 8b 43
0x00007fff85ac03e0:   08 48 89 34 03 41 ff c2 45 3b 51 28 0f 82 6e ff
0x00007fff85ac03f0:   ff ff 41 8b 41 28 41 89 41 18 33 c0 41 c7 41 08
0x00007fff85ac0400:   08 00 00 00 48 8b 74 24 40 48 8b 6c 24 38 48 8b
0x00007fff85ac0410:   5c 24 30 48 8b 7c 24 20 48 83 c4 28 c3 8b 41 18
0x00007fff85ac0420:   8d 0c c2 8b c2 c1 e1 05 81 e9 00 01 00 00 41 89
0x00007fff85ac0430:   49 04 41 8b 0c 80 8d 42 01 41 89 09 49 8b c9 41
0x00007fff85ac0440:   89 41 08 48 83 c4 28 e9 c4 fd e3 ff 42 8d 04 d2
0x00007fff85ac0450:   c1 e0 05 41 89 41 04 49 8b 41 10 8b 0c 90 41 8d
0x00007fff85ac0460:   42 01 41 89 41 18 8d 42 01 41 89 09 49 8b c9 41
0x00007fff85ac0470:   89 41 08 e8 98 fd e3 ff eb 8a cc cc cc cc cc cc 


Stack slot to memory mapping:
stack at sp + 0 slots: 0x000000000000002d is an unknown value
stack at sp + 1 slots: 0x00007fff85c55b22 jvm.dll
stack at sp + 2 slots: 0x0000000000002c00 is an unknown value
stack at sp + 3 slots: 0x00007fff85ac0504 jvm.dll
stack at sp + 4 slots: 0x0 is NULL
stack at sp + 5 slots: 0x00007fff85abb130 jvm.dll
stack at sp + 6 slots: 0x0000000000000001 is an unknown value
stack at sp + 7 slots: 0x0000000000000020 is an unknown value


---------------  P R O C E S S  ---------------

Threads class SMR info:
_java_thread_list=0x0000026d307c12f0, length=85, elements={
0x0000026d0a75a800, 0x0000026d27eea800, 0x0000026d27eef800, 0x0000026d2ab04000,
0x0000026d2ab05000, 0x0000026d2ab0a000, 0x0000026d2ab0b000, 0x0000026d2ab10800,
0x0000026d2ab1b800, 0x0000026d2ac6e800, 0x0000026d2d462000, 0x0000026d2afa8000,
0x0000026d2d366800, 0x0000026d2b9a8800, 0x0000026d2bf80000, 0x0000026d2c589800,
0x0000026d2bff4000, 0x0000026d2c45e800, 0x0000026d2d2da800, 0x0000026d2dae5000,
0x0000026d2dae2800, 0x0000026d2dae1000, 0x0000026d2dae6000, 0x0000026d2cdff000,
0x0000026d2dae2000, 0x0000026d2dae3800, 0x0000026d2dae4800, 0x0000026d2dae0800,
0x0000026d2dae7000, 0x0000026d2fea5000, 0x0000026d2fea2800, 0x0000026d2fe9f800,
0x0000026d2fea6000, 0x0000026d2fea1000, 0x0000026d2fea3800, 0x0000026d2fea4000,
0x0000026d2fea7800, 0x0000026d2fea1800, 0x0000026d2feae000, 0x0000026d2feaa000,
0x0000026d2feaa800, 0x0000026d2fea8000, 0x0000026d2fea9000, 0x0000026d2feab800,
0x0000026d2feac800, 0x0000026d2fead000, 0x0000026d31b52000, 0x0000026d31b50800,
0x0000026d31b4e000, 0x0000026d31b51000, 0x0000026d31b4c800, 0x0000026d31b53000,
0x0000026d31b4d000, 0x0000026d31b4e800, 0x0000026d31b53800, 0x0000026d31b54800,
0x0000026d31b4f800, 0x0000026d31b58800, 0x0000026d31b56000, 0x0000026d31b59800,
0x0000026d31b57000, 0x0000026d31b5a000, 0x0000026d31b55800, 0x0000026d31b5b000,
0x0000026d31b57800, 0x0000026d31351000, 0x0000026d31353800, 0x0000026d31354800,
0x0000026d31356000, 0x0000026d31355000, 0x0000026d31350800, 0x0000026d31352000,
0x0000026d31357800, 0x0000026d31357000, 0x0000026d31358800, 0x0000026d31353000,
0x0000026d3135e000, 0x0000026d3135c800, 0x0000026d3135a000, 0x0000026d3135f000,
0x0000026d3135b800, 0x0000026d31359800, 0x0000026d303bb000, 0x0000026d303ba000,
0x0000026d303bb800
}

Java Threads: ( => current thread )
  0x0000026d0a75a800 JavaThread "main" [_thread_blocked, id=9672, stack(0x0000009634000000,0x0000009634100000)]
  0x0000026d27eea800 JavaThread "Reference Handler" daemon [_thread_blocked, id=6888, stack(0x0000009634700000,0x0000009634800000)]
  0x0000026d27eef800 JavaThread "Finalizer" daemon [_thread_blocked, id=4440, stack(0x0000009634800000,0x0000009634900000)]
  0x0000026d2ab04000 JavaThread "Signal Dispatcher" daemon [_thread_blocked, id=12408, stack(0x0000009634900000,0x0000009634a00000)]
  0x0000026d2ab05000 JavaThread "Attach Listener" daemon [_thread_blocked, id=1224, stack(0x0000009634a00000,0x0000009634b00000)]
  0x0000026d2ab0a000 JavaThread "Service Thread" daemon [_thread_blocked, id=2968, stack(0x0000009634b00000,0x0000009634c00000)]
  0x0000026d2ab0b000 JavaThread "C2 CompilerThread0" daemon [_thread_in_native, id=11356, stack(0x0000009634c00000,0x0000009634d00000)]
  0x0000026d2ab10800 JavaThread "C1 CompilerThread0" daemon [_thread_in_native, id=12984, stack(0x0000009634d00000,0x0000009634e00000)]
  0x0000026d2ab1b800 JavaThread "Sweeper thread" daemon [_thread_blocked, id=14296, stack(0x0000009634e00000,0x0000009634f00000)]
  0x0000026d2ac6e800 JavaThread "Common-Cleaner" daemon [_thread_blocked, id=10096, stack(0x0000009634f00000,0x0000009635000000)]
  0x0000026d2d462000 JavaThread "Daemon health stats" [_thread_blocked, id=12064, stack(0x0000009635400000,0x0000009635500000)]
  0x0000026d2afa8000 JavaThread "Incoming local TCP Connector on port 54284" [_thread_in_native, id=13464, stack(0x0000009635100000,0x0000009635200000)]
  0x0000026d2d366800 JavaThread "Daemon periodic checks" [_thread_blocked, id=5840, stack(0x0000009635500000,0x0000009635600000)]
  0x0000026d2b9a8800 JavaThread "Daemon" [_thread_blocked, id=4728, stack(0x0000009635600000,0x0000009635700000)]
  0x0000026d2bf80000 JavaThread "Handler for socket connection from /127.0.0.1:54284 to /127.0.0.1:54285" [_thread_in_native, id=14240, stack(0x0000009635700000,0x0000009635800000)]
  0x0000026d2c589800 JavaThread "Cancel handler" [_thread_blocked, id=11580, stack(0x0000009635800000,0x0000009635900000)]
  0x0000026d2bff4000 JavaThread "Daemon worker" [_thread_in_Java, id=3204, stack(0x0000009635900000,0x0000009635a00000)]
  0x0000026d2c45e800 JavaThread "Asynchronous log dispatcher for DefaultDaemonConnection: socket connection from /127.0.0.1:54284 to /127.0.0.1:54285" [_thread_blocked, id=13636, stack(0x0000009635a00000,0x0000009635b00000)]
  0x0000026d2d2da800 JavaThread "Stdin handler" [_thread_blocked, id=13012, stack(0x0000009635b00000,0x0000009635c00000)]
  0x0000026d2dae5000 JavaThread "Daemon client event forwarder" [_thread_blocked, id=13520, stack(0x0000009635c00000,0x0000009635d00000)]
  0x0000026d2dae2800 JavaThread "Cache worker for journal cache (C:\Users\Anton\.gradle\caches\journal-1)" [_thread_blocked, id=3680, stack(0x0000009635f00000,0x0000009636000000)]
  0x0000026d2dae1000 JavaThread "File lock request listener" [_thread_in_native, id=6848, stack(0x0000009636000000,0x0000009636100000)]
  0x0000026d2dae6000 JavaThread "Cache worker for file hash cache (C:\Users\Anton\.gradle\caches\7.3.3\fileHashes)" [_thread_blocked, id=5724, stack(0x0000009636100000,0x0000009636200000)]
=>0x0000026d2cdff000 JavaThread "C2 CompilerThread1" daemon [_thread_in_native, id=13284, stack(0x0000009635d00000,0x0000009635e00000)]
  0x0000026d2dae2000 JavaThread "Cache worker for file hash cache (C:\Users\Anton\AndroidStudioProjects\CryptoAppProject\.gradle\7.3.3\fileHashes)" [_thread_blocked, id=10512, stack(0x0000009636200000,0x0000009636300000)]
  0x0000026d2dae3800 JavaThread "File watcher server" daemon [_thread_in_native, id=7332, stack(0x0000009636300000,0x0000009636400000)]
  0x0000026d2dae4800 JavaThread "File watcher consumer" daemon [_thread_blocked, id=3132, stack(0x0000009636400000,0x0000009636500000)]
  0x0000026d2dae0800 JavaThread "Cache worker for checksums cache (C:\Users\Anton\AndroidStudioProjects\CryptoAppProject\.gradle\7.3.3\checksums)" [_thread_blocked, id=11512, stack(0x0000009636500000,0x0000009636600000)]
  0x0000026d2dae7000 JavaThread "Cache worker for cache directory md-supplier (C:\Users\Anton\.gradle\caches\7.3.3\md-supplier)" [_thread_blocked, id=3512, stack(0x0000009636600000,0x0000009636700000)]
  0x0000026d2fea5000 JavaThread "Cache worker for cache directory md-rule (C:\Users\Anton\.gradle\caches\7.3.3\md-rule)" [_thread_blocked, id=3092, stack(0x0000009636700000,0x0000009636800000)]
  0x0000026d2fea2800 JavaThread "Cache worker for execution history cache (C:\Users\Anton\.gradle\caches\7.3.3\executionHistory)" [_thread_blocked, id=10680, stack(0x0000009636800000,0x0000009636900000)]
  0x0000026d2fe9f800 JavaThread "jar transforms" [_thread_blocked, id=6468, stack(0x0000009636900000,0x0000009636a00000)]
  0x0000026d2fea6000 JavaThread "Cache worker for file content cache (C:\Users\Anton\.gradle\caches\7.3.3\fileContent)" [_thread_blocked, id=13192, stack(0x0000009636a00000,0x0000009636b00000)]
  0x0000026d2fea1000 JavaThread "jar transforms Thread 2" [_thread_blocked, id=8872, stack(0x0000009636b00000,0x0000009636c00000)]
  0x0000026d2fea3800 JavaThread "Cache worker for dependencies-accessors (C:\Users\Anton\AndroidStudioProjects\CryptoAppProject\.gradle\7.3.3\dependencies-accessors)" [_thread_blocked, id=12812, stack(0x0000009636c00000,0x0000009636d00000)]
  0x0000026d2fea4000 JavaThread "jar transforms Thread 3" [_thread_blocked, id=14268, stack(0x0000009636d00000,0x0000009636e00000)]
  0x0000026d2fea7800 JavaThread "Cache worker for Build Output Cleanup Cache (C:\Users\Anton\AndroidStudioProjects\CryptoAppProject\.gradle\buildOutputCleanup)" [_thread_blocked, id=10428, stack(0x0000009636e00000,0x0000009636f00000)]
  0x0000026d2fea1800 JavaThread "Unconstrained build operations" [_thread_blocked, id=840, stack(0x0000009636f00000,0x0000009637000000)]
  0x0000026d2feae000 JavaThread "Unconstrained build operations Thread 2" [_thread_blocked, id=716, stack(0x0000009637000000,0x0000009637100000)]
  0x0000026d2feaa000 JavaThread "Unconstrained build operations Thread 3" [_thread_blocked, id=4464, stack(0x0000009637100000,0x0000009637200000)]
  0x0000026d2feaa800 JavaThread "Unconstrained build operations Thread 4" [_thread_blocked, id=10152, stack(0x0000009637200000,0x0000009637300000)]
  0x0000026d2fea8000 JavaThread "Unconstrained build operations Thread 5" [_thread_blocked, id=12576, stack(0x0000009637300000,0x0000009637400000)]
  0x0000026d2fea9000 JavaThread "Unconstrained build operations Thread 6" [_thread_blocked, id=11372, stack(0x0000009637400000,0x0000009637500000)]
  0x0000026d2feab800 JavaThread "Unconstrained build operations Thread 7" [_thread_blocked, id=14184, stack(0x0000009637500000,0x0000009637600000)]
  0x0000026d2feac800 JavaThread "Unconstrained build operations Thread 8" [_thread_blocked, id=8608, stack(0x0000009637600000,0x0000009637700000)]
  0x0000026d2fead000 JavaThread "Unconstrained build operations Thread 9" [_thread_blocked, id=10516, stack(0x0000009637700000,0x0000009637800000)]
  0x0000026d31b52000 JavaThread "Unconstrained build operations Thread 10" [_thread_blocked, id=964, stack(0x0000009637800000,0x0000009637900000)]
  0x0000026d31b50800 JavaThread "Unconstrained build operations Thread 11" [_thread_blocked, id=8292, stack(0x0000009637900000,0x0000009637a00000)]
  0x0000026d31b4e000 JavaThread "Unconstrained build operations Thread 12" [_thread_blocked, id=10336, stack(0x0000009637a00000,0x0000009637b00000)]
  0x0000026d31b51000 JavaThread "Unconstrained build operations Thread 13" [_thread_blocked, id=12504, stack(0x0000009637b00000,0x0000009637c00000)]
  0x0000026d31b4c800 JavaThread "Unconstrained build operations Thread 14" [_thread_blocked, id=7900, stack(0x0000009637c00000,0x0000009637d00000)]
  0x0000026d31b53000 JavaThread "Unconstrained build operations Thread 15" [_thread_blocked, id=5448, stack(0x0000009637d00000,0x0000009637e00000)]
  0x0000026d31b4d000 JavaThread "Unconstrained build operations Thread 16" [_thread_blocked, id=7672, stack(0x0000009637e00000,0x0000009637f00000)]
  0x0000026d31b4e800 JavaThread "Unconstrained build operations Thread 17" [_thread_blocked, id=12444, stack(0x0000009637f00000,0x0000009638000000)]
  0x0000026d31b53800 JavaThread "Unconstrained build operations Thread 18" [_thread_blocked, id=13912, stack(0x0000009638000000,0x0000009638100000)]
  0x0000026d31b54800 JavaThread "Unconstrained build operations Thread 19" [_thread_blocked, id=11460, stack(0x0000009638100000,0x0000009638200000)]
  0x0000026d31b4f800 JavaThread "Unconstrained build operations Thread 20" [_thread_blocked, id=1344, stack(0x0000009638200000,0x0000009638300000)]
  0x0000026d31b58800 JavaThread "Unconstrained build operations Thread 21" [_thread_blocked, id=9884, stack(0x0000009638300000,0x0000009638400000)]
  0x0000026d31b56000 JavaThread "Unconstrained build operations Thread 22" [_thread_blocked, id=3576, stack(0x0000009638400000,0x0000009638500000)]
  0x0000026d31b59800 JavaThread "Unconstrained build operations Thread 23" [_thread_blocked, id=12776, stack(0x0000009638500000,0x0000009638600000)]
  0x0000026d31b57000 JavaThread "Unconstrained build operations Thread 24" [_thread_blocked, id=4692, stack(0x0000009638600000,0x0000009638700000)]
  0x0000026d31b5a000 JavaThread "Unconstrained build operations Thread 25" [_thread_blocked, id=4900, stack(0x0000009638700000,0x0000009638800000)]
  0x0000026d31b55800 JavaThread "Unconstrained build operations Thread 26" [_thread_blocked, id=8044, stack(0x0000009638800000,0x0000009638900000)]
  0x0000026d31b5b000 JavaThread "Unconstrained build operations Thread 27" [_thread_blocked, id=3856, stack(0x0000009638900000,0x0000009638a00000)]
  0x0000026d31b57800 JavaThread "Unconstrained build operations Thread 28" [_thread_blocked, id=9388, stack(0x0000009638a00000,0x0000009638b00000)]
  0x0000026d31351000 JavaThread "Unconstrained build operations Thread 29" [_thread_blocked, id=1028, stack(0x0000009638b00000,0x0000009638c00000)]
  0x0000026d31353800 JavaThread "Unconstrained build operations Thread 30" [_thread_blocked, id=13672, stack(0x0000009638c00000,0x0000009638d00000)]
  0x0000026d31354800 JavaThread "Unconstrained build operations Thread 31" [_thread_blocked, id=10560, stack(0x0000009638d00000,0x0000009638e00000)]
  0x0000026d31356000 JavaThread "Unconstrained build operations Thread 32" [_thread_blocked, id=13348, stack(0x0000009638e00000,0x0000009638f00000)]
  0x0000026d31355000 JavaThread "Unconstrained build operations Thread 33" [_thread_blocked, id=6080, stack(0x0000009638f00000,0x0000009639000000)]
  0x0000026d31350800 JavaThread "Unconstrained build operations Thread 34" [_thread_blocked, id=12856, stack(0x0000009639000000,0x0000009639100000)]
  0x0000026d31352000 JavaThread "Unconstrained build operations Thread 35" [_thread_blocked, id=824, stack(0x0000009639100000,0x0000009639200000)]
  0x0000026d31357800 JavaThread "Unconstrained build operations Thread 36" [_thread_blocked, id=4760, stack(0x0000009639200000,0x0000009639300000)]
  0x0000026d31357000 JavaThread "Unconstrained build operations Thread 37" [_thread_blocked, id=6872, stack(0x0000009639300000,0x0000009639400000)]
  0x0000026d31358800 JavaThread "Unconstrained build operations Thread 38" [_thread_blocked, id=3796, stack(0x0000009639400000,0x0000009639500000)]
  0x0000026d31353000 JavaThread "Unconstrained build operations Thread 39" [_thread_blocked, id=6408, stack(0x0000009639500000,0x0000009639600000)]
  0x0000026d3135e000 JavaThread "Unconstrained build operations Thread 40" [_thread_blocked, id=3828, stack(0x0000009639600000,0x0000009639700000)]
  0x0000026d3135c800 JavaThread "jar transforms Thread 4" [_thread_blocked, id=8596, stack(0x0000009639700000,0x0000009639800000)]
  0x0000026d3135a000 JavaThread "Memory manager" [_thread_blocked, id=5112, stack(0x0000009639800000,0x0000009639900000)]
  0x0000026d3135f000 JavaThread "build event listener" [_thread_blocked, id=13116, stack(0x0000009639900000,0x0000009639a00000)]
  0x0000026d3135b800 Thread [stack: 0x0000009639b00000,0x0000009639c00000] [id=8740]
  0x0000026d31359800 Thread [stack: 0x0000009639c00000,0x0000009639d00000] [id=6188]
  0x0000026d303bb000 JavaThread "Cache worker for execution history cache (C:\Users\Anton\AndroidStudioProjects\CryptoAppProject\.gradle\7.3.3\executionHistory)" [_thread_blocked, id=6300, stack(0x0000009639d00000,0x0000009639e00000)]
  0x0000026d303ba000 JavaThread "WorkerExecutor Queue" [_thread_blocked, id=2312, stack(0x0000009639e00000,0x0000009639f00000)]
  0x0000026d303bb800 JavaThread "WorkerExecutor Queue Thread 2" [_thread_blocked, id=9748, stack(0x0000009639f00000,0x000000963a000000)]

Other Threads:
  0x0000026d27ec8000 VMThread "VM Thread" [stack: 0x0000009634600000,0x0000009634700000] [id=4500]
  0x0000026d2ac93800 WatcherThread [stack: 0x0000009635000000,0x0000009635100000] [id=2276]
  0x0000026d0a772000 GCTaskThread "GC Thread#0" [stack: 0x0000009634100000,0x0000009634200000] [id=9784]
  0x0000026d2b147000 GCTaskThread "GC Thread#1" [stack: 0x0000009635200000,0x0000009635300000] [id=6876]
  0x0000026d2aca9000 GCTaskThread "GC Thread#2" [stack: 0x0000009635300000,0x0000009635400000] [id=13056]
  0x0000026d2dca0800 GCTaskThread "GC Thread#3" [stack: 0x0000009635e00000,0x0000009635f00000] [id=10396]
  0x0000026d27d12800 ConcurrentGCThread "G1 Main Marker" [stack: 0x0000009634200000,0x0000009634300000] [id=13360]
  0x0000026d27d14000 ConcurrentGCThread "G1 Conc#0" [stack: 0x0000009634300000,0x0000009634400000] [id=7148]
  0x0000026d27da9800 ConcurrentGCThread "G1 Refine#0" [stack: 0x0000009634400000,0x0000009634500000] [id=13564]
  0x0000026d27dac800 ConcurrentGCThread "G1 Young RemSet Sampling" [stack: 0x0000009634500000,0x0000009634600000] [id=14084]

Threads with active compile tasks:
C2 CompilerThread0  25733 11061   !   4       java.io.BufferedReader::readLine (304 bytes)
C2 CompilerThread1  25733 10909   !   4       org.gradle.internal.instantiation.generator.DependencyInjectingInstantiator::doCreate (64 bytes)

VM state:not at safepoint (normal execution)

VM Mutex/Monitor currently owned by a thread: None

Heap address: 0x00000006e0000000, size: 4608 MB, Compressed Oops mode: Zero based, Oop shift amount: 3
Narrow klass base: 0x0000000800000000, Narrow klass shift: 0
Compressed class space size: 1073741824 Address: 0x0000000800000000

Heap:
 garbage-first heap   total 270336K, used 122753K [0x00000006e0000000, 0x0000000800000000)
  region size 1024K, 42 young (43008K), 5 survivors (5120K)
 Metaspace       used 89607K, capacity 91742K, committed 92032K, reserved 1128448K
  class space    used 11561K, capacity 12352K, committed 12416K, reserved 1048576K
Heap Regions: E=young(eden), S=young(survivor), O=old, HS=humongous(starts), HC=humongous(continues), CS=collection set, F=free, A=archive, TAMS=top-at-mark-start (previous, next)
|   0|0x00000006e0000000, 0x00000006e0100000, 0x00000006e0100000|100%| O|  |TAMS 0x00000006e0100000, 0x00000006e0000000| Untracked 
|   1|0x00000006e0100000, 0x00000006e0200000, 0x00000006e0200000|100%| O|  |TAMS 0x00000006e0200000, 0x00000006e0100000| Untracked 
|   2|0x00000006e0200000, 0x00000006e0300000, 0x00000006e0300000|100%| O|  |TAMS 0x00000006e0300000, 0x00000006e0200000| Untracked 
|   3|0x00000006e0300000, 0x00000006e0400000, 0x00000006e0400000|100%|HS|  |TAMS 0x00000006e0400000, 0x00000006e0300000| Complete 
|   4|0x00000006e0400000, 0x00000006e0500000, 0x00000006e0500000|100%|HC|  |TAMS 0x00000006e0500000, 0x00000006e0400000| Complete 
|   5|0x00000006e0500000, 0x00000006e0600000, 0x00000006e0600000|100%|HC|  |TAMS 0x00000006e0600000, 0x00000006e0500000| Complete 
|   6|0x00000006e0600000, 0x00000006e0700000, 0x00000006e0700000|100%| O|  |TAMS 0x00000006e0700000, 0x00000006e0600000| Untracked 
|   7|0x00000006e0700000, 0x00000006e0800000, 0x00000006e0800000|100%| O|  |TAMS 0x00000006e0800000, 0x00000006e0700000| Untracked 
|   8|0x00000006e0800000, 0x00000006e0900000, 0x00000006e0900000|100%| O|  |TAMS 0x00000006e0900000, 0x00000006e0800000| Untracked 
|   9|0x00000006e0900000, 0x00000006e0a00000, 0x00000006e0a00000|100%| O|  |TAMS 0x00000006e0a00000, 0x00000006e0900000| Untracked 
|  10|0x00000006e0a00000, 0x00000006e0b00000, 0x00000006e0b00000|100%| O|  |TAMS 0x00000006e0b00000, 0x00000006e0a00000| Untracked 
|  11|0x00000006e0b00000, 0x00000006e0c00000, 0x00000006e0c00000|100%| O|  |TAMS 0x00000006e0c00000, 0x00000006e0b00000| Untracked 
|  12|0x00000006e0c00000, 0x00000006e0d00000, 0x00000006e0d00000|100%| O|  |TAMS 0x00000006e0d00000, 0x00000006e0c00000| Untracked 
|  13|0x00000006e0d00000, 0x00000006e0e00000, 0x00000006e0e00000|100%| O|  |TAMS 0x00000006e0e00000, 0x00000006e0d00000| Untracked 
|  14|0x00000006e0e00000, 0x00000006e0f00000, 0x00000006e0f00000|100%| O|  |TAMS 0x00000006e0f00000, 0x00000006e0e00000| Untracked 
|  15|0x00000006e0f00000, 0x00000006e1000000, 0x00000006e1000000|100%| O|  |TAMS 0x00000006e1000000, 0x00000006e0f00000| Untracked 
|  16|0x00000006e1000000, 0x00000006e1100000, 0x00000006e1100000|100%|HS|  |TAMS 0x00000006e1100000, 0x00000006e1000000| Complete 
|  17|0x00000006e1100000, 0x00000006e1200000, 0x00000006e1200000|100%| O|  |TAMS 0x00000006e1200000, 0x00000006e1100000| Untracked 
|  18|0x00000006e1200000, 0x00000006e1300000, 0x00000006e1300000|100%| O|  |TAMS 0x00000006e1300000, 0x00000006e1200000| Untracked 
|  19|0x00000006e1300000, 0x00000006e1400000, 0x00000006e1400000|100%| O|  |TAMS 0x00000006e1400000, 0x00000006e1300000| Untracked 
|  20|0x00000006e1400000, 0x00000006e1500000, 0x00000006e1500000|100%| O|  |TAMS 0x00000006e1500000, 0x00000006e1400000| Untracked 
|  21|0x00000006e1500000, 0x00000006e1600000, 0x00000006e1600000|100%| O|  |TAMS 0x00000006e1600000, 0x00000006e1500000| Untracked 
|  22|0x00000006e1600000, 0x00000006e1700000, 0x00000006e1700000|100%| O|  |TAMS 0x00000006e1700000, 0x00000006e1600000| Untracked 
|  23|0x00000006e1700000, 0x00000006e1800000, 0x00000006e1800000|100%| O|  |TAMS 0x00000006e1800000, 0x00000006e1700000| Untracked 
|  24|0x00000006e1800000, 0x00000006e1900000, 0x00000006e1900000|100%|HS|  |TAMS 0x00000006e1900000, 0x00000006e1800000| Complete 
|  25|0x00000006e1900000, 0x00000006e1a00000, 0x00000006e1a00000|100%|HS|  |TAMS 0x00000006e1a00000, 0x00000006e1900000| Complete 
|  26|0x00000006e1a00000, 0x00000006e1b00000, 0x00000006e1b00000|100%|HS|  |TAMS 0x00000006e1b00000, 0x00000006e1a00000| Complete 
|  27|0x00000006e1b00000, 0x00000006e1c00000, 0x00000006e1c00000|100%|HC|  |TAMS 0x00000006e1c00000, 0x00000006e1b00000| Complete 
|  28|0x00000006e1c00000, 0x00000006e1d00000, 0x00000006e1d00000|100%|HC|  |TAMS 0x00000006e1d00000, 0x00000006e1c00000| Complete 
|  29|0x00000006e1d00000, 0x00000006e1e00000, 0x00000006e1e00000|100%|HC|  |TAMS 0x00000006e1e00000, 0x00000006e1d00000| Complete 
|  30|0x00000006e1e00000, 0x00000006e1f00000, 0x00000006e1f00000|100%|HS|  |TAMS 0x00000006e1f00000, 0x00000006e1e00000| Complete 
|  31|0x00000006e1f00000, 0x00000006e2000000, 0x00000006e2000000|100%|HC|  |TAMS 0x00000006e2000000, 0x00000006e1f00000| Complete 
|  32|0x00000006e2000000, 0x00000006e2100000, 0x00000006e2100000|100%| O|  |TAMS 0x00000006e2100000, 0x00000006e2000000| Untracked 
|  33|0x00000006e2100000, 0x00000006e2200000, 0x00000006e2200000|100%| O|  |TAMS 0x00000006e2200000, 0x00000006e2100000| Untracked 
|  34|0x00000006e2200000, 0x00000006e2300000, 0x00000006e2300000|100%| O|  |TAMS 0x00000006e2300000, 0x00000006e2200000| Untracked 
|  35|0x00000006e2300000, 0x00000006e2400000, 0x00000006e2400000|100%| O|  |TAMS 0x00000006e2400000, 0x00000006e2300000| Untracked 
|  36|0x00000006e2400000, 0x00000006e2500000, 0x00000006e2500000|100%| O|  |TAMS 0x00000006e2500000, 0x00000006e2400000| Untracked 
|  37|0x00000006e2500000, 0x00000006e2600000, 0x00000006e2600000|100%| O|  |TAMS 0x00000006e2600000, 0x00000006e2500000| Untracked 
|  38|0x00000006e2600000, 0x00000006e2700000, 0x00000006e2700000|100%| O|  |TAMS 0x00000006e2700000, 0x00000006e2600000| Untracked 
|  39|0x00000006e2700000, 0x00000006e2800000, 0x00000006e2800000|100%| O|  |TAMS 0x00000006e2800000, 0x00000006e2700000| Untracked 
|  40|0x00000006e2800000, 0x00000006e2900000, 0x00000006e2900000|100%| O|  |TAMS 0x00000006e2900000, 0x00000006e2800000| Untracked 
|  41|0x00000006e2900000, 0x00000006e2a00000, 0x00000006e2a00000|100%| O|  |TAMS 0x00000006e2a00000, 0x00000006e2900000| Untracked 
|  42|0x00000006e2a00000, 0x00000006e2b00000, 0x00000006e2b00000|100%| O|  |TAMS 0x00000006e2b00000, 0x00000006e2a00000| Untracked 
|  43|0x00000006e2b00000, 0x00000006e2c00000, 0x00000006e2c00000|100%| O|  |TAMS 0x00000006e2c00000, 0x00000006e2b00000| Untracked 
|  44|0x00000006e2c00000, 0x00000006e2d00000, 0x00000006e2d00000|100%| O|  |TAMS 0x00000006e2d00000, 0x00000006e2c00000| Untracked 
|  45|0x00000006e2d00000, 0x00000006e2e00000, 0x00000006e2e00000|100%| O|  |TAMS 0x00000006e2e00000, 0x00000006e2d00000| Untracked 
|  46|0x00000006e2e00000, 0x00000006e2f00000, 0x00000006e2f00000|100%| O|  |TAMS 0x00000006e2f00000, 0x00000006e2e00000| Untracked 
|  47|0x00000006e2f00000, 0x00000006e3000000, 0x00000006e3000000|100%| O|  |TAMS 0x00000006e3000000, 0x00000006e2f00000| Untracked 
|  48|0x00000006e3000000, 0x00000006e3100000, 0x00000006e3100000|100%| O|  |TAMS 0x00000006e3100000, 0x00000006e3000000| Untracked 
|  49|0x00000006e3100000, 0x00000006e3200000, 0x00000006e3200000|100%| O|  |TAMS 0x00000006e3200000, 0x00000006e3100000| Untracked 
|  50|0x00000006e3200000, 0x00000006e3300000, 0x00000006e3300000|100%| O|  |TAMS 0x00000006e3300000, 0x00000006e3200000| Untracked 
|  51|0x00000006e3300000, 0x00000006e3400000, 0x00000006e3400000|100%| O|  |TAMS 0x00000006e3400000, 0x00000006e3300000| Untracked 
|  52|0x00000006e3400000, 0x00000006e3500000, 0x00000006e3500000|100%| O|  |TAMS 0x00000006e34f6800, 0x00000006e3400000| Untracked 
|  53|0x00000006e3500000, 0x00000006e3600000, 0x00000006e3600000|100%| O|  |TAMS 0x00000006e3500000, 0x00000006e3500000| Untracked 
|  54|0x00000006e3600000, 0x00000006e3700000, 0x00000006e3700000|100%| O|  |TAMS 0x00000006e3600000, 0x00000006e3600000| Untracked 
|  55|0x00000006e3700000, 0x00000006e3800000, 0x00000006e3800000|100%| O|  |TAMS 0x00000006e3700000, 0x00000006e3700000| Untracked 
|  56|0x00000006e3800000, 0x00000006e3900000, 0x00000006e3900000|100%| O|  |TAMS 0x00000006e3800000, 0x00000006e3800000| Untracked 
|  57|0x00000006e3900000, 0x00000006e3a00000, 0x00000006e3a00000|100%| O|  |TAMS 0x00000006e3900000, 0x00000006e3900000| Untracked 
|  58|0x00000006e3a00000, 0x00000006e3b00000, 0x00000006e3b00000|100%| O|  |TAMS 0x00000006e3a00000, 0x00000006e3a00000| Untracked 
|  59|0x00000006e3b00000, 0x00000006e3c00000, 0x00000006e3c00000|100%| O|  |TAMS 0x00000006e3b00000, 0x00000006e3b00000| Untracked 
|  60|0x00000006e3c00000, 0x00000006e3d00000, 0x00000006e3d00000|100%| O|  |TAMS 0x00000006e3c00000, 0x00000006e3c00000| Untracked 
|  61|0x00000006e3d00000, 0x00000006e3e00000, 0x00000006e3e00000|100%| O|  |TAMS 0x00000006e3d00000, 0x00000006e3d00000| Untracked 
|  62|0x00000006e3e00000, 0x00000006e3f00000, 0x00000006e3f00000|100%| O|  |TAMS 0x00000006e3e00000, 0x00000006e3e00000| Untracked 
|  63|0x00000006e3f00000, 0x00000006e4000000, 0x00000006e4000000|100%| O|  |TAMS 0x00000006e3f00000, 0x00000006e3f00000| Untracked 
|  64|0x00000006e4000000, 0x00000006e4100000, 0x00000006e4100000|100%| O|  |TAMS 0x00000006e4000000, 0x00000006e4000000| Untracked 
|  65|0x00000006e4100000, 0x00000006e4200000, 0x00000006e4200000|100%| O|  |TAMS 0x00000006e4100000, 0x00000006e4100000| Untracked 
|  66|0x00000006e4200000, 0x00000006e4300000, 0x00000006e4300000|100%| O|  |TAMS 0x00000006e4200000, 0x00000006e4200000| Untracked 
|  67|0x00000006e4300000, 0x00000006e4400000, 0x00000006e4400000|100%| O|  |TAMS 0x00000006e4300000, 0x00000006e4300000| Untracked 
|  68|0x00000006e4400000, 0x00000006e4500000, 0x00000006e4500000|100%| O|  |TAMS 0x00000006e4400000, 0x00000006e4400000| Untracked 
|  69|0x00000006e4500000, 0x00000006e4600000, 0x00000006e4600000|100%| O|  |TAMS 0x00000006e4500000, 0x00000006e4500000| Untracked 
|  70|0x00000006e4600000, 0x00000006e4700000, 0x00000006e4700000|100%| O|  |TAMS 0x00000006e4600000, 0x00000006e4600000| Untracked 
|  71|0x00000006e4700000, 0x00000006e4800000, 0x00000006e4800000|100%| O|  |TAMS 0x00000006e4700000, 0x00000006e4700000| Untracked 
|  72|0x00000006e4800000, 0x00000006e4900000, 0x00000006e4900000|100%| O|  |TAMS 0x00000006e4800000, 0x00000006e4800000| Untracked 
|  73|0x00000006e4900000, 0x00000006e4a00000, 0x00000006e4a00000|100%| O|  |TAMS 0x00000006e4900000, 0x00000006e4900000| Untracked 
|  74|0x00000006e4a00000, 0x00000006e4b00000, 0x00000006e4b00000|100%| O|  |TAMS 0x00000006e4a00000, 0x00000006e4a00000| Untracked 
|  75|0x00000006e4b00000, 0x00000006e4c00000, 0x00000006e4c00000|100%| O|  |TAMS 0x00000006e4b00000, 0x00000006e4b00000| Untracked 
|  76|0x00000006e4c00000, 0x00000006e4d00000, 0x00000006e4d00000|100%| O|  |TAMS 0x00000006e4c00000, 0x00000006e4c00000| Untracked 
|  77|0x00000006e4d00000, 0x00000006e4e00000, 0x00000006e4e00000|100%| O|  |TAMS 0x00000006e4d00000, 0x00000006e4d00000| Untracked 
|  78|0x00000006e4e00000, 0x00000006e4f00000, 0x00000006e4f00000|100%| O|  |TAMS 0x00000006e4e00000, 0x00000006e4e00000| Untracked 
|  79|0x00000006e4f00000, 0x00000006e4fe0600, 0x00000006e5000000| 87%| O|  |TAMS 0x00000006e4f00000, 0x00000006e4f00000| Untracked 
|  80|0x00000006e5000000, 0x00000006e5000000, 0x00000006e5100000|  0%| F|  |TAMS 0x00000006e5000000, 0x00000006e5000000| Untracked 
|  81|0x00000006e5100000, 0x00000006e5100000, 0x00000006e5200000|  0%| F|  |TAMS 0x00000006e5100000, 0x00000006e5100000| Untracked 
|  82|0x00000006e5200000, 0x00000006e5200000, 0x00000006e5300000|  0%| F|  |TAMS 0x00000006e5200000, 0x00000006e5200000| Untracked 
|  83|0x00000006e5300000, 0x00000006e5300000, 0x00000006e5400000|  0%| F|  |TAMS 0x00000006e5300000, 0x00000006e5300000| Untracked 
|  84|0x00000006e5400000, 0x00000006e5400000, 0x00000006e5500000|  0%| F|  |TAMS 0x00000006e5400000, 0x00000006e5400000| Untracked 
|  85|0x00000006e5500000, 0x00000006e5500000, 0x00000006e5600000|  0%| F|  |TAMS 0x00000006e5500000, 0x00000006e5500000| Untracked 
|  86|0x00000006e5600000, 0x00000006e5600000, 0x00000006e5700000|  0%| F|  |TAMS 0x00000006e5600000, 0x00000006e5600000| Untracked 
|  87|0x00000006e5700000, 0x00000006e5700000, 0x00000006e5800000|  0%| F|  |TAMS 0x00000006e5700000, 0x00000006e5700000| Untracked 
|  88|0x00000006e5800000, 0x00000006e5800000, 0x00000006e5900000|  0%| F|  |TAMS 0x00000006e5800000, 0x00000006e5800000| Untracked 
|  89|0x00000006e5900000, 0x00000006e5900000, 0x00000006e5a00000|  0%| F|  |TAMS 0x00000006e5900000, 0x00000006e5900000| Untracked 
|  90|0x00000006e5a00000, 0x00000006e5a00000, 0x00000006e5b00000|  0%| F|  |TAMS 0x00000006e5a00000, 0x00000006e5a00000| Untracked 
|  91|0x00000006e5b00000, 0x00000006e5b00000, 0x00000006e5c00000|  0%| F|  |TAMS 0x00000006e5b00000, 0x00000006e5b00000| Untracked 
|  92|0x00000006e5c00000, 0x00000006e5c00000, 0x00000006e5d00000|  0%| F|  |TAMS 0x00000006e5c00000, 0x00000006e5c00000| Untracked 
|  93|0x00000006e5d00000, 0x00000006e5d00000, 0x00000006e5e00000|  0%| F|  |TAMS 0x00000006e5d00000, 0x00000006e5d00000| Untracked 
|  94|0x00000006e5e00000, 0x00000006e5e00000, 0x00000006e5f00000|  0%| F|  |TAMS 0x00000006e5e00000, 0x00000006e5e00000| Untracked 
|  95|0x00000006e5f00000, 0x00000006e5f00000, 0x00000006e6000000|  0%| F|  |TAMS 0x00000006e5f00000, 0x00000006e5f00000| Untracked 
|  96|0x00000006e6000000, 0x00000006e6000000, 0x00000006e6100000|  0%| F|  |TAMS 0x00000006e6000000, 0x00000006e6000000| Untracked 
|  97|0x00000006e6100000, 0x00000006e6100000, 0x00000006e6200000|  0%| F|  |TAMS 0x00000006e6100000, 0x00000006e6100000| Untracked 
|  98|0x00000006e6200000, 0x00000006e6200000, 0x00000006e6300000|  0%| F|  |TAMS 0x00000006e6200000, 0x00000006e6200000| Untracked 
|  99|0x00000006e6300000, 0x00000006e6300000, 0x00000006e6400000|  0%| F|  |TAMS 0x00000006e6300000, 0x00000006e6300000| Untracked 
| 100|0x00000006e6400000, 0x00000006e6400000, 0x00000006e6500000|  0%| F|  |TAMS 0x00000006e6400000, 0x00000006e6400000| Untracked 
| 101|0x00000006e6500000, 0x00000006e6500000, 0x00000006e6600000|  0%| F|  |TAMS 0x00000006e6500000, 0x00000006e6500000| Untracked 
| 102|0x00000006e6600000, 0x00000006e6600000, 0x00000006e6700000|  0%| F|  |TAMS 0x00000006e6600000, 0x00000006e6600000| Untracked 
| 103|0x00000006e6700000, 0x00000006e6700000, 0x00000006e6800000|  0%| F|  |TAMS 0x00000006e6700000, 0x00000006e6700000| Untracked 
| 104|0x00000006e6800000, 0x00000006e6800000, 0x00000006e6900000|  0%| F|  |TAMS 0x00000006e6800000, 0x00000006e6800000| Untracked 
| 105|0x00000006e6900000, 0x00000006e6900000, 0x00000006e6a00000|  0%| F|  |TAMS 0x00000006e6900000, 0x00000006e6900000| Untracked 
| 106|0x00000006e6a00000, 0x00000006e6a00000, 0x00000006e6b00000|  0%| F|  |TAMS 0x00000006e6a00000, 0x00000006e6a00000| Untracked 
| 107|0x00000006e6b00000, 0x00000006e6b00000, 0x00000006e6c00000|  0%| F|  |TAMS 0x00000006e6b00000, 0x00000006e6b00000| Untracked 
| 108|0x00000006e6c00000, 0x00000006e6c00000, 0x00000006e6d00000|  0%| F|  |TAMS 0x00000006e6c00000, 0x00000006e6c00000| Untracked 
| 109|0x00000006e6d00000, 0x00000006e6d00000, 0x00000006e6e00000|  0%| F|  |TAMS 0x00000006e6d00000, 0x00000006e6d00000| Untracked 
| 110|0x00000006e6e00000, 0x00000006e6e00000, 0x00000006e6f00000|  0%| F|  |TAMS 0x00000006e6e00000, 0x00000006e6e00000| Untracked 
| 111|0x00000006e6f00000, 0x00000006e6f00000, 0x00000006e7000000|  0%| F|  |TAMS 0x00000006e6f00000, 0x00000006e6f00000| Untracked 
| 112|0x00000006e7000000, 0x00000006e7000000, 0x00000006e7100000|  0%| F|  |TAMS 0x00000006e7000000, 0x00000006e7000000| Untracked 
| 113|0x00000006e7100000, 0x00000006e7100000, 0x00000006e7200000|  0%| F|  |TAMS 0x00000006e7100000, 0x00000006e7100000| Untracked 
| 114|0x00000006e7200000, 0x00000006e7200000, 0x00000006e7300000|  0%| F|  |TAMS 0x00000006e7200000, 0x00000006e7200000| Untracked 
| 115|0x00000006e7300000, 0x00000006e7300000, 0x00000006e7400000|  0%| F|  |TAMS 0x00000006e7300000, 0x00000006e7300000| Untracked 
| 116|0x00000006e7400000, 0x00000006e7400000, 0x00000006e7500000|  0%| F|  |TAMS 0x00000006e7400000, 0x00000006e7400000| Untracked 
| 117|0x00000006e7500000, 0x00000006e7500000, 0x00000006e7600000|  0%| F|  |TAMS 0x00000006e7500000, 0x00000006e7500000| Untracked 
| 118|0x00000006e7600000, 0x00000006e7600000, 0x00000006e7700000|  0%| F|  |TAMS 0x00000006e7600000, 0x00000006e7600000| Untracked 
| 119|0x00000006e7700000, 0x00000006e7700000, 0x00000006e7800000|  0%| F|  |TAMS 0x00000006e7700000, 0x00000006e7700000| Untracked 
| 120|0x00000006e7800000, 0x00000006e7800000, 0x00000006e7900000|  0%| F|  |TAMS 0x00000006e7800000, 0x00000006e7800000| Untracked 
| 121|0x00000006e7900000, 0x00000006e7900000, 0x00000006e7a00000|  0%| F|  |TAMS 0x00000006e7900000, 0x00000006e7900000| Untracked 
| 122|0x00000006e7a00000, 0x00000006e7a00000, 0x00000006e7b00000|  0%| F|  |TAMS 0x00000006e7a00000, 0x00000006e7a00000| Untracked 
| 123|0x00000006e7b00000, 0x00000006e7b00000, 0x00000006e7c00000|  0%| F|  |TAMS 0x00000006e7b00000, 0x00000006e7b00000| Untracked 
| 124|0x00000006e7c00000, 0x00000006e7d00000, 0x00000006e7d00000|100%| S|CS|TAMS 0x00000006e7c00000, 0x00000006e7c00000| Complete 
| 125|0x00000006e7d00000, 0x00000006e7e00000, 0x00000006e7e00000|100%| S|CS|TAMS 0x00000006e7d00000, 0x00000006e7d00000| Complete 
| 126|0x00000006e7e00000, 0x00000006e7f00000, 0x00000006e7f00000|100%| S|CS|TAMS 0x00000006e7e00000, 0x00000006e7e00000| Complete 
| 127|0x00000006e7f00000, 0x00000006e8000000, 0x00000006e8000000|100%| S|CS|TAMS 0x00000006e7f00000, 0x00000006e7f00000| Complete 
| 128|0x00000006e8000000, 0x00000006e8100000, 0x00000006e8100000|100%| S|CS|TAMS 0x00000006e8000000, 0x00000006e8000000| Complete 
| 129|0x00000006e8100000, 0x00000006e8100000, 0x00000006e8200000|  0%| F|  |TAMS 0x00000006e8100000, 0x00000006e8100000| Untracked 
| 130|0x00000006e8200000, 0x00000006e8200000, 0x00000006e8300000|  0%| F|  |TAMS 0x00000006e8200000, 0x00000006e8200000| Untracked 
| 131|0x00000006e8300000, 0x00000006e8300000, 0x00000006e8400000|  0%| F|  |TAMS 0x00000006e8300000, 0x00000006e8300000| Untracked 
| 132|0x00000006e8400000, 0x00000006e8400000, 0x00000006e8500000|  0%| F|  |TAMS 0x00000006e8400000, 0x00000006e8400000| Untracked 
| 133|0x00000006e8500000, 0x00000006e8500000, 0x00000006e8600000|  0%| F|  |TAMS 0x00000006e8500000, 0x00000006e8500000| Untracked 
| 134|0x00000006e8600000, 0x00000006e8600000, 0x00000006e8700000|  0%| F|  |TAMS 0x00000006e8600000, 0x00000006e8600000| Untracked 
| 135|0x00000006e8700000, 0x00000006e8700000, 0x00000006e8800000|  0%| F|  |TAMS 0x00000006e8700000, 0x00000006e8700000| Untracked 
| 136|0x00000006e8800000, 0x00000006e8800000, 0x00000006e8900000|  0%| F|  |TAMS 0x00000006e8800000, 0x00000006e8800000| Untracked 
| 137|0x00000006e8900000, 0x00000006e8900000, 0x00000006e8a00000|  0%| F|  |TAMS 0x00000006e8900000, 0x00000006e8900000| Untracked 
| 138|0x00000006e8a00000, 0x00000006e8a00000, 0x00000006e8b00000|  0%| F|  |TAMS 0x00000006e8a00000, 0x00000006e8a00000| Untracked 
| 139|0x00000006e8b00000, 0x00000006e8b00000, 0x00000006e8c00000|  0%| F|  |TAMS 0x00000006e8b00000, 0x00000006e8b00000| Untracked 
| 140|0x00000006e8c00000, 0x00000006e8c00000, 0x00000006e8d00000|  0%| F|  |TAMS 0x00000006e8c00000, 0x00000006e8c00000| Untracked 
| 141|0x00000006e8d00000, 0x00000006e8d00000, 0x00000006e8e00000|  0%| F|  |TAMS 0x00000006e8d00000, 0x00000006e8d00000| Untracked 
| 142|0x00000006e8e00000, 0x00000006e8e00000, 0x00000006e8f00000|  0%| F|  |TAMS 0x00000006e8e00000, 0x00000006e8e00000| Untracked 
| 143|0x00000006e8f00000, 0x00000006e8f00000, 0x00000006e9000000|  0%| F|  |TAMS 0x00000006e8f00000, 0x00000006e8f00000| Untracked 
| 144|0x00000006e9000000, 0x00000006e9000000, 0x00000006e9100000|  0%| F|  |TAMS 0x00000006e9000000, 0x00000006e9000000| Untracked 
| 145|0x00000006e9100000, 0x00000006e9100000, 0x00000006e9200000|  0%| F|  |TAMS 0x00000006e9100000, 0x00000006e9100000| Untracked 
| 146|0x00000006e9200000, 0x00000006e9200000, 0x00000006e9300000|  0%| F|  |TAMS 0x00000006e9200000, 0x00000006e9200000| Untracked 
| 147|0x00000006e9300000, 0x00000006e9300000, 0x00000006e9400000|  0%| F|  |TAMS 0x00000006e9300000, 0x00000006e9300000| Untracked 
| 148|0x00000006e9400000, 0x00000006e9400000, 0x00000006e9500000|  0%| F|  |TAMS 0x00000006e9400000, 0x00000006e9400000| Untracked 
| 149|0x00000006e9500000, 0x00000006e9500000, 0x00000006e9600000|  0%| F|  |TAMS 0x00000006e9500000, 0x00000006e9500000| Untracked 
| 150|0x00000006e9600000, 0x00000006e9600000, 0x00000006e9700000|  0%| F|  |TAMS 0x00000006e9600000, 0x00000006e9600000| Untracked 
| 151|0x00000006e9700000, 0x00000006e9700000, 0x00000006e9800000|  0%| F|  |TAMS 0x00000006e9700000, 0x00000006e9700000| Untracked 
| 152|0x00000006e9800000, 0x00000006e9800000, 0x00000006e9900000|  0%| F|  |TAMS 0x00000006e9800000, 0x00000006e9800000| Untracked 
| 153|0x00000006e9900000, 0x00000006e9900000, 0x00000006e9a00000|  0%| F|  |TAMS 0x00000006e9900000, 0x00000006e9900000| Untracked 
| 154|0x00000006e9a00000, 0x00000006e9a00000, 0x00000006e9b00000|  0%| F|  |TAMS 0x00000006e9a00000, 0x00000006e9a00000| Untracked 
| 155|0x00000006e9b00000, 0x00000006e9b00000, 0x00000006e9c00000|  0%| F|  |TAMS 0x00000006e9b00000, 0x00000006e9b00000| Untracked 
| 156|0x00000006e9c00000, 0x00000006e9c00000, 0x00000006e9d00000|  0%| F|  |TAMS 0x00000006e9c00000, 0x00000006e9c00000| Untracked 
| 157|0x00000006e9d00000, 0x00000006e9d00000, 0x00000006e9e00000|  0%| F|  |TAMS 0x00000006e9d00000, 0x00000006e9d00000| Untracked 
| 158|0x00000006e9e00000, 0x00000006e9e00000, 0x00000006e9f00000|  0%| F|  |TAMS 0x00000006e9e00000, 0x00000006e9e00000| Untracked 
| 159|0x00000006e9f00000, 0x00000006e9f00000, 0x00000006ea000000|  0%| F|  |TAMS 0x00000006e9f00000, 0x00000006e9f00000| Untracked 
| 160|0x00000006ea000000, 0x00000006ea000000, 0x00000006ea100000|  0%| F|  |TAMS 0x00000006ea000000, 0x00000006ea000000| Untracked 
| 161|0x00000006ea100000, 0x00000006ea100000, 0x00000006ea200000|  0%| F|  |TAMS 0x00000006ea100000, 0x00000006ea100000| Untracked 
| 162|0x00000006ea200000, 0x00000006ea200000, 0x00000006ea300000|  0%| F|  |TAMS 0x00000006ea200000, 0x00000006ea200000| Untracked 
| 163|0x00000006ea300000, 0x00000006ea300000, 0x00000006ea400000|  0%| F|  |TAMS 0x00000006ea300000, 0x00000006ea300000| Untracked 
| 164|0x00000006ea400000, 0x00000006ea400000, 0x00000006ea500000|  0%| F|  |TAMS 0x00000006ea400000, 0x00000006ea400000| Untracked 
| 165|0x00000006ea500000, 0x00000006ea500000, 0x00000006ea600000|  0%| F|  |TAMS 0x00000006ea500000, 0x00000006ea500000| Untracked 
| 166|0x00000006ea600000, 0x00000006ea600000, 0x00000006ea700000|  0%| F|  |TAMS 0x00000006ea600000, 0x00000006ea600000| Untracked 
| 167|0x00000006ea700000, 0x00000006ea700000, 0x00000006ea800000|  0%| F|  |TAMS 0x00000006ea700000, 0x00000006ea700000| Untracked 
| 168|0x00000006ea800000, 0x00000006ea800000, 0x00000006ea900000|  0%| F|  |TAMS 0x00000006ea800000, 0x00000006ea800000| Untracked 
| 169|0x00000006ea900000, 0x00000006ea900000, 0x00000006eaa00000|  0%| F|  |TAMS 0x00000006ea900000, 0x00000006ea900000| Untracked 
| 170|0x00000006eaa00000, 0x00000006eaa00000, 0x00000006eab00000|  0%| F|  |TAMS 0x00000006eaa00000, 0x00000006eaa00000| Untracked 
| 171|0x00000006eab00000, 0x00000006eab00000, 0x00000006eac00000|  0%| F|  |TAMS 0x00000006eab00000, 0x00000006eab00000| Untracked 
| 172|0x00000006eac00000, 0x00000006eac00000, 0x00000006ead00000|  0%| F|  |TAMS 0x00000006eac00000, 0x00000006eac00000| Untracked 
| 173|0x00000006ead00000, 0x00000006ead00000, 0x00000006eae00000|  0%| F|  |TAMS 0x00000006ead00000, 0x00000006ead00000| Untracked 
| 174|0x00000006eae00000, 0x00000006eae00000, 0x00000006eaf00000|  0%| F|  |TAMS 0x00000006eae00000, 0x00000006eae00000| Untracked 
| 175|0x00000006eaf00000, 0x00000006eaf00000, 0x00000006eb000000|  0%| F|  |TAMS 0x00000006eaf00000, 0x00000006eaf00000| Untracked 
| 176|0x00000006eb000000, 0x00000006eb000000, 0x00000006eb100000|  0%| F|  |TAMS 0x00000006eb000000, 0x00000006eb000000| Untracked 
| 177|0x00000006eb100000, 0x00000006eb100000, 0x00000006eb200000|  0%| F|  |TAMS 0x00000006eb100000, 0x00000006eb100000| Untracked 
| 178|0x00000006eb200000, 0x00000006eb200000, 0x00000006eb300000|  0%| F|  |TAMS 0x00000006eb200000, 0x00000006eb200000| Untracked 
| 179|0x00000006eb300000, 0x00000006eb300000, 0x00000006eb400000|  0%| F|  |TAMS 0x00000006eb300000, 0x00000006eb300000| Untracked 
| 180|0x00000006eb400000, 0x00000006eb400000, 0x00000006eb500000|  0%| F|  |TAMS 0x00000006eb400000, 0x00000006eb400000| Untracked 
| 181|0x00000006eb500000, 0x00000006eb500000, 0x00000006eb600000|  0%| F|  |TAMS 0x00000006eb500000, 0x00000006eb500000| Untracked 
| 182|0x00000006eb600000, 0x00000006eb600000, 0x00000006eb700000|  0%| F|  |TAMS 0x00000006eb600000, 0x00000006eb600000| Untracked 
| 183|0x00000006eb700000, 0x00000006eb700000, 0x00000006eb800000|  0%| F|  |TAMS 0x00000006eb700000, 0x00000006eb700000| Untracked 
| 184|0x00000006eb800000, 0x00000006eb800000, 0x00000006eb900000|  0%| F|  |TAMS 0x00000006eb800000, 0x00000006eb800000| Untracked 
| 185|0x00000006eb900000, 0x00000006eb900000, 0x00000006eba00000|  0%| F|  |TAMS 0x00000006eb900000, 0x00000006eb900000| Untracked 
| 186|0x00000006eba00000, 0x00000006eba00000, 0x00000006ebb00000|  0%| F|  |TAMS 0x00000006eba00000, 0x00000006eba00000| Untracked 
| 187|0x00000006ebb00000, 0x00000006ebb00000, 0x00000006ebc00000|  0%| F|  |TAMS 0x00000006ebb00000, 0x00000006ebb00000| Untracked 
| 188|0x00000006ebc00000, 0x00000006ebc00000, 0x00000006ebd00000|  0%| F|  |TAMS 0x00000006ebc00000, 0x00000006ebc00000| Untracked 
| 189|0x00000006ebd00000, 0x00000006ebd00000, 0x00000006ebe00000|  0%| F|  |TAMS 0x00000006ebd00000, 0x00000006ebd00000| Untracked 
| 190|0x00000006ebe00000, 0x00000006ebe00000, 0x00000006ebf00000|  0%| F|  |TAMS 0x00000006ebe00000, 0x00000006ebe00000| Untracked 
| 191|0x00000006ebf00000, 0x00000006ebf00000, 0x00000006ec000000|  0%| F|  |TAMS 0x00000006ebf00000, 0x00000006ebf00000| Untracked 
| 192|0x00000006ec000000, 0x00000006ec000000, 0x00000006ec100000|  0%| F|  |TAMS 0x00000006ec000000, 0x00000006ec000000| Untracked 
| 193|0x00000006ec100000, 0x00000006ec100000, 0x00000006ec200000|  0%| F|  |TAMS 0x00000006ec100000, 0x00000006ec100000| Untracked 
| 194|0x00000006ec200000, 0x00000006ec200000, 0x00000006ec300000|  0%| F|  |TAMS 0x00000006ec200000, 0x00000006ec200000| Untracked 
| 195|0x00000006ec300000, 0x00000006ec300000, 0x00000006ec400000|  0%| F|  |TAMS 0x00000006ec300000, 0x00000006ec300000| Untracked 
| 196|0x00000006ec400000, 0x00000006ec400000, 0x00000006ec500000|  0%| F|  |TAMS 0x00000006ec400000, 0x00000006ec400000| Untracked 
| 197|0x00000006ec500000, 0x00000006ec500000, 0x00000006ec600000|  0%| F|  |TAMS 0x00000006ec500000, 0x00000006ec500000| Untracked 
| 198|0x00000006ec600000, 0x00000006ec600000, 0x00000006ec700000|  0%| F|  |TAMS 0x00000006ec600000, 0x00000006ec600000| Untracked 
| 199|0x00000006ec700000, 0x00000006ec700000, 0x00000006ec800000|  0%| F|  |TAMS 0x00000006ec700000, 0x00000006ec700000| Untracked 
| 200|0x00000006ec800000, 0x00000006ec800000, 0x00000006ec900000|  0%| F|  |TAMS 0x00000006ec800000, 0x00000006ec800000| Untracked 
| 201|0x00000006ec900000, 0x00000006ec900000, 0x00000006eca00000|  0%| F|  |TAMS 0x00000006ec900000, 0x00000006ec900000| Untracked 
| 202|0x00000006eca00000, 0x00000006eca00000, 0x00000006ecb00000|  0%| F|  |TAMS 0x00000006eca00000, 0x00000006eca00000| Untracked 
| 203|0x00000006ecb00000, 0x00000006ecb00000, 0x00000006ecc00000|  0%| F|  |TAMS 0x00000006ecb00000, 0x00000006ecb00000| Untracked 
| 204|0x00000006ecc00000, 0x00000006ecc00000, 0x00000006ecd00000|  0%| F|  |TAMS 0x00000006ecc00000, 0x00000006ecc00000| Untracked 
| 205|0x00000006ecd00000, 0x00000006ecd00000, 0x00000006ece00000|  0%| F|  |TAMS 0x00000006ecd00000, 0x00000006ecd00000| Untracked 
| 206|0x00000006ece00000, 0x00000006ece00000, 0x00000006ecf00000|  0%| F|  |TAMS 0x00000006ece00000, 0x00000006ece00000| Untracked 
| 207|0x00000006ecf00000, 0x00000006ecf00000, 0x00000006ed000000|  0%| F|  |TAMS 0x00000006ecf00000, 0x00000006ecf00000| Untracked 
| 208|0x00000006ed000000, 0x00000006ed000000, 0x00000006ed100000|  0%| F|  |TAMS 0x00000006ed000000, 0x00000006ed000000| Untracked 
| 209|0x00000006ed100000, 0x00000006ed100000, 0x00000006ed200000|  0%| F|  |TAMS 0x00000006ed100000, 0x00000006ed100000| Untracked 
| 210|0x00000006ed200000, 0x00000006ed200000, 0x00000006ed300000|  0%| F|  |TAMS 0x00000006ed200000, 0x00000006ed200000| Untracked 
| 211|0x00000006ed300000, 0x00000006ed300000, 0x00000006ed400000|  0%| F|  |TAMS 0x00000006ed300000, 0x00000006ed300000| Untracked 
| 212|0x00000006ed400000, 0x00000006ed400000, 0x00000006ed500000|  0%| F|  |TAMS 0x00000006ed400000, 0x00000006ed400000| Untracked 
| 213|0x00000006ed500000, 0x00000006ed500000, 0x00000006ed600000|  0%| F|  |TAMS 0x00000006ed500000, 0x00000006ed500000| Untracked 
| 214|0x00000006ed600000, 0x00000006ed600000, 0x00000006ed700000|  0%| F|  |TAMS 0x00000006ed600000, 0x00000006ed600000| Untracked 
| 215|0x00000006ed700000, 0x00000006ed700000, 0x00000006ed800000|  0%| F|  |TAMS 0x00000006ed700000, 0x00000006ed700000| Untracked 
| 216|0x00000006ed800000, 0x00000006ed800000, 0x00000006ed900000|  0%| F|  |TAMS 0x00000006ed800000, 0x00000006ed800000| Untracked 
| 217|0x00000006ed900000, 0x00000006ed900000, 0x00000006eda00000|  0%| F|  |TAMS 0x00000006ed900000, 0x00000006ed900000| Untracked 
| 218|0x00000006eda00000, 0x00000006eda00000, 0x00000006edb00000|  0%| F|  |TAMS 0x00000006eda00000, 0x00000006eda00000| Untracked 
| 219|0x00000006edb00000, 0x00000006edb00000, 0x00000006edc00000|  0%| F|  |TAMS 0x00000006edb00000, 0x00000006edb00000| Untracked 
| 220|0x00000006edc00000, 0x00000006edc00000, 0x00000006edd00000|  0%| F|  |TAMS 0x00000006edc00000, 0x00000006edc00000| Untracked 
| 221|0x00000006edd00000, 0x00000006edd00000, 0x00000006ede00000|  0%| F|  |TAMS 0x00000006edd00000, 0x00000006edd00000| Untracked 
| 222|0x00000006ede00000, 0x00000006ede00000, 0x00000006edf00000|  0%| F|  |TAMS 0x00000006ede00000, 0x00000006ede00000| Untracked 
| 223|0x00000006edf00000, 0x00000006edf00000, 0x00000006ee000000|  0%| F|  |TAMS 0x00000006edf00000, 0x00000006edf00000| Untracked 
| 224|0x00000006ee000000, 0x00000006ee000000, 0x00000006ee100000|  0%| F|  |TAMS 0x00000006ee000000, 0x00000006ee000000| Untracked 
| 225|0x00000006ee100000, 0x00000006ee100000, 0x00000006ee200000|  0%| F|  |TAMS 0x00000006ee100000, 0x00000006ee100000| Untracked 
| 226|0x00000006ee200000, 0x00000006ee200000, 0x00000006ee300000|  0%| F|  |TAMS 0x00000006ee200000, 0x00000006ee200000| Untracked 
| 227|0x00000006ee300000, 0x00000006ee400000, 0x00000006ee400000|100%| E|  |TAMS 0x00000006ee300000, 0x00000006ee300000| Complete 
| 228|0x00000006ee400000, 0x00000006ee500000, 0x00000006ee500000|100%| E|CS|TAMS 0x00000006ee400000, 0x00000006ee400000| Complete 
| 229|0x00000006ee500000, 0x00000006ee600000, 0x00000006ee600000|100%| E|CS|TAMS 0x00000006ee500000, 0x00000006ee500000| Complete 
| 230|0x00000006ee600000, 0x00000006ee700000, 0x00000006ee700000|100%| E|  |TAMS 0x00000006ee600000, 0x00000006ee600000| Complete 
| 231|0x00000006ee700000, 0x00000006ee800000, 0x00000006ee800000|100%| E|CS|TAMS 0x00000006ee700000, 0x00000006ee700000| Complete 
| 232|0x00000006ee800000, 0x00000006ee900000, 0x00000006ee900000|100%| E|CS|TAMS 0x00000006ee800000, 0x00000006ee800000| Complete 
| 233|0x00000006ee900000, 0x00000006eea00000, 0x00000006eea00000|100%| E|CS|TAMS 0x00000006ee900000, 0x00000006ee900000| Complete 
| 234|0x00000006eea00000, 0x00000006eeb00000, 0x00000006eeb00000|100%| E|CS|TAMS 0x00000006eea00000, 0x00000006eea00000| Complete 
| 235|0x00000006eeb00000, 0x00000006eec00000, 0x00000006eec00000|100%| E|CS|TAMS 0x00000006eeb00000, 0x00000006eeb00000| Complete 
| 236|0x00000006eec00000, 0x00000006eed00000, 0x00000006eed00000|100%| E|CS|TAMS 0x00000006eec00000, 0x00000006eec00000| Complete 
| 237|0x00000006eed00000, 0x00000006eee00000, 0x00000006eee00000|100%| E|CS|TAMS 0x00000006eed00000, 0x00000006eed00000| Complete 
| 238|0x00000006eee00000, 0x00000006eef00000, 0x00000006eef00000|100%| E|CS|TAMS 0x00000006eee00000, 0x00000006eee00000| Complete 
| 239|0x00000006eef00000, 0x00000006ef000000, 0x00000006ef000000|100%| E|CS|TAMS 0x00000006eef00000, 0x00000006eef00000| Complete 
| 240|0x00000006ef000000, 0x00000006ef100000, 0x00000006ef100000|100%| E|CS|TAMS 0x00000006ef000000, 0x00000006ef000000| Complete 
| 241|0x00000006ef100000, 0x00000006ef200000, 0x00000006ef200000|100%| E|CS|TAMS 0x00000006ef100000, 0x00000006ef100000| Complete 
| 242|0x00000006ef200000, 0x00000006ef300000, 0x00000006ef300000|100%| E|CS|TAMS 0x00000006ef200000, 0x00000006ef200000| Complete 
| 243|0x00000006ef300000, 0x00000006ef400000, 0x00000006ef400000|100%| E|CS|TAMS 0x00000006ef300000, 0x00000006ef300000| Complete 
| 244|0x00000006ef400000, 0x00000006ef500000, 0x00000006ef500000|100%| E|CS|TAMS 0x00000006ef400000, 0x00000006ef400000| Complete 
| 245|0x00000006ef500000, 0x00000006ef600000, 0x00000006ef600000|100%| E|CS|TAMS 0x00000006ef500000, 0x00000006ef500000| Complete 
| 246|0x00000006ef600000, 0x00000006ef700000, 0x00000006ef700000|100%| E|CS|TAMS 0x00000006ef600000, 0x00000006ef600000| Complete 
| 247|0x00000006ef700000, 0x00000006ef800000, 0x00000006ef800000|100%| E|CS|TAMS 0x00000006ef700000, 0x00000006ef700000| Complete 
| 248|0x00000006ef800000, 0x00000006ef900000, 0x00000006ef900000|100%| E|CS|TAMS 0x00000006ef800000, 0x00000006ef800000| Complete 
| 249|0x00000006ef900000, 0x00000006efa00000, 0x00000006efa00000|100%| E|CS|TAMS 0x00000006ef900000, 0x00000006ef900000| Complete 
| 250|0x00000006efa00000, 0x00000006efb00000, 0x00000006efb00000|100%| E|CS|TAMS 0x00000006efa00000, 0x00000006efa00000| Complete 
| 251|0x00000006efb00000, 0x00000006efc00000, 0x00000006efc00000|100%| E|CS|TAMS 0x00000006efb00000, 0x00000006efb00000| Complete 
| 252|0x00000006efc00000, 0x00000006efd00000, 0x00000006efd00000|100%| E|CS|TAMS 0x00000006efc00000, 0x00000006efc00000| Complete 
| 253|0x00000006efd00000, 0x00000006efe00000, 0x00000006efe00000|100%| E|CS|TAMS 0x00000006efd00000, 0x00000006efd00000| Complete 
| 254|0x00000006efe00000, 0x00000006eff00000, 0x00000006eff00000|100%| E|CS|TAMS 0x00000006efe00000, 0x00000006efe00000| Complete 
| 255|0x00000006eff00000, 0x00000006f0000000, 0x00000006f0000000|100%| E|CS|TAMS 0x00000006eff00000, 0x00000006eff00000| Complete 
| 256|0x00000006f0000000, 0x00000006f0100000, 0x00000006f0100000|100%| E|CS|TAMS 0x00000006f0000000, 0x00000006f0000000| Complete 
| 257|0x00000006f0100000, 0x00000006f0200000, 0x00000006f0200000|100%| E|CS|TAMS 0x00000006f0100000, 0x00000006f0100000| Complete 
| 258|0x00000006f0200000, 0x00000006f0300000, 0x00000006f0300000|100%| E|CS|TAMS 0x00000006f0200000, 0x00000006f0200000| Complete 
| 259|0x00000006f0300000, 0x00000006f0400000, 0x00000006f0400000|100%| E|CS|TAMS 0x00000006f0300000, 0x00000006f0300000| Complete 
| 260|0x00000006f0400000, 0x00000006f0500000, 0x00000006f0500000|100%| E|CS|TAMS 0x00000006f0400000, 0x00000006f0400000| Complete 
| 261|0x00000006f0500000, 0x00000006f0600000, 0x00000006f0600000|100%| E|CS|TAMS 0x00000006f0500000, 0x00000006f0500000| Complete 
| 262|0x00000006f0600000, 0x00000006f0700000, 0x00000006f0700000|100%| E|CS|TAMS 0x00000006f0600000, 0x00000006f0600000| Complete 
| 263|0x00000006f0700000, 0x00000006f0800000, 0x00000006f0800000|100%| E|CS|TAMS 0x00000006f0700000, 0x00000006f0700000| Complete 

Card table byte_map: [0x0000026d1db00000,0x0000026d1e400000] _byte_map_base: 0x0000026d1a400000

Marking Bits (Prev, Next): (CMBitMap*) 0x0000026d0a7c6c08, (CMBitMap*) 0x0000026d0a7c6c40
 Prev Bits: [0x0000026d1ed00000, 0x0000026d23500000)
 Next Bits: [0x0000026d23500000, 0x0000026d27d00000)

Polling page: 0x0000026d085e0000

Metaspace:

Usage:
  Non-class:     77.59 MB capacity,    76.26 MB ( 98%) used,     1.08 MB (  1%) free+waste,   257.94 KB ( <1%) overhead. 
      Class:     12.09 MB capacity,    11.30 MB ( 93%) used,   701.73 KB (  6%) free+waste,   115.13 KB ( <1%) overhead. 
       Both:     89.69 MB capacity,    87.56 MB ( 98%) used,     1.76 MB (  2%) free+waste,   373.06 KB ( <1%) overhead. 

Virtual space:
  Non-class space:       78.00 MB reserved,      77.75 MB (>99%) committed 
      Class space:        1.00 GB reserved,      12.13 MB (  1%) committed 
             Both:        1.08 GB reserved,      89.88 MB (  8%) committed 

Chunk freelists:
   Non-Class:  34.00 KB
       Class:  0 bytes
        Both:  34.00 KB

MaxMetaspaceSize: 17179869184.00 GB
CompressedClassSpaceSize: 1.00 GB
Initial GC threshold: 20.80 MB
Current GC threshold: 108.75 MB
CDS: off

CodeHeap 'non-profiled nmethods': size=120064Kb used=6132Kb max_used=6132Kb free=113931Kb
 bounds [0x0000026d15cc0000, 0x0000026d162c0000, 0x0000026d1d200000]
CodeHeap 'profiled nmethods': size=120000Kb used=24532Kb max_used=24532Kb free=95467Kb
 bounds [0x0000026d0e790000, 0x0000026d0ff90000, 0x0000026d15cc0000]
CodeHeap 'non-nmethods': size=5696Kb used=2383Kb max_used=2432Kb free=3312Kb
 bounds [0x0000026d0e200000, 0x0000026d0e470000, 0x0000026d0e790000]
 total_blobs=11937 nmethods=11045 adapters=801
 compilation: enabled
              stopped_count=0, restarted_count=0
 full_count=0

Compilation events (20 events):
Event: 25.516 Thread 0x0000026d2ab10800 11102       2       org.gradle.internal.execution.steps.ResolveChangesStep$$Lambda$912/0x0000000800bad440::<init> (32 bytes)
Event: 25.517 Thread 0x0000026d2ab10800 nmethod 11102 0x0000026d0ff76a10 code [0x0000026d0ff76bc0, 0x0000026d0ff76eb8]
Event: 25.517 Thread 0x0000026d2ab10800 11103       2       org.gradle.internal.execution.steps.SkipUpToDateStep::execute (76 bytes)
Event: 25.521 Thread 0x0000026d2ab10800 nmethod 11103 0x0000026d0ff76f90 code [0x0000026d0ff77260, 0x0000026d0ff780c8]
Event: 25.521 Thread 0x0000026d2ab10800 11104       2       org.gradle.internal.execution.steps.SkipUpToDateStep$$Lambda$928/0x0000000800bb9840::get$Lambda (9 bytes)
Event: 25.521 Thread 0x0000026d2ab10800 nmethod 11104 0x0000026d0ff78890 code [0x0000026d0ff78a40, 0x0000026d0ff78bd8]
Event: 25.521 Thread 0x0000026d2ab10800 11105       2       org.gradle.internal.execution.history.changes.PreviousSuccessChanges::accept (19 bytes)
Event: 25.522 Thread 0x0000026d2ab10800 nmethod 11105 0x0000026d0ff78c90 code [0x0000026d0ff78e40, 0x0000026d0ff78f88]
Event: 25.522 Thread 0x0000026d2ab10800 11106       2       org.gradle.internal.execution.history.changes.InputValueChanges::accept (103 bytes)
Event: 25.523 Thread 0x0000026d2ab10800 nmethod 11106 0x0000026d0ff79010 code [0x0000026d0ff792e0, 0x0000026d0ff79e18]
Event: 25.523 Thread 0x0000026d2ab10800 11107       2       org.gradle.internal.execution.steps.SkipUpToDateStep$$Lambda$929/0x0000000800bb9c40::get$Lambda (11 bytes)
Event: 25.524 Thread 0x0000026d2ab10800 nmethod 11107 0x0000026d0ff7a310 code [0x0000026d0ff7a4c0, 0x0000026d0ff7a738]
Event: 25.524 Thread 0x0000026d2ab10800 11108       2       org.gradle.internal.execution.steps.SkipUpToDateStep$$Lambda$929/0x0000000800bb9c40::<init> (20 bytes)
Event: 25.524 Thread 0x0000026d2ab10800 nmethod 11108 0x0000026d0ff7a810 code [0x0000026d0ff7a9c0, 0x0000026d0ff7abd8]
Event: 25.524 Thread 0x0000026d2ab10800 11109       2       org.gradle.internal.execution.steps.ResolveChangesStep$2::getChanges (8 bytes)
Event: 25.524 Thread 0x0000026d2ab10800 nmethod 11109 0x0000026d0ff7ac90 code [0x0000026d0ff7ae60, 0x0000026d0ff7b108]
Event: 25.555 Thread 0x0000026d2ab10800 11110       1       org.gradle.internal.logging.events.ProgressCompleteEvent::getTimestamp (5 bytes)
Event: 25.555 Thread 0x0000026d2ab10800 nmethod 11110 0x0000026d162bc190 code [0x0000026d162bc340, 0x0000026d162bc3f8]
Event: 25.555 Thread 0x0000026d2ab10800 11111       1       org.gradle.internal.logging.events.ProgressCompleteEvent::getStatus (5 bytes)
Event: 25.555 Thread 0x0000026d2ab10800 nmethod 11111 0x0000026d162bc490 code [0x0000026d162bc640, 0x0000026d162bc6f8]

GC Heap History (20 events):
Event: 8.429 GC heap before
{Heap before GC invocations=10 (full 0):
 garbage-first heap   total 155648K, used 104577K [0x00000006e0000000, 0x0000000800000000)
  region size 1024K, 84 young (86016K), 7 survivors (7168K)
 Metaspace       used 41516K, capacity 42378K, committed 42624K, reserved 1085440K
  class space    used 5324K, capacity 5658K, committed 5760K, reserved 1048576K
}
Event: 8.453 GC heap after
{Heap after GC invocations=11 (full 0):
 garbage-first heap   total 155648K, used 29143K [0x00000006e0000000, 0x0000000800000000)
  region size 1024K, 11 young (11264K), 11 survivors (11264K)
 Metaspace       used 41516K, capacity 42378K, committed 42624K, reserved 1085440K
  class space    used 5324K, capacity 5658K, committed 5760K, reserved 1048576K
}
Event: 10.022 GC heap before
{Heap before GC invocations=11 (full 0):
 garbage-first heap   total 155648K, used 106967K [0x00000006e0000000, 0x0000000800000000)
  region size 1024K, 86 young (88064K), 11 survivors (11264K)
 Metaspace       used 47708K, capacity 48803K, committed 48896K, reserved 1091584K
  class space    used 6137K, capacity 6563K, committed 6656K, reserved 1048576K
}
Event: 10.049 GC heap after
{Heap after GC invocations=12 (full 0):
 garbage-first heap   total 187392K, used 33128K [0x00000006e0000000, 0x0000000800000000)
  region size 1024K, 10 young (10240K), 10 survivors (10240K)
 Metaspace       used 47708K, capacity 48803K, committed 48896K, reserved 1091584K
  class space    used 6137K, capacity 6563K, committed 6656K, reserved 1048576K
}
Event: 12.748 GC heap before
{Heap before GC invocations=12 (full 0):
 garbage-first heap   total 187392K, used 137576K [0x00000006e0000000, 0x0000000800000000)
  region size 1024K, 104 young (106496K), 10 survivors (10240K)
 Metaspace       used 54873K, capacity 56200K, committed 56448K, reserved 1097728K
  class space    used 6999K, capacity 7500K, committed 7552K, reserved 1048576K
}
Event: 12.776 GC heap after
{Heap after GC invocations=13 (full 0):
 garbage-first heap   total 187392K, used 52980K [0x00000006e0000000, 0x0000000800000000)
  region size 1024K, 13 young (13312K), 13 survivors (13312K)
 Metaspace       used 54873K, capacity 56200K, committed 56448K, reserved 1097728K
  class space    used 6999K, capacity 7500K, committed 7552K, reserved 1048576K
}
Event: 13.373 GC heap before
{Heap before GC invocations=13 (full 0):
 garbage-first heap   total 187392K, used 78580K [0x00000006e0000000, 0x0000000800000000)
  region size 1024K, 39 young (39936K), 13 survivors (13312K)
 Metaspace       used 58760K, capacity 60205K, committed 60288K, reserved 1101824K
  class space    used 7464K, capacity 8000K, committed 8064K, reserved 1048576K
}
Event: 13.399 GC heap after
{Heap after GC invocations=14 (full 0):
 garbage-first heap   total 187392K, used 56282K [0x00000006e0000000, 0x0000000800000000)
  region size 1024K, 2 young (2048K), 2 survivors (2048K)
 Metaspace       used 58760K, capacity 60205K, committed 60288K, reserved 1101824K
  class space    used 7464K, capacity 8000K, committed 8064K, reserved 1048576K
}
Event: 14.816 GC heap before
{Heap before GC invocations=15 (full 0):
 garbage-first heap   total 187392K, used 116698K [0x00000006e0000000, 0x0000000800000000)
  region size 1024K, 62 young (63488K), 2 survivors (2048K)
 Metaspace       used 64802K, capacity 66343K, committed 66432K, reserved 1107968K
  class space    used 8231K, capacity 8802K, committed 8832K, reserved 1048576K
}
Event: 14.832 GC heap after
{Heap after GC invocations=16 (full 0):
 garbage-first heap   total 187392K, used 60181K [0x00000006e0000000, 0x0000000800000000)
  region size 1024K, 6 young (6144K), 6 survivors (6144K)
 Metaspace       used 64802K, capacity 66343K, committed 66432K, reserved 1107968K
  class space    used 8231K, capacity 8802K, committed 8832K, reserved 1048576K
}
Event: 16.086 GC heap before
{Heap before GC invocations=17 (full 0):
 garbage-first heap   total 187392K, used 122645K [0x00000006e0000000, 0x0000000800000000)
  region size 1024K, 67 young (68608K), 6 survivors (6144K)
 Metaspace       used 68165K, capacity 69822K, committed 70016K, reserved 1110016K
  class space    used 8659K, capacity 9290K, committed 9344K, reserved 1048576K
}
Event: 16.108 GC heap after
{Heap after GC invocations=18 (full 0):
 garbage-first heap   total 225280K, used 64937K [0x00000006e0000000, 0x0000000800000000)
  region size 1024K, 5 young (5120K), 5 survivors (5120K)
 Metaspace       used 68165K, capacity 69822K, committed 70016K, reserved 1110016K
  class space    used 8659K, capacity 9290K, committed 9344K, reserved 1048576K
}
Event: 18.209 GC heap before
{Heap before GC invocations=18 (full 0):
 garbage-first heap   total 225280K, used 144809K [0x00000006e0000000, 0x0000000800000000)
  region size 1024K, 83 young (84992K), 5 survivors (5120K)
 Metaspace       used 75813K, capacity 77480K, committed 77568K, reserved 1116160K
  class space    used 9822K, capacity 10481K, committed 10496K, reserved 1048576K
}
Event: 18.231 GC heap after
{Heap after GC invocations=19 (full 0):
 garbage-first heap   total 225280K, used 69522K [0x00000006e0000000, 0x0000000800000000)
  region size 1024K, 10 young (10240K), 10 survivors (10240K)
 Metaspace       used 75813K, capacity 77480K, committed 77568K, reserved 1116160K
  class space    used 9822K, capacity 10481K, committed 10496K, reserved 1048576K
}
Event: 20.630 GC heap before
{Heap before GC invocations=19 (full 0):
 garbage-first heap   total 225280K, used 152466K [0x00000006e0000000, 0x0000000800000000)
  region size 1024K, 91 young (93184K), 10 survivors (10240K)
 Metaspace       used 83624K, capacity 85517K, committed 85632K, reserved 1124352K
  class space    used 10872K, capacity 11594K, committed 11648K, reserved 1048576K
}
Event: 20.661 GC heap after
{Heap after GC invocations=20 (full 0):
 garbage-first heap   total 225280K, used 75011K [0x00000006e0000000, 0x0000000800000000)
  region size 1024K, 11 young (11264K), 11 survivors (11264K)
 Metaspace       used 83624K, capacity 85517K, committed 85632K, reserved 1124352K
  class space    used 10872K, capacity 11594K, committed 11648K, reserved 1048576K
}
Event: 22.875 GC heap before
{Heap before GC invocations=20 (full 0):
 garbage-first heap   total 225280K, used 157955K [0x00000006e0000000, 0x0000000800000000)
  region size 1024K, 93 young (95232K), 11 survivors (11264K)
 Metaspace       used 86684K, capacity 88787K, committed 88960K, reserved 1126400K
  class space    used 11308K, capacity 12116K, committed 12160K, reserved 1048576K
}
Event: 22.914 GC heap after
{Heap after GC invocations=21 (full 0):
 garbage-first heap   total 225280K, used 81886K [0x00000006e0000000, 0x0000000800000000)
  region size 1024K, 12 young (12288K), 12 survivors (12288K)
 Metaspace       used 86684K, capacity 88787K, committed 88960K, reserved 1126400K
  class space    used 11308K, capacity 12116K, committed 12160K, reserved 1048576K
}
Event: 25.036 GC heap before
{Heap before GC invocations=21 (full 0):
 garbage-first heap   total 225280K, used 164830K [0x00000006e0000000, 0x0000000800000000)
  region size 1024K, 94 young (96256K), 12 survivors (12288K)
 Metaspace       used 89287K, capacity 91467K, committed 91776K, reserved 1128448K
  class space    used 11527K, capacity 12332K, committed 12416K, reserved 1048576K
}
Event: 25.072 GC heap after
{Heap after GC invocations=22 (full 0):
 garbage-first heap   total 270336K, used 86913K [0x00000006e0000000, 0x0000000800000000)
  region size 1024K, 5 young (5120K), 5 survivors (5120K)
 Metaspace       used 89287K, capacity 91467K, committed 91776K, reserved 1128448K
  class space    used 11527K, capacity 12332K, committed 12416K, reserved 1048576K
}

Deoptimization events (20 events):
Event: 25.302 Thread 0x0000026d2bff4000 DEOPT PACKING pc=0x0000026d162ae654 sp=0x00000096359f9410
Event: 25.303 Thread 0x0000026d2bff4000 DEOPT UNPACKING pc=0x0000026d0e24a1af sp=0x00000096359f93b8 mode 2
Event: 25.354 Thread 0x0000026d303ba000 Uncommon trap: trap_request=0xffffff4d fr.pc=0x0000026d15f73d9c relative=0x000000000000135c
Event: 25.355 Thread 0x0000026d303ba000 Uncommon trap: reason=unstable_if action=reinterpret pc=0x0000026d15f73d9c method=java.io.BufferedReader.readLine(Z)Ljava/lang/String; @ 192 c2
Event: 25.355 Thread 0x0000026d303ba000 DEOPT PACKING pc=0x0000026d15f73d9c sp=0x0000009639efd8f0
Event: 25.355 Thread 0x0000026d303ba000 DEOPT UNPACKING pc=0x0000026d0e24a1af sp=0x0000009639efd8c8 mode 2
Event: 25.371 Thread 0x0000026d303ba000 DEOPT PACKING pc=0x0000026d0ff564fb sp=0x0000009639efd8d0
Event: 25.371 Thread 0x0000026d303ba000 DEOPT UNPACKING pc=0x0000026d0e24a95e sp=0x0000009639efce10 mode 0
Event: 25.549 Thread 0x0000026d303ba000 Uncommon trap: trap_request=0xffffffde fr.pc=0x0000026d16236688 relative=0x0000000000000828
Event: 25.549 Thread 0x0000026d303ba000 Uncommon trap: reason=class_check action=maybe_recompile pc=0x0000026d16236688 method=org.gradle.tooling.internal.provider.runner.ClientBuildEventGenerator.finished(Lorg/gradle/internal/operations/BuildOperationDescriptor;Lorg/gradle/internal/operations/O
Event: 25.549 Thread 0x0000026d303ba000 DEOPT PACKING pc=0x0000026d16236688 sp=0x0000009639efe030
Event: 25.549 Thread 0x0000026d303ba000 DEOPT UNPACKING pc=0x0000026d0e24a1af sp=0x0000009639efdf80 mode 2
Event: 25.549 Thread 0x0000026d303ba000 Uncommon trap: trap_request=0xffffffde fr.pc=0x0000026d16236688 relative=0x0000000000000828
Event: 25.549 Thread 0x0000026d303ba000 Uncommon trap: reason=class_check action=maybe_recompile pc=0x0000026d16236688 method=org.gradle.tooling.internal.provider.runner.ClientBuildEventGenerator.finished(Lorg/gradle/internal/operations/BuildOperationDescriptor;Lorg/gradle/internal/operations/O
Event: 25.549 Thread 0x0000026d303ba000 DEOPT PACKING pc=0x0000026d16236688 sp=0x0000009639efe030
Event: 25.549 Thread 0x0000026d303ba000 DEOPT UNPACKING pc=0x0000026d0e24a1af sp=0x0000009639efdf80 mode 2
Event: 25.550 Thread 0x0000026d2bff4000 Uncommon trap: trap_request=0xffffffc6 fr.pc=0x0000026d15e9c004 relative=0x0000000000000924
Event: 25.550 Thread 0x0000026d2bff4000 Uncommon trap: reason=bimorphic_or_optimized_type_check action=maybe_recompile pc=0x0000026d15e9c004 method=java.lang.Throwable.<init>(Ljava/lang/String;Ljava/lang/Throwable;)V @ 24 c2
Event: 25.550 Thread 0x0000026d2bff4000 DEOPT PACKING pc=0x0000026d15e9c004 sp=0x00000096359f8140
Event: 25.550 Thread 0x0000026d2bff4000 DEOPT UNPACKING pc=0x0000026d0e24a1af sp=0x00000096359f8120 mode 2

Classes redefined (0 events):
No events

Internal exceptions (20 events):
Event: 21.065 Thread 0x0000026d2dae5000 Exception <a 'java/lang/NoSuchMethodError'{0x00000006ecc3d5d0}: <clinit>> (0x00000006ecc3d5d0) thrown at [./src/hotspot/share/prims/jni.cpp, line 1365]
Event: 21.065 Thread 0x0000026d3135b000 Exception <a 'java/lang/NoSuchMethodError'{0x00000006ecc052e0}: 'void java.lang.invoke.DirectMethodHandle$Holder.invokeStatic(java.lang.Object, java.lang.Object, java.lang.Object, int)'> (0x00000006ecc052e0) thrown at [./src/hotspot/share/interpreter/linkResolver.cpp, line 773]
Event: 21.144 Thread 0x0000026d3135b000 Implicit null exception at 0x0000026d15f5a077 to 0x0000026d15f5a218
Event: 21.159 Thread 0x0000026d3135b000 Exception <a 'java/lang/IncompatibleClassChangeError'{0x00000006eca36ed8}: Found class java.lang.Object, but interface was expected> (0x00000006eca36ed8) thrown at [./src/hotspot/share/interpreter/linkResolver.cpp, line 839]
Event: 21.223 Thread 0x0000026d3135b000 Exception <a 'java/lang/NoSuchMethodError'{0x00000006ec8c64f8}: 'int java.lang.invoke.DirectMethodHandle$Holder.invokeStaticInit(java.lang.Object, java.lang.Object, java.lang.Object, java.lang.Object, java.lang.Object)'> (0x00000006ec8c64f8) thrown at [./src/hotspot/share/interpreter/linkResolver.cpp, line 773]
Event: 21.606 Thread 0x0000026d3135b000 Exception <a 'java/lang/NoSuchMethodError'{0x00000006ebec1b68}: 'void java.lang.invoke.DirectMethodHandle$Holder.invokeStatic(java.lang.Object, java.lang.Object, java.lang.Object, java.lang.Object, int, java.lang.Object, java.lang.Object)'> (0x00000006ebec1b68) thrown at [./src/hotspot/share/interpreter/linkResolver.cpp, line 773]
Event: 21.648 Thread 0x0000026d31353000 Exception <a 'java/lang/NoSuchMethodError'{0x00000006ebc6ae98}: 'java.lang.Object java.lang.invoke.DirectMethodHandle$Holder.invokeSpecialIFC(java.lang.Object, java.lang.Object, java.lang.Object)'> (0x00000006ebc6ae98) thrown at [./src/hotspot/share/interpreter/linkResolver.cpp, line 773]
Event: 21.648 Thread 0x0000026d3135b000 Exception <a 'java/lang/NoSuchMethodError'{0x00000006ebdea7e0}: 'java.lang.Object java.lang.invoke.DirectMethodHandle$Holder.invokeSpecialIFC(java.lang.Object, java.lang.Object, java.lang.Object)'> (0x00000006ebdea7e0) thrown at [./src/hotspot/share/interpreter/linkResolver.cpp, line 773]
Event: 21.771 Thread 0x0000026d31358800 Exception <a 'java/lang/NoSuchMethodError'{0x00000006eb57e888}: 'void java.lang.invoke.DirectMethodHandle$Holder.invokeVirtual(java.lang.Object, java.lang.Object)'> (0x00000006eb57e888) thrown at [./src/hotspot/share/interpreter/linkResolver.cpp, line 773]
Event: 22.971 Thread 0x0000026d3135b000 Exception <a 'java/lang/NoSuchMethodError'{0x00000006ed83ee28}: <clinit>> (0x00000006ed83ee28) thrown at [./src/hotspot/share/prims/jni.cpp, line 1365]
Event: 23.165 Thread 0x0000026d2dae5000 Exception <a 'java/lang/NoSuchMethodError'{0x00000006ecd09390}: <clinit>> (0x00000006ecd09390) thrown at [./src/hotspot/share/prims/jni.cpp, line 1365]
Event: 23.169 Thread 0x0000026d2dae5000 Exception <a 'java/lang/NoSuchMethodError'{0x00000006ecdbf268}: <clinit>> (0x00000006ecdbf268) thrown at [./src/hotspot/share/prims/jni.cpp, line 1365]
Event: 23.175 Thread 0x0000026d2dae5000 Exception <a 'java/lang/NoSuchMethodError'{0x00000006ecdd05a0}: <clinit>> (0x00000006ecdd05a0) thrown at [./src/hotspot/share/prims/jni.cpp, line 1365]
Event: 23.952 Thread 0x0000026d31359800 Exception <a 'sun/nio/fs/WindowsException'{0x00000006eb30ad28}> (0x00000006eb30ad28) thrown at [./src/hotspot/share/prims/jni.cpp, line 615]
Event: 23.952 Thread 0x0000026d31359800 Exception <a 'sun/nio/fs/WindowsException'{0x00000006eb30bc28}> (0x00000006eb30bc28) thrown at [./src/hotspot/share/prims/jni.cpp, line 615]
Event: 23.952 Thread 0x0000026d31359800 Exception <a 'sun/nio/fs/WindowsException'{0x00000006eb30bf50}> (0x00000006eb30bf50) thrown at [./src/hotspot/share/prims/jni.cpp, line 615]
Event: 23.953 Thread 0x0000026d31359800 Exception <a 'sun/nio/fs/WindowsException'{0x00000006eb30cdf8}> (0x00000006eb30cdf8) thrown at [./src/hotspot/share/prims/jni.cpp, line 615]
Event: 23.953 Thread 0x0000026d31359800 Exception <a 'sun/nio/fs/WindowsException'{0x00000006eb30d100}> (0x00000006eb30d100) thrown at [./src/hotspot/share/prims/jni.cpp, line 615]
Event: 23.953 Thread 0x0000026d31359800 Exception <a 'sun/nio/fs/WindowsException'{0x00000006eb30df98}> (0x00000006eb30df98) thrown at [./src/hotspot/share/prims/jni.cpp, line 615]
Event: 24.390 Thread 0x0000026d31359800 Exception <a 'java/lang/reflect/InvocationTargetException'{0x00000006ea5e9ce8}> (0x00000006ea5e9ce8) thrown at [./src/hotspot/share/runtime/reflection.cpp, line 1247]

Events (20 events):
Event: 25.324 loading class com/android/build/gradle/internal/tasks/CheckDuplicatesParams done
Event: 25.335 Thread 0x0000026d303bb800 Thread added: 0x0000026d303bb800
Event: 25.340 loading class com/android/build/gradle/internal/tasks/CheckDuplicateClassesDelegate
Event: 25.340 loading class com/android/build/gradle/internal/tasks/CheckDuplicateClassesDelegate done
Event: 25.346 loading class kotlin/io/FilesKt__FileReadWriteKt$readLines$1
Event: 25.346 loading class kotlin/io/FilesKt__FileReadWriteKt$readLines$1 done
Event: 25.347 loading class kotlin/io/LinesSequence
Event: 25.347 loading class kotlin/io/LinesSequence done
Event: 25.348 loading class kotlin/sequences/ConstrainedOnceSequence
Event: 25.348 loading class kotlin/sequences/ConstrainedOnceSequence done
Event: 25.349 loading class kotlin/io/LinesSequence$iterator$1
Event: 25.349 loading class kotlin/io/LinesSequence$iterator$1 done
Event: 25.354 Executing VM operation: RevokeBias
Event: 25.355 Executing VM operation: RevokeBias done
Event: 25.368 Executing VM operation: RevokeBias
Event: 25.369 Executing VM operation: RevokeBias done
Event: 25.547 loading class com/android/build/gradle/internal/tasks/CheckDuplicateClassesDelegateKt
Event: 25.547 loading class com/android/build/gradle/internal/tasks/CheckDuplicateClassesDelegateKt done
Event: 25.554 Executing VM operation: RevokeBias
Event: 25.555 Executing VM operation: RevokeBias done


Dynamic libraries:
0x00007ff7b55c0000 - 0x00007ff7b55ca000 	C:\Program Files\Android\Android Studio\jre\bin\java.exe
0x00007fffe5470000 - 0x00007fffe5668000 	C:\Windows\SYSTEM32\ntdll.dll
0x00007fffe5060000 - 0x00007fffe511f000 	C:\Windows\System32\KERNEL32.DLL
0x00007fffe31d0000 - 0x00007fffe34a2000 	C:\Windows\System32\KERNELBASE.dll
0x00007fffe2cd0000 - 0x00007fffe2dd0000 	C:\Windows\System32\ucrtbase.dll
0x00007fffd0e00000 - 0x00007fffd0e17000 	C:\Program Files\Android\Android Studio\jre\bin\VCRUNTIME140.dll
0x00007fffd4880000 - 0x00007fffd4899000 	C:\Program Files\Android\Android Studio\jre\bin\jli.dll
0x00007fffe3c20000 - 0x00007fffe3dc1000 	C:\Windows\System32\USER32.dll
0x00007fffe2b90000 - 0x00007fffe2bb2000 	C:\Windows\System32\win32u.dll
0x00007fffe4c50000 - 0x00007fffe4c7b000 	C:\Windows\System32\GDI32.dll
0x00007fffe2bc0000 - 0x00007fffe2ccf000 	C:\Windows\System32\gdi32full.dll
0x00007fffe2f60000 - 0x00007fffe2ffd000 	C:\Windows\System32\msvcp_win.dll
0x00007fffd72c0000 - 0x00007fffd755a000 	C:\Windows\WinSxS\amd64_microsoft.windows.common-controls_6595b64144ccf1df_6.0.19041.1110_none_60b5254171f9507e\COMCTL32.dll
0x00007fffe4c80000 - 0x00007fffe4d1e000 	C:\Windows\System32\msvcrt.dll
0x00007fffe5260000 - 0x00007fffe5292000 	C:\Windows\System32\IMM32.DLL
0x00007fffe2580000 - 0x00007fffe25b6000 	C:\Windows\system32\DriverStore\FileRepository\nvaci.inf_amd64_944bfe06c9417196\nvinitx.dll
0x00007fffe4630000 - 0x00007fffe46de000 	C:\Windows\System32\ADVAPI32.dll
0x00007fffe4fc0000 - 0x00007fffe505c000 	C:\Windows\System32\sechost.dll
0x00007fffe4b20000 - 0x00007fffe4c45000 	C:\Windows\System32\RPCRT4.dll
0x00007fffe2530000 - 0x00007fffe253a000 	C:\Windows\SYSTEM32\VERSION.dll
0x00007fffe3ee0000 - 0x00007fffe4624000 	C:\Windows\System32\Shell32.dll
0x00007fffe0bd0000 - 0x00007fffe1362000 	C:\Windows\SYSTEM32\windows.storage.dll
0x00007fffe47c0000 - 0x00007fffe4b15000 	C:\Windows\System32\combase.dll
0x00007fffe2500000 - 0x00007fffe2530000 	C:\Windows\SYSTEM32\Wldp.dll
0x00007fffe3dd0000 - 0x00007fffe3e7d000 	C:\Windows\System32\SHCORE.dll
0x00007fffe3610000 - 0x00007fffe3665000 	C:\Windows\System32\shlwapi.dll
0x000000006f160000 - 0x000000006f166000 	C:\Program Files\NVIDIA Corporation\CoProcManager\_etoured.dll
0x00007fffd46f0000 - 0x00007fffd4733000 	C:\Program Files\NVIDIA Corporation\CoProcManager\nvd3d9wrapx.dll
0x00007fffe37a0000 - 0x00007fffe3c08000 	C:\Windows\System32\SETUPAPI.dll
0x00007fffe2f10000 - 0x00007fffe2f5e000 	C:\Windows\System32\cfgmgr32.dll
0x00007fffe2b60000 - 0x00007fffe2b87000 	C:\Windows\System32\bcrypt.dll
0x00007fffd86f0000 - 0x00007fffd871d000 	C:\Program Files\NVIDIA Corporation\CoProcManager\nvdxgiwrapx.dll
0x00007fffc7170000 - 0x00007fffc720d000 	C:\Program Files\Android\Android Studio\jre\bin\msvcp140.dll
0x00007fff85760000 - 0x00007fff86245000 	C:\Program Files\Android\Android Studio\jre\bin\server\jvm.dll
0x00007fffe4d20000 - 0x00007fffe4d28000 	C:\Windows\System32\PSAPI.DLL
0x00007fffdc240000 - 0x00007fffdc249000 	C:\Windows\SYSTEM32\WSOCK32.dll
0x00007fffe34b0000 - 0x00007fffe351b000 	C:\Windows\System32\WS2_32.dll
0x00007fffde7a0000 - 0x00007fffde7c7000 	C:\Windows\SYSTEM32\WINMM.dll
0x00007fffe09d0000 - 0x00007fffe09e2000 	C:\Windows\SYSTEM32\kernel.appcore.dll
0x00007fffd2680000 - 0x00007fffd2691000 	C:\Program Files\Android\Android Studio\jre\bin\verify.dll
0x00007fffd08a0000 - 0x00007fffd0a84000 	C:\Windows\SYSTEM32\DBGHELP.DLL
0x00007fffd0860000 - 0x00007fffd0895000 	C:\Windows\SYSTEM32\dbgcore.DLL
0x00007fffe2e80000 - 0x00007fffe2f02000 	C:\Windows\System32\bcryptPrimitives.dll
0x00007fffd2570000 - 0x00007fffd2599000 	C:\Program Files\Android\Android Studio\jre\bin\java.dll
0x00007fffdc150000 - 0x00007fffdc15b000 	C:\Program Files\Android\Android Studio\jre\bin\jimage.dll
0x00007fffd2550000 - 0x00007fffd2568000 	C:\Program Files\Android\Android Studio\jre\bin\zip.dll
0x00007fffe2aa0000 - 0x00007fffe2abf000 	C:\Windows\SYSTEM32\profapi.dll
0x00007fffd0b70000 - 0x00007fffd0b8a000 	C:\Program Files\Android\Android Studio\jre\bin\net.dll
0x00007fffd9210000 - 0x00007fffd931c000 	C:\Windows\SYSTEM32\WINHTTP.dll
0x00007fffe21f0000 - 0x00007fffe225a000 	C:\Windows\system32\mswsock.dll
0x00007fffce750000 - 0x00007fffce764000 	C:\Program Files\Android\Android Studio\jre\bin\nio.dll
0x00007fffcc310000 - 0x00007fffcc337000 	C:\Users\Anton\.gradle\native\e1d6ef7f7dcc3fd88c89a11ec53ec762bb8ba0a96d01ffa2cd45eb1d1d8dd5c5\windows-amd64\native-platform.dll
0x00007fffc6630000 - 0x00007fffc6774000 	C:\Users\Anton\.gradle\native\5664cfc778a61ccfe75a443a1ab52a65af34e5dc3c78e0209fed803814484fcb\windows-amd64\native-platform-file-events.dll
0x00007fffd9110000 - 0x00007fffd911a000 	C:\Program Files\Android\Android Studio\jre\bin\management.dll
0x00007fffd9060000 - 0x00007fffd906d000 	C:\Program Files\Android\Android Studio\jre\bin\management_ext.dll
0x00007fffe2450000 - 0x00007fffe2468000 	C:\Windows\SYSTEM32\CRYPTSP.dll
0x00007fffe1b10000 - 0x00007fffe1b44000 	C:\Windows\system32\rsaenh.dll
0x00007fffe2a20000 - 0x00007fffe2a4e000 	C:\Windows\SYSTEM32\USERENV.dll
0x00007fffe2470000 - 0x00007fffe247c000 	C:\Windows\SYSTEM32\CRYPTBASE.dll
0x00007fffe1ee0000 - 0x00007fffe1f1b000 	C:\Windows\SYSTEM32\IPHLPAPI.DLL
0x00007fffe5350000 - 0x00007fffe5358000 	C:\Windows\System32\NSI.dll
0x00007fffdb0f0000 - 0x00007fffdb107000 	C:\Windows\SYSTEM32\dhcpcsvc6.DLL
0x00007fffdb5b0000 - 0x00007fffdb5cd000 	C:\Windows\SYSTEM32\dhcpcsvc.DLL
0x00007fffe1f20000 - 0x00007fffe1fea000 	C:\Windows\SYSTEM32\DNSAPI.dll

dbghelp: loaded successfully - version: 4.0.5 - missing functions: none
symbol engine: initialized successfully - sym options: 0x614 - pdb path: .;C:\Program Files\Android\Android Studio\jre\bin;C:\Windows\SYSTEM32;C:\Windows\WinSxS\amd64_microsoft.windows.common-controls_6595b64144ccf1df_6.0.19041.1110_none_60b5254171f9507e;C:\Windows\system32\DriverStore\FileRepository\nvaci.inf_amd64_944bfe06c9417196;C:\Program Files\NVIDIA Corporation\CoProcManager;C:\Program Files\Android\Android Studio\jre\bin\server;C:\Users\Anton\.gradle\native\e1d6ef7f7dcc3fd88c89a11ec53ec762bb8ba0a96d01ffa2cd45eb1d1d8dd5c5\windows-amd64;C:\Users\Anton\.gradle\native\5664cfc778a61ccfe75a443a1ab52a65af34e5dc3c78e0209fed803814484fcb\windows-amd64

VM Arguments:
jvm_args: --add-opens=java.base/java.util=ALL-UNNAMED --add-opens=java.base/java.lang=ALL-UNNAMED --add-opens=java.base/java.lang.invoke=ALL-UNNAMED --add-opens=java.base/java.util=ALL-UNNAMED --add-opens=java.prefs/java.util.prefs=ALL-UNNAMED --add-opens=java.prefs/java.util.prefs=ALL-UNNAMED --add-opens=java.base/java.nio.charset=ALL-UNNAMED --add-opens=java.base/java.net=ALL-UNNAMED --add-opens=java.base/java.util.concurrent.atomic=ALL-UNNAMED -Xmx4608m -Dfile.encoding=UTF-8 -Duser.country=RU -Duser.language=ru -Duser.variant 
java_command: org.gradle.launcher.daemon.bootstrap.GradleDaemon 7.3.3
java_class_path (initial): C:\Users\Anton\.gradle\wrapper\dists\gradle-7.3.3-bin\6a41zxkdtcxs8rphpq6y0069z\gradle-7.3.3\lib\gradle-launcher-7.3.3.jar
Launcher Type: SUN_STANDARD

[Global flags]
     intx CICompilerCount                          = 3                                         {product} {ergonomic}
     uint ConcGCThreads                            = 1                                         {product} {ergonomic}
     uint G1ConcRefinementThreads                  = 4                                         {product} {ergonomic}
   size_t G1HeapRegionSize                         = 1048576                                   {product} {ergonomic}
    uintx GCDrainStackTargetSize                   = 64                                        {product} {ergonomic}
   size_t InitialHeapSize                          = 132120576                                 {product} {ergonomic}
   size_t MarkStackSize                            = 4194304                                   {product} {ergonomic}
   size_t MaxHeapSize                              = 4831838208                                {product} {command line}
   size_t MaxNewSize                               = 2898264064                                {product} {ergonomic}
   size_t MinHeapDeltaBytes                        = 1048576                                   {product} {ergonomic}
    uintx NonNMethodCodeHeapSize                   = 5830732                                {pd product} {ergonomic}
    uintx NonProfiledCodeHeapSize                  = 122913754                              {pd product} {ergonomic}
    uintx ProfiledCodeHeapSize                     = 122913754                              {pd product} {ergonomic}
    uintx ReservedCodeCacheSize                    = 251658240                              {pd product} {ergonomic}
     bool SegmentedCodeCache                       = true                                      {product} {ergonomic}
     bool UseCompressedClassPointers               = true                                 {lp64_product} {ergonomic}
     bool UseCompressedOops                        = true                                 {lp64_product} {ergonomic}
     bool UseG1GC                                  = true                                      {product} {ergonomic}
     bool UseLargePagesIndividualAllocation        = false                                  {pd product} {ergonomic}

Logging:
Log output configuration:
 #0: stdout all=warning uptime,level,tags
 #1: stderr all=off uptime,level,tags

Environment Variables:
PATH=C:\Program Files (x86)\Common Files\Intel\Shared Libraries\redist\intel64\compiler;C:\Program Files\Common Files\Oracle\Java\javapath;C:\Windows\system32;C:\Windows;C:\Windows\System32\Wbem;C:\Windows\System32\WindowsPowerShell\v1.0\;C:\Windows\System32\OpenSSH\;C:\Program Files (x86)\NVIDIA Corporation\PhysX\Common;C:\Program Files\Git\cmd;C:\Users\Anton\AppData\Local\Microsoft\WindowsApps;C:\Users\Anton\AppData\Local\GitHubDesktop\bin
USERNAME=Anton
OS=Windows_NT
PROCESSOR_IDENTIFIER=Intel64 Family 6 Model 42 Stepping 7, GenuineIntel



---------------  S Y S T E M  ---------------

OS: Windows 10 , 64 bit Build 19041 (10.0.19041.2364)
OS uptime: 4 days 22:48 hours

CPU:total 4 (initial active 4) (2 cores per cpu, 2 threads per core) family 6 model 42 stepping 7 microcode 0x2f, cmov, cx8, fxsr, mmx, sse, sse2, sse3, ssse3, sse4.1, sse4.2, popcnt, avx, aes, clmul, ht, tsc, tscinvbit

Memory: 4k page, system-wide physical 8043M (1058M free)
TotalPageFile size 11543M (AvailPageFile size 2644M)
current process WorkingSet (physical memory assigned to process): 518M, peak: 518M
current process commit charge ("private bytes"): 558M, peak: 569M

vm_info: OpenJDK 64-Bit Server VM (11.0.12+7-b1504.28-7817840) for windows-amd64 JRE (11.0.12+7-b1504.28-7817840), built on Oct 13 2021 22:12:33 by "builder" with MS VC++ 14.0 (VS2015)

END.
