#
# A fatal error has been detected by the Java Runtime Environment:
#
#  EXCEPTION_ACCESS_VIOLATION (0xc0000005) at pc=0x00007fff85a42269, pid=12548, tid=6372
#
# JRE version: OpenJDK Runtime Environment (11.0.12+7) (build 11.0.12+7-b1504.28-7817840)
# Java VM: OpenJDK 64-Bit Server VM (11.0.12+7-b1504.28-7817840, mixed mode, tiered, compressed oops, g1 gc, windows-amd64)
# Problematic frame:
# V  [jvm.dll+0x2e2269]
#
# No core dump will be written. Minidumps are not enabled by default on client versions of Windows
#
# If you would like to submit a bug report, please visit:
#   https://bugreport.java.com/bugreport/crash.jsp
#

---------------  S U M M A R Y ------------

Command Line: --add-opens=java.base/java.util=ALL-UNNAMED --add-opens=java.base/java.lang=ALL-UNNAMED --add-opens=java.base/java.lang.invoke=ALL-UNNAMED --add-opens=java.base/java.util=ALL-UNNAMED --add-opens=java.prefs/java.util.prefs=ALL-UNNAMED --add-opens=java.prefs/java.util.prefs=ALL-UNNAMED --add-opens=java.base/java.nio.charset=ALL-UNNAMED --add-opens=java.base/java.net=ALL-UNNAMED --add-opens=java.base/java.util.concurrent.atomic=ALL-UNNAMED -Xmx4608m -Dfile.encoding=UTF-8 -Duser.country=RU -Duser.language=ru -Duser.variant org.gradle.launcher.daemon.bootstrap.GradleDaemon 7.3.3

Host: Intel(R) Core(TM) i5-2430M CPU @ 2.40GHz, 4 cores, 7G,  Windows 10 , 64 bit Build 19041 (10.0.19041.2364)
Time: Wed Dec 28 22:57:10 2022 Центральная Европа (зима) elapsed time: 28.157773 seconds (0d 0h 0m 28s)

---------------  T H R E A D  ---------------

Current thread (0x00000219be733800):  ConcurrentGCThread "G1 Conc#0" [stack: 0x000000ab06300000,0x000000ab06400000] [id=6372]

Stack: [0x000000ab06300000,0x000000ab06400000],  sp=0x000000ab063ff940,  free space=1022k
Native frames: (J=compiled Java code, j=interpreted, Vv=VM code, C=native code)
V  [jvm.dll+0x2e2269]
V  [jvm.dll+0x2e716b]
V  [jvm.dll+0x2ed721]
V  [jvm.dll+0x2eeabf]
V  [jvm.dll+0x757cd0]
V  [jvm.dll+0x6f26a5]
V  [jvm.dll+0x5fabf6]
C  [ucrtbase.dll+0x21bb2]
C  [KERNEL32.DLL+0x17614]
C  [ntdll.dll+0x526a1]


siginfo: EXCEPTION_ACCESS_VIOLATION (0xc0000005), reading address 0x0000000000000160


Register to memory mapping:

RIP=0x00007fff85a42269 jvm.dll
RAX=0x0000000000005dd5 is an unknown value
RBX=0x00000005dd5eada0 is an unknown value
RCX=0x00000219a11eb1d0 points into unknown readable memory: 0x00000219be732800 | 00 28 73 be 19 02 00 00
RDX=0x0 is NULL
RSP=0x000000ab063ff940 points into unknown readable memory: 0x00000006e07c1ea8 | a8 1e 7c e0 06 00 00 00
RBP=0x00000219a11eb1d0 points into unknown readable memory: 0x00000219be732800 | 00 28 73 be 19 02 00 00
RSI=0x0000000800009648 is pointing into metadata
RDI=0x00000006ea71b4b8 is an oop: [Ljava.lang.Class; 
{0x00000006ea71b4b8} - klass: 'java/lang/Class'[]
 - length: 8
R8 =0x0 is NULL
R9 =0x00000005dd5eada0 is an unknown value
R10=0x00000219a11eb1d0 points into unknown readable memory: 0x00000219be732800 | 00 28 73 be 19 02 00 00
R11=0x000000ab063ffa28 points into unknown readable memory: 0x00007fff85a4eabf | bf ea a4 85 ff 7f 00 00
R12=0x0 is NULL
R13=0x0 is NULL
R14=0x0 is NULL
R15=0x00000006ea71b460 is an oop: java.lang.reflect.Method 
{0x00000006ea71b460} - klass: 'java/lang/reflect/Method'


Registers:
RAX=0x0000000000005dd5, RBX=0x00000005dd5eada0, RCX=0x00000219a11eb1d0, RDX=0x0000000000000000
RSP=0x000000ab063ff940, RBP=0x00000219a11eb1d0, RSI=0x0000000800009648, RDI=0x00000006ea71b4b8
R8 =0x0000000000000000, R9 =0x00000005dd5eada0, R10=0x00000219a11eb1d0, R11=0x000000ab063ffa28
R12=0x0000000000000000, R13=0x0000000000000000, R14=0x0000000000000000, R15=0x00000006ea71b460
RIP=0x00007fff85a42269, EFLAGS=0x0000000000010202

Top of Stack: (sp=0x000000ab063ff940)
0x000000ab063ff940:   00000006e07c1ea8 0000000800009648
0x000000ab063ff950:   00000006e07c1ea8 000000ab063ff9e0
0x000000ab063ff960:   0000000800009650 00007fff85a4716b
0x000000ab063ff970:   0000000800009648 00000006ea71b460
0x000000ab063ff980:   00000006ea71b494 000000ab063ff9e0
0x000000ab063ff990:   0000000000000000 0000000800014ae0
0x000000ab063ff9a0:   000000000000000c 00007fff861072f0
0x000000ab063ff9b0:   000000000000000b 00007fff85a4d721
0x000000ab063ff9c0:   0000000000000000 00000008000091a8
0x000000ab063ff9d0:   00000006ea800000 00000006ea71b460
0x000000ab063ff9e0:   00007fff85f902b8 0000000000000000
0x000000ab063ff9f0:   00000219a1188e40 00000219a11eb1d0
0x000000ab063ffa00:   0000000000000000 0000000000000000
0x000000ab063ffa10:   0000000000000000 000000ab062ff370
0x000000ab063ffa20:   0000000000000000 00007fff85a4eabf
0x000000ab063ffa30:   00000219a11eb278 00000219a117c570 

Instructions: (pc=0x00007fff85a42269)
0x00007fff85a42169:   00 00 00 00 48 8b fa 4c 8b ca 49 8b 42 08 8b 53
0x00007fff85a42179:   10 8b 88 c0 02 00 00 48 8b 80 b0 02 00 00 49 d3
0x00007fff85a42189:   e8 49 8b ca 4e 8b 04 c0 e8 ba 00 00 00 84 c0 75
0x00007fff85a42199:   0b 48 8b 5c 24 48 48 83 c4 30 5f c3 48 8b 43 20
0x00007fff85a421a9:   48 8b 88 d8 02 00 00 48 8b 83 98 00 00 00 48 85
0x00007fff85a421b9:   c0 74 0e 48 3b f8 72 0e 48 3b bb a0 00 00 00 72
0x00007fff85a421c9:   77 48 3b f9 73 72 80 3d 02 9f 72 00 00 74 15 8b
0x00007fff85a421d9:   47 08 8b 0d f7 0b 6e 00 48 d3 e0 48 03 05 e5 0b
0x00007fff85a421e9:   6e 00 eb 04 48 8b 47 08 81 78 08 00 00 00 c0 72
0x00007fff85a421f9:   35 48 8b 83 b0 00 00 00 48 39 83 a8 00 00 00 73
0x00007fff85a42209:   10 48 8b 83 c8 00 00 00 48 39 83 c0 00 00 00 72
0x00007fff85a42219:   27 48 8b cb e8 8e a3 00 00 b0 01 48 8b 5c 24 48
0x00007fff85a42229:   48 83 c4 30 5f c3 48 8d 54 24 40 48 89 7c 24 40
0x00007fff85a42239:   48 8b cb e8 2f 19 00 00 b0 01 48 8b 5c 24 48 48
0x00007fff85a42249:   83 c4 30 5f c3 cc cc 48 89 5c 24 18 48 89 6c 24
0x00007fff85a42259:   20 41 56 48 83 ec 20 49 8b d9 44 8b f2 48 8b e9
0x00007fff85a42269:   4d 3b 88 60 01 00 00 72 13 32 c0 48 8b 5c 24 40
0x00007fff85a42279:   48 8b 6c 24 48 48 83 c4 20 41 5e c3 48 8b 81 90
0x00007fff85a42289:   00 00 00 48 8b d3 48 89 74 24 30 48 2b 10 8b 48
0x00007fff85a42299:   10 48 c1 ea 03 48 d3 ea 48 8d 48 18 e8 f6 0b e3
0x00007fff85a422a9:   ff 0f b6 f0 84 c0 74 6f 48 89 7c 24 38 48 8b 7c
0x00007fff85a422b9:   24 50 48 85 ff 75 2d 40 38 3d 11 9e 72 00 74 15
0x00007fff85a422c9:   8b 53 08 8b 0d 06 0b 6e 00 48 d3 e2 48 03 15 f4
0x00007fff85a422d9:   0a 6e 00 eb 04 48 8b 53 08 48 8b cb e8 96 f7 ea
0x00007fff85a422e9:   ff 48 63 f8 48 8b 85 f0 02 00 00 8b 0d 1e a5 72
0x00007fff85a422f9:   00 4a 8b 14 f0 48 8b 42 18 48 8b 40 10 48 2b d8
0x00007fff85a42309:   48 d3 eb 48 8d 4a 38 8b d3 e8 b9 e4 ff ff 48 01
0x00007fff85a42319:   78 08 48 8b 7c 24 38 48 8b 5c 24 40 40 0f b6 c6
0x00007fff85a42329:   48 8b 74 24 30 48 8b 6c 24 48 48 83 c4 20 41 5e
0x00007fff85a42339:   c3 cc cc cc cc cc cc 4c 8b 81 b8 02 00 00 48 8b
0x00007fff85a42349:   81 a8 02 00 00 8b 91 c0 02 00 00 49 03 c0 8b ca
0x00007fff85a42359:   48 d3 e0 49 d3 e0 49 2b c0 48 83 e0 f8 c3 cc cc 


Stack slot to memory mapping:
stack at sp + 0 slots: 0x00000006e07c1ea8 is an oop: java.lang.Class 
{0x00000006e07c1ea8} - klass: 'java/lang/Class'
stack at sp + 1 slots: 0x0000000800009648 is pointing into metadata
stack at sp + 2 slots: 0x00000006e07c1ea8 is an oop: java.lang.Class 
{0x00000006e07c1ea8} - klass: 'java/lang/Class'
stack at sp + 3 slots: 0x000000ab063ff9e0 points into unknown readable memory: 0x00007fff85f902b8 | b8 02 f9 85 ff 7f 00 00
stack at sp + 4 slots: 0x0000000800009650 is a pointer to class: 
java.lang.reflect.Constructor {0x0000000800009658}
stack at sp + 5 slots: 0x00007fff85a4716b jvm.dll
stack at sp + 6 slots: 0x0000000800009648 is pointing into metadata
stack at sp + 7 slots: 0x00000006ea71b460 is an oop: java.lang.reflect.Method 
{0x00000006ea71b460} - klass: 'java/lang/reflect/Method'


---------------  P R O C E S S  ---------------

Threads class SMR info:
_java_thread_list=0x00000219caeff5f0, length=80, elements={
0x00000219a117a000, 0x00000219be910000, 0x00000219be91d800, 0x00000219c1518800,
0x00000219c151a000, 0x00000219c151d000, 0x00000219c151e000, 0x00000219c1581000,
0x00000219c15a3800, 0x00000219c1697000, 0x00000219c29e2800, 0x00000219c29e0800,
0x00000219c29e4000, 0x00000219c29e3000, 0x00000219c29de800, 0x00000219c29e1800,
0x00000219c29e5000, 0x00000219c29df000, 0x00000219c29e0000, 0x00000219c3fef800,
0x00000219c3fec800, 0x00000219c3fed000, 0x00000219c3fea000, 0x00000219c3fee800,
0x00000219c3fee000, 0x00000219c3ff0800, 0x00000219c3fea800, 0x00000219c3ff1000,
0x00000219c3feb800, 0x00000219c3ff3000, 0x00000219c3ff3800, 0x00000219c3ff6000,
0x00000219c3ff5800, 0x00000219c3ff7000, 0x00000219c3ff2000, 0x00000219c3ff8800,
0x00000219c36d2000, 0x00000219c36cc800, 0x00000219c36d0800, 0x00000219c36cf800,
0x00000219c36cd000, 0x00000219c36ce000, 0x00000219c36ce800, 0x00000219c36d3000,
0x00000219c36d7000, 0x00000219c36d3800, 0x00000219c36d4800, 0x00000219c36d1000,
0x00000219c36db000, 0x00000219c36d9800, 0x00000219c36d8800, 0x00000219c36d7800,
0x00000219c36da000, 0x00000219c36d5800, 0x00000219c36d6000, 0x00000219c51ca000,
0x00000219c51c8000, 0x00000219c51c7000, 0x00000219c51c8800, 0x00000219c51cc000,
0x00000219c51c9800, 0x00000219c51c6000, 0x00000219c51cc800, 0x00000219c51cd800,
0x00000219c51ce800, 0x00000219c51d0000, 0x00000219c51cf000, 0x00000219c51d1000,
0x00000219c51cb000, 0x00000219c51d1800, 0x00000219c51d2800, 0x00000219c51d3000,
0x00000219c51d5000, 0x00000219c51d4000, 0x00000219c8d11000, 0x00000219c8d16000,
0x00000219c8d12000, 0x00000219c501e000, 0x00000219c8d10800, 0x00000219c8d17000
}

Java Threads: ( => current thread )
  0x00000219a117a000 JavaThread "main" [_thread_blocked, id=3216, stack(0x000000ab06000000,0x000000ab06100000)]
  0x00000219be910000 JavaThread "Reference Handler" daemon [_thread_blocked, id=12864, stack(0x000000ab06700000,0x000000ab06800000)]
  0x00000219be91d800 JavaThread "Finalizer" daemon [_thread_blocked, id=6816, stack(0x000000ab06800000,0x000000ab06900000)]
  0x00000219c1518800 JavaThread "Signal Dispatcher" daemon [_thread_blocked, id=8964, stack(0x000000ab06900000,0x000000ab06a00000)]
  0x00000219c151a000 JavaThread "Attach Listener" daemon [_thread_blocked, id=8404, stack(0x000000ab06a00000,0x000000ab06b00000)]
  0x00000219c151d000 JavaThread "Service Thread" daemon [_thread_blocked, id=12200, stack(0x000000ab06b00000,0x000000ab06c00000)]
  0x00000219c151e000 JavaThread "C2 CompilerThread0" daemon [_thread_in_native, id=13988, stack(0x000000ab06c00000,0x000000ab06d00000)]
  0x00000219c1581000 JavaThread "C1 CompilerThread0" daemon [_thread_blocked, id=2096, stack(0x000000ab06d00000,0x000000ab06e00000)]
  0x00000219c15a3800 JavaThread "Sweeper thread" daemon [_thread_blocked, id=12412, stack(0x000000ab06e00000,0x000000ab06f00000)]
  0x00000219c1697000 JavaThread "Common-Cleaner" daemon [_thread_blocked, id=9256, stack(0x000000ab06f00000,0x000000ab07000000)]
  0x00000219c29e2800 JavaThread "Daemon health stats" [_thread_blocked, id=592, stack(0x000000ab07400000,0x000000ab07500000)]
  0x00000219c29e0800 JavaThread "Incoming local TCP Connector on port 54277" [_thread_in_native, id=1500, stack(0x000000ab07100000,0x000000ab07200000)]
  0x00000219c29e4000 JavaThread "Daemon periodic checks" [_thread_blocked, id=8748, stack(0x000000ab07500000,0x000000ab07600000)]
  0x00000219c29e3000 JavaThread "Daemon" [_thread_blocked, id=2436, stack(0x000000ab07600000,0x000000ab07700000)]
  0x00000219c29de800 JavaThread "Handler for socket connection from /127.0.0.1:54277 to /127.0.0.1:54278" [_thread_in_native, id=12760, stack(0x000000ab07700000,0x000000ab07800000)]
  0x00000219c29e1800 JavaThread "Cancel handler" [_thread_blocked, id=2104, stack(0x000000ab07800000,0x000000ab07900000)]
  0x00000219c29e5000 JavaThread "Daemon worker" [_thread_in_vm, id=9300, stack(0x000000ab07900000,0x000000ab07a00000)]
  0x00000219c29df000 JavaThread "Asynchronous log dispatcher for DefaultDaemonConnection: socket connection from /127.0.0.1:54277 to /127.0.0.1:54278" [_thread_blocked, id=9988, stack(0x000000ab07a00000,0x000000ab07b00000)]
  0x00000219c29e0000 JavaThread "Stdin handler" [_thread_blocked, id=14224, stack(0x000000ab07b00000,0x000000ab07c00000)]
  0x00000219c3fef800 JavaThread "Daemon client event forwarder" [_thread_blocked, id=8124, stack(0x000000ab07c00000,0x000000ab07d00000)]
  0x00000219c3fec800 JavaThread "Cache worker for journal cache (C:\Users\Anton\.gradle\caches\journal-1)" [_thread_blocked, id=9504, stack(0x000000ab07e00000,0x000000ab07f00000)]
  0x00000219c3fed000 JavaThread "File lock request listener" [_thread_in_native, id=4512, stack(0x000000ab07f00000,0x000000ab08000000)]
  0x00000219c3fea000 JavaThread "Cache worker for file hash cache (C:\Users\Anton\.gradle\caches\7.3.3\fileHashes)" [_thread_blocked, id=9488, stack(0x000000ab08000000,0x000000ab08100000)]
  0x00000219c3fee800 JavaThread "Cache worker for file hash cache (C:\Users\Anton\AndroidStudioProjects\CryptoAppProject\.gradle\7.3.3\fileHashes)" [_thread_blocked, id=13816, stack(0x000000ab08200000,0x000000ab08300000)]
  0x00000219c3fee000 JavaThread "File watcher server" daemon [_thread_in_native, id=6224, stack(0x000000ab08300000,0x000000ab08400000)]
  0x00000219c3ff0800 JavaThread "File watcher consumer" daemon [_thread_blocked, id=12168, stack(0x000000ab08400000,0x000000ab08500000)]
  0x00000219c3fea800 JavaThread "jar transforms" [_thread_blocked, id=14124, stack(0x000000ab08500000,0x000000ab08600000)]
  0x00000219c3ff1000 JavaThread "jar transforms Thread 2" [_thread_blocked, id=13908, stack(0x000000ab08600000,0x000000ab08700000)]
  0x00000219c3feb800 JavaThread "jar transforms Thread 3" [_thread_blocked, id=11656, stack(0x000000ab08700000,0x000000ab08800000)]
  0x00000219c3ff3000 JavaThread "jar transforms Thread 4" [_thread_blocked, id=10932, stack(0x000000ab08800000,0x000000ab08900000)]
  0x00000219c3ff3800 JavaThread "Cache worker for checksums cache (C:\Users\Anton\AndroidStudioProjects\CryptoAppProject\.gradle\7.3.3\checksums)" [_thread_blocked, id=13500, stack(0x000000ab08900000,0x000000ab08a00000)]
  0x00000219c3ff6000 JavaThread "Cache worker for cache directory md-supplier (C:\Users\Anton\.gradle\caches\7.3.3\md-supplier)" [_thread_blocked, id=8612, stack(0x000000ab08a00000,0x000000ab08b00000)]
  0x00000219c3ff5800 JavaThread "Cache worker for cache directory md-rule (C:\Users\Anton\.gradle\caches\7.3.3\md-rule)" [_thread_blocked, id=3868, stack(0x000000ab08b00000,0x000000ab08c00000)]
  0x00000219c3ff7000 JavaThread "Cache worker for execution history cache (C:\Users\Anton\.gradle\caches\7.3.3\executionHistory)" [_thread_blocked, id=3920, stack(0x000000ab08c00000,0x000000ab08d00000)]
  0x00000219c3ff2000 JavaThread "Cache worker for file content cache (C:\Users\Anton\.gradle\caches\7.3.3\fileContent)" [_thread_blocked, id=14000, stack(0x000000ab08d00000,0x000000ab08e00000)]
  0x00000219c3ff8800 JavaThread "Cache worker for dependencies-accessors (C:\Users\Anton\AndroidStudioProjects\CryptoAppProject\.gradle\7.3.3\dependencies-accessors)" [_thread_blocked, id=11156, stack(0x000000ab08e00000,0x000000ab08f00000)]
  0x00000219c36d2000 JavaThread "Cache worker for Build Output Cleanup Cache (C:\Users\Anton\AndroidStudioProjects\CryptoAppProject\.gradle\buildOutputCleanup)" [_thread_blocked, id=10604, stack(0x000000ab08f00000,0x000000ab09000000)]
  0x00000219c36cc800 JavaThread "Unconstrained build operations" [_thread_blocked, id=8788, stack(0x000000ab09000000,0x000000ab09100000)]
  0x00000219c36d0800 JavaThread "Unconstrained build operations Thread 2" [_thread_blocked, id=14112, stack(0x000000ab09100000,0x000000ab09200000)]
  0x00000219c36cf800 JavaThread "Unconstrained build operations Thread 3" [_thread_blocked, id=5152, stack(0x000000ab09200000,0x000000ab09300000)]
  0x00000219c36cd000 JavaThread "Unconstrained build operations Thread 4" [_thread_blocked, id=4296, stack(0x000000ab09300000,0x000000ab09400000)]
  0x00000219c36ce000 JavaThread "Unconstrained build operations Thread 5" [_thread_blocked, id=3016, stack(0x000000ab09400000,0x000000ab09500000)]
  0x00000219c36ce800 JavaThread "Unconstrained build operations Thread 6" [_thread_blocked, id=12384, stack(0x000000ab09500000,0x000000ab09600000)]
  0x00000219c36d3000 JavaThread "Unconstrained build operations Thread 7" [_thread_blocked, id=14116, stack(0x000000ab09600000,0x000000ab09700000)]
  0x00000219c36d7000 JavaThread "Unconstrained build operations Thread 8" [_thread_blocked, id=12428, stack(0x000000ab09700000,0x000000ab09800000)]
  0x00000219c36d3800 JavaThread "Unconstrained build operations Thread 9" [_thread_blocked, id=504, stack(0x000000ab09800000,0x000000ab09900000)]
  0x00000219c36d4800 JavaThread "Unconstrained build operations Thread 10" [_thread_blocked, id=4644, stack(0x000000ab09900000,0x000000ab09a00000)]
  0x00000219c36d1000 JavaThread "Unconstrained build operations Thread 11" [_thread_blocked, id=5204, stack(0x000000ab09a00000,0x000000ab09b00000)]
  0x00000219c36db000 JavaThread "Unconstrained build operations Thread 12" [_thread_blocked, id=14128, stack(0x000000ab09b00000,0x000000ab09c00000)]
  0x00000219c36d9800 JavaThread "Unconstrained build operations Thread 13" [_thread_blocked, id=7748, stack(0x000000ab09c00000,0x000000ab09d00000)]
  0x00000219c36d8800 JavaThread "Unconstrained build operations Thread 14" [_thread_blocked, id=3168, stack(0x000000ab09d00000,0x000000ab09e00000)]
  0x00000219c36d7800 JavaThread "Unconstrained build operations Thread 15" [_thread_blocked, id=7616, stack(0x000000ab09e00000,0x000000ab09f00000)]
  0x00000219c36da000 JavaThread "Unconstrained build operations Thread 16" [_thread_blocked, id=6336, stack(0x000000ab09f00000,0x000000ab0a000000)]
  0x00000219c36d5800 JavaThread "Unconstrained build operations Thread 17" [_thread_blocked, id=12948, stack(0x000000ab0a000000,0x000000ab0a100000)]
  0x00000219c36d6000 JavaThread "Unconstrained build operations Thread 18" [_thread_blocked, id=4004, stack(0x000000ab0a100000,0x000000ab0a200000)]
  0x00000219c51ca000 JavaThread "Unconstrained build operations Thread 19" [_thread_blocked, id=11236, stack(0x000000ab0a200000,0x000000ab0a300000)]
  0x00000219c51c8000 JavaThread "Unconstrained build operations Thread 20" [_thread_blocked, id=5824, stack(0x000000ab0a300000,0x000000ab0a400000)]
  0x00000219c51c7000 JavaThread "Unconstrained build operations Thread 21" [_thread_blocked, id=13164, stack(0x000000ab0a400000,0x000000ab0a500000)]
  0x00000219c51c8800 JavaThread "Unconstrained build operations Thread 22" [_thread_blocked, id=856, stack(0x000000ab0a500000,0x000000ab0a600000)]
  0x00000219c51cc000 JavaThread "Unconstrained build operations Thread 23" [_thread_blocked, id=2528, stack(0x000000ab0a600000,0x000000ab0a700000)]
  0x00000219c51c9800 JavaThread "Unconstrained build operations Thread 24" [_thread_blocked, id=3320, stack(0x000000ab0a700000,0x000000ab0a800000)]
  0x00000219c51c6000 JavaThread "Unconstrained build operations Thread 25" [_thread_blocked, id=11276, stack(0x000000ab0a800000,0x000000ab0a900000)]
  0x00000219c51cc800 JavaThread "Unconstrained build operations Thread 26" [_thread_blocked, id=8148, stack(0x000000ab0a900000,0x000000ab0aa00000)]
  0x00000219c51cd800 JavaThread "Unconstrained build operations Thread 27" [_thread_blocked, id=11124, stack(0x000000ab0aa00000,0x000000ab0ab00000)]
  0x00000219c51ce800 JavaThread "Unconstrained build operations Thread 28" [_thread_blocked, id=8576, stack(0x000000ab0ab00000,0x000000ab0ac00000)]
  0x00000219c51d0000 JavaThread "Unconstrained build operations Thread 29" [_thread_blocked, id=14132, stack(0x000000ab0ac00000,0x000000ab0ad00000)]
  0x00000219c51cf000 JavaThread "Unconstrained build operations Thread 30" [_thread_blocked, id=12624, stack(0x000000ab0ad00000,0x000000ab0ae00000)]
  0x00000219c51d1000 JavaThread "Unconstrained build operations Thread 31" [_thread_blocked, id=12480, stack(0x000000ab0ae00000,0x000000ab0af00000)]
  0x00000219c51cb000 JavaThread "Unconstrained build operations Thread 32" [_thread_blocked, id=3012, stack(0x000000ab0af00000,0x000000ab0b000000)]
  0x00000219c51d1800 JavaThread "Unconstrained build operations Thread 33" [_thread_blocked, id=12468, stack(0x000000ab0b000000,0x000000ab0b100000)]
  0x00000219c51d2800 JavaThread "Unconstrained build operations Thread 34" [_thread_blocked, id=10660, stack(0x000000ab0b100000,0x000000ab0b200000)]
  0x00000219c51d3000 JavaThread "Unconstrained build operations Thread 35" [_thread_blocked, id=11988, stack(0x000000ab0b200000,0x000000ab0b300000)]
  0x00000219c51d5000 JavaThread "Unconstrained build operations Thread 36" [_thread_blocked, id=11600, stack(0x000000ab0b300000,0x000000ab0b400000)]
  0x00000219c51d4000 JavaThread "Unconstrained build operations Thread 37" [_thread_blocked, id=10048, stack(0x000000ab0b400000,0x000000ab0b500000)]
  0x00000219c8d11000 JavaThread "Unconstrained build operations Thread 38" [_thread_blocked, id=10524, stack(0x000000ab0b500000,0x000000ab0b600000)]
  0x00000219c8d16000 JavaThread "Unconstrained build operations Thread 39" [_thread_blocked, id=11212, stack(0x000000ab0b600000,0x000000ab0b700000)]
  0x00000219c8d12000 JavaThread "Unconstrained build operations Thread 40" [_thread_blocked, id=1796, stack(0x000000ab0b700000,0x000000ab0b800000)]
  0x00000219c501e000 JavaThread "C2 CompilerThread1" daemon [_thread_in_native, id=7624, stack(0x000000ab08100000,0x000000ab08200000)]
  0x00000219c8d10800 JavaThread "Memory manager" [_thread_blocked, id=14036, stack(0x000000ab0b800000,0x000000ab0b900000)]
  0x00000219c8d17000 JavaThread "Cache worker for execution history cache (C:\Users\Anton\AndroidStudioProjects\CryptoAppProject\.gradle\7.3.3\executionHistory)" [_thread_blocked, id=11540, stack(0x000000ab0bc00000,0x000000ab0bd00000)]

Other Threads:
  0x00000219be8ed000 VMThread "VM Thread" [stack: 0x000000ab06600000,0x000000ab06700000] [id=6316]
  0x00000219c16b2000 WatcherThread [stack: 0x000000ab07000000,0x000000ab07100000] [id=10692]
  0x00000219a1193000 GCTaskThread "GC Thread#0" [stack: 0x000000ab06100000,0x000000ab06200000] [id=12644]
  0x00000219c2257000 GCTaskThread "GC Thread#1" [stack: 0x000000ab07200000,0x000000ab07300000] [id=3684]
  0x00000219c21dd800 GCTaskThread "GC Thread#2" [stack: 0x000000ab07300000,0x000000ab07400000] [id=12752]
  0x00000219c2dbb000 GCTaskThread "GC Thread#3" [stack: 0x000000ab07d00000,0x000000ab07e00000] [id=4800]
  0x00000219be732800 ConcurrentGCThread "G1 Main Marker" [stack: 0x000000ab06200000,0x000000ab06300000] [id=12628]
=>0x00000219be733800 ConcurrentGCThread "G1 Conc#0" [stack: 0x000000ab06300000,0x000000ab06400000] [id=6372]
  0x00000219be7c9800 ConcurrentGCThread "G1 Refine#0" [stack: 0x000000ab06400000,0x000000ab06500000] [id=3152]
  0x00000219be7cf000 ConcurrentGCThread "G1 Young RemSet Sampling" [stack: 0x000000ab06500000,0x000000ab06600000] [id=8480]

Threads with active compile tasks:
C2 CompilerThread0  28273 12280       4       java.util.TreeMap::fixAfterInsertion (267 bytes)
C2 CompilerThread1  28273 12273   !   4       java.io.ObjectOutputStream::writeObject0 (619 bytes)

VM state:not at safepoint (normal execution)

VM Mutex/Monitor currently owned by a thread: None

Heap address: 0x00000006e0000000, size: 4608 MB, Compressed Oops mode: Zero based, Oop shift amount: 3
Narrow klass base: 0x0000000800000000, Narrow klass shift: 0
Compressed class space size: 1073741824 Address: 0x0000000800000000

Heap:
 garbage-first heap   total 324608K, used 133916K [0x00000006e0000000, 0x0000000800000000)
  region size 1024K, 12 young (12288K), 10 survivors (10240K)
 Metaspace       used 104535K, capacity 107140K, committed 107264K, reserved 1142784K
  class space    used 13361K, capacity 14306K, committed 14412K, reserved 1048576K
Heap Regions: E=young(eden), S=young(survivor), O=old, HS=humongous(starts), HC=humongous(continues), CS=collection set, F=free, A=archive, TAMS=top-at-mark-start (previous, next)
|   0|0x00000006e0000000, 0x00000006e0100000, 0x00000006e0100000|100%| O|  |TAMS 0x00000006e0100000, 0x00000006e0100000| Untracked 
|   1|0x00000006e0100000, 0x00000006e0200000, 0x00000006e0200000|100%| O|  |TAMS 0x00000006e0200000, 0x00000006e0200000| Untracked 
|   2|0x00000006e0200000, 0x00000006e0300000, 0x00000006e0300000|100%| O|  |TAMS 0x00000006e0300000, 0x00000006e0300000| Untracked 
|   3|0x00000006e0300000, 0x00000006e0400000, 0x00000006e0400000|100%|HS|  |TAMS 0x00000006e0400000, 0x00000006e0400000| Complete 
|   4|0x00000006e0400000, 0x00000006e0500000, 0x00000006e0500000|100%|HC|  |TAMS 0x00000006e0500000, 0x00000006e0500000| Complete 
|   5|0x00000006e0500000, 0x00000006e0600000, 0x00000006e0600000|100%|HC|  |TAMS 0x00000006e0600000, 0x00000006e0600000| Complete 
|   6|0x00000006e0600000, 0x00000006e0700000, 0x00000006e0700000|100%| O|  |TAMS 0x00000006e0700000, 0x00000006e0700000| Untracked 
|   7|0x00000006e0700000, 0x00000006e0800000, 0x00000006e0800000|100%| O|  |TAMS 0x00000006e0800000, 0x00000006e0800000| Untracked 
|   8|0x00000006e0800000, 0x00000006e0900000, 0x00000006e0900000|100%| O|  |TAMS 0x00000006e0900000, 0x00000006e0900000| Untracked 
|   9|0x00000006e0900000, 0x00000006e0a00000, 0x00000006e0a00000|100%| O|  |TAMS 0x00000006e0a00000, 0x00000006e0a00000| Untracked 
|  10|0x00000006e0a00000, 0x00000006e0b00000, 0x00000006e0b00000|100%| O|  |TAMS 0x00000006e0b00000, 0x00000006e0b00000| Untracked 
|  11|0x00000006e0b00000, 0x00000006e0c00000, 0x00000006e0c00000|100%| O|  |TAMS 0x00000006e0c00000, 0x00000006e0c00000| Untracked 
|  12|0x00000006e0c00000, 0x00000006e0d00000, 0x00000006e0d00000|100%| O|  |TAMS 0x00000006e0d00000, 0x00000006e0d00000| Untracked 
|  13|0x00000006e0d00000, 0x00000006e0e00000, 0x00000006e0e00000|100%| O|  |TAMS 0x00000006e0e00000, 0x00000006e0e00000| Untracked 
|  14|0x00000006e0e00000, 0x00000006e0f00000, 0x00000006e0f00000|100%| O|  |TAMS 0x00000006e0f00000, 0x00000006e0f00000| Untracked 
|  15|0x00000006e0f00000, 0x00000006e1000000, 0x00000006e1000000|100%| O|  |TAMS 0x00000006e1000000, 0x00000006e1000000| Untracked 
|  16|0x00000006e1000000, 0x00000006e1100000, 0x00000006e1100000|100%|HS|  |TAMS 0x00000006e1100000, 0x00000006e1100000| Complete 
|  17|0x00000006e1100000, 0x00000006e1200000, 0x00000006e1200000|100%|HC|  |TAMS 0x00000006e1200000, 0x00000006e1200000| Complete 
|  18|0x00000006e1200000, 0x00000006e1300000, 0x00000006e1300000|100%|HS|  |TAMS 0x00000006e1300000, 0x00000006e1300000| Complete 
|  19|0x00000006e1300000, 0x00000006e1400000, 0x00000006e1400000|100%|HC|  |TAMS 0x00000006e1400000, 0x00000006e1400000| Complete 
|  20|0x00000006e1400000, 0x00000006e1500000, 0x00000006e1500000|100%|HC|  |TAMS 0x00000006e1500000, 0x00000006e1500000| Complete 
|  21|0x00000006e1500000, 0x00000006e1600000, 0x00000006e1600000|100%|HS|  |TAMS 0x00000006e1600000, 0x00000006e1600000| Complete 
|  22|0x00000006e1600000, 0x00000006e1700000, 0x00000006e1700000|100%|HS|  |TAMS 0x00000006e1700000, 0x00000006e1700000| Complete 
|  23|0x00000006e1700000, 0x00000006e1800000, 0x00000006e1800000|100%|HC|  |TAMS 0x00000006e1800000, 0x00000006e1800000| Complete 
|  24|0x00000006e1800000, 0x00000006e1900000, 0x00000006e1900000|100%|HC|  |TAMS 0x00000006e1900000, 0x00000006e1900000| Complete 
|  25|0x00000006e1900000, 0x00000006e1a00000, 0x00000006e1a00000|100%|HC|  |TAMS 0x00000006e1a00000, 0x00000006e1a00000| Complete 
|  26|0x00000006e1a00000, 0x00000006e1b00000, 0x00000006e1b00000|100%| O|  |TAMS 0x00000006e1b00000, 0x00000006e1b00000| Untracked 
|  27|0x00000006e1b00000, 0x00000006e1c00000, 0x00000006e1c00000|100%| O|  |TAMS 0x00000006e1c00000, 0x00000006e1c00000| Untracked 
|  28|0x00000006e1c00000, 0x00000006e1d00000, 0x00000006e1d00000|100%| O|  |TAMS 0x00000006e1d00000, 0x00000006e1d00000| Untracked 
|  29|0x00000006e1d00000, 0x00000006e1e00000, 0x00000006e1e00000|100%|HS|  |TAMS 0x00000006e1e00000, 0x00000006e1e00000| Complete 
|  30|0x00000006e1e00000, 0x00000006e1f00000, 0x00000006e1f00000|100%|HS|  |TAMS 0x00000006e1f00000, 0x00000006e1f00000| Complete 
|  31|0x00000006e1f00000, 0x00000006e2000000, 0x00000006e2000000|100%| O|  |TAMS 0x00000006e2000000, 0x00000006e2000000| Untracked 
|  32|0x00000006e2000000, 0x00000006e2100000, 0x00000006e2100000|100%| O|  |TAMS 0x00000006e2100000, 0x00000006e2100000| Untracked 
|  33|0x00000006e2100000, 0x00000006e2200000, 0x00000006e2200000|100%| O|  |TAMS 0x00000006e2200000, 0x00000006e2200000| Untracked 
|  34|0x00000006e2200000, 0x00000006e2300000, 0x00000006e2300000|100%| O|  |TAMS 0x00000006e2300000, 0x00000006e2300000| Untracked 
|  35|0x00000006e2300000, 0x00000006e2400000, 0x00000006e2400000|100%| O|  |TAMS 0x00000006e2400000, 0x00000006e2400000| Untracked 
|  36|0x00000006e2400000, 0x00000006e2500000, 0x00000006e2500000|100%| O|  |TAMS 0x00000006e2500000, 0x00000006e2500000| Untracked 
|  37|0x00000006e2500000, 0x00000006e2600000, 0x00000006e2600000|100%|HS|  |TAMS 0x00000006e2600000, 0x00000006e2600000| Complete 
|  38|0x00000006e2600000, 0x00000006e2700000, 0x00000006e2700000|100%|HC|  |TAMS 0x00000006e2700000, 0x00000006e2700000| Complete 
|  39|0x00000006e2700000, 0x00000006e2800000, 0x00000006e2800000|100%|HC|  |TAMS 0x00000006e2800000, 0x00000006e2800000| Complete 
|  40|0x00000006e2800000, 0x00000006e2900000, 0x00000006e2900000|100%| O|  |TAMS 0x00000006e2900000, 0x00000006e2900000| Untracked 
|  41|0x00000006e2900000, 0x00000006e2a00000, 0x00000006e2a00000|100%| O|  |TAMS 0x00000006e2a00000, 0x00000006e2a00000| Untracked 
|  42|0x00000006e2a00000, 0x00000006e2b00000, 0x00000006e2b00000|100%| O|  |TAMS 0x00000006e2b00000, 0x00000006e2b00000| Untracked 
|  43|0x00000006e2b00000, 0x00000006e2c00000, 0x00000006e2c00000|100%| O|  |TAMS 0x00000006e2c00000, 0x00000006e2c00000| Untracked 
|  44|0x00000006e2c00000, 0x00000006e2d00000, 0x00000006e2d00000|100%| O|  |TAMS 0x00000006e2d00000, 0x00000006e2d00000| Untracked 
|  45|0x00000006e2d00000, 0x00000006e2e00000, 0x00000006e2e00000|100%|HS|  |TAMS 0x00000006e2e00000, 0x00000006e2e00000| Complete 
|  46|0x00000006e2e00000, 0x00000006e2f00000, 0x00000006e2f00000|100%|HC|  |TAMS 0x00000006e2f00000, 0x00000006e2f00000| Complete 
|  47|0x00000006e2f00000, 0x00000006e3000000, 0x00000006e3000000|100%|HC|  |TAMS 0x00000006e3000000, 0x00000006e3000000| Complete 
|  48|0x00000006e3000000, 0x00000006e3100000, 0x00000006e3100000|100%|HC|  |TAMS 0x00000006e3100000, 0x00000006e3100000| Complete 
|  49|0x00000006e3100000, 0x00000006e3200000, 0x00000006e3200000|100%|HS|  |TAMS 0x00000006e3200000, 0x00000006e3200000| Complete 
|  50|0x00000006e3200000, 0x00000006e3300000, 0x00000006e3300000|100%|HS|  |TAMS 0x00000006e3300000, 0x00000006e3300000| Complete 
|  51|0x00000006e3300000, 0x00000006e3400000, 0x00000006e3400000|100%|HS|  |TAMS 0x00000006e3400000, 0x00000006e3400000| Complete 
|  52|0x00000006e3400000, 0x00000006e3500000, 0x00000006e3500000|100%|HC|  |TAMS 0x00000006e3500000, 0x00000006e3500000| Complete 
|  53|0x00000006e3500000, 0x00000006e3600000, 0x00000006e3600000|100%|HC|  |TAMS 0x00000006e3600000, 0x00000006e3600000| Complete 
|  54|0x00000006e3600000, 0x00000006e3700000, 0x00000006e3700000|100%|HC|  |TAMS 0x00000006e3700000, 0x00000006e3700000| Complete 
|  55|0x00000006e3700000, 0x00000006e3800000, 0x00000006e3800000|100%|HS|  |TAMS 0x00000006e3800000, 0x00000006e3800000| Complete 
|  56|0x00000006e3800000, 0x00000006e3900000, 0x00000006e3900000|100%|HC|  |TAMS 0x00000006e3900000, 0x00000006e3900000| Complete 
|  57|0x00000006e3900000, 0x00000006e3a00000, 0x00000006e3a00000|100%| O|  |TAMS 0x00000006e3a00000, 0x00000006e3a00000| Untracked 
|  58|0x00000006e3a00000, 0x00000006e3b00000, 0x00000006e3b00000|100%| O|  |TAMS 0x00000006e3b00000, 0x00000006e3b00000| Untracked 
|  59|0x00000006e3b00000, 0x00000006e3c00000, 0x00000006e3c00000|100%| O|  |TAMS 0x00000006e3c00000, 0x00000006e3c00000| Untracked 
|  60|0x00000006e3c00000, 0x00000006e3d00000, 0x00000006e3d00000|100%| O|  |TAMS 0x00000006e3d00000, 0x00000006e3d00000| Untracked 
|  61|0x00000006e3d00000, 0x00000006e3e00000, 0x00000006e3e00000|100%| O|  |TAMS 0x00000006e3e00000, 0x00000006e3e00000| Untracked 
|  62|0x00000006e3e00000, 0x00000006e3f00000, 0x00000006e3f00000|100%| O|  |TAMS 0x00000006e3f00000, 0x00000006e3f00000| Untracked 
|  63|0x00000006e3f00000, 0x00000006e4000000, 0x00000006e4000000|100%| O|  |TAMS 0x00000006e4000000, 0x00000006e4000000| Untracked 
|  64|0x00000006e4000000, 0x00000006e4100000, 0x00000006e4100000|100%| O|  |TAMS 0x00000006e4100000, 0x00000006e4100000| Untracked 
|  65|0x00000006e4100000, 0x00000006e4200000, 0x00000006e4200000|100%| O|  |TAMS 0x00000006e4200000, 0x00000006e4200000| Untracked 
|  66|0x00000006e4200000, 0x00000006e4300000, 0x00000006e4300000|100%| O|  |TAMS 0x00000006e4300000, 0x00000006e4300000| Untracked 
|  67|0x00000006e4300000, 0x00000006e4400000, 0x00000006e4400000|100%| O|  |TAMS 0x00000006e4400000, 0x00000006e4400000| Untracked 
|  68|0x00000006e4400000, 0x00000006e4500000, 0x00000006e4500000|100%| O|  |TAMS 0x00000006e4500000, 0x00000006e4500000| Untracked 
|  69|0x00000006e4500000, 0x00000006e4600000, 0x00000006e4600000|100%| O|  |TAMS 0x00000006e4600000, 0x00000006e4600000| Untracked 
|  70|0x00000006e4600000, 0x00000006e4700000, 0x00000006e4700000|100%| O|  |TAMS 0x00000006e4700000, 0x00000006e4700000| Untracked 
|  71|0x00000006e4700000, 0x00000006e4800000, 0x00000006e4800000|100%| O|  |TAMS 0x00000006e4800000, 0x00000006e4800000| Untracked 
|  72|0x00000006e4800000, 0x00000006e4900000, 0x00000006e4900000|100%| O|  |TAMS 0x00000006e4900000, 0x00000006e4900000| Untracked 
|  73|0x00000006e4900000, 0x00000006e4a00000, 0x00000006e4a00000|100%| O|  |TAMS 0x00000006e4a00000, 0x00000006e4a00000| Untracked 
|  74|0x00000006e4a00000, 0x00000006e4b00000, 0x00000006e4b00000|100%| O|  |TAMS 0x00000006e4b00000, 0x00000006e4b00000| Untracked 
|  75|0x00000006e4b00000, 0x00000006e4c00000, 0x00000006e4c00000|100%| O|  |TAMS 0x00000006e4c00000, 0x00000006e4c00000| Untracked 
|  76|0x00000006e4c00000, 0x00000006e4d00000, 0x00000006e4d00000|100%| O|  |TAMS 0x00000006e4c91c00, 0x00000006e4d00000| Untracked 
|  77|0x00000006e4d00000, 0x00000006e4e00000, 0x00000006e4e00000|100%| O|  |TAMS 0x00000006e4d00000, 0x00000006e4e00000| Untracked 
|  78|0x00000006e4e00000, 0x00000006e4f00000, 0x00000006e4f00000|100%| O|  |TAMS 0x00000006e4e00000, 0x00000006e4f00000| Untracked 
|  79|0x00000006e4f00000, 0x00000006e5000000, 0x00000006e5000000|100%| O|  |TAMS 0x00000006e4f00000, 0x00000006e5000000| Untracked 
|  80|0x00000006e5000000, 0x00000006e5100000, 0x00000006e5100000|100%| O|  |TAMS 0x00000006e5000000, 0x00000006e5100000| Untracked 
|  81|0x00000006e5100000, 0x00000006e5200000, 0x00000006e5200000|100%| O|  |TAMS 0x00000006e5100000, 0x00000006e5200000| Untracked 
|  82|0x00000006e5200000, 0x00000006e5300000, 0x00000006e5300000|100%| O|  |TAMS 0x00000006e5200000, 0x00000006e5300000| Untracked 
|  83|0x00000006e5300000, 0x00000006e5400000, 0x00000006e5400000|100%| O|  |TAMS 0x00000006e5300000, 0x00000006e5400000| Untracked 
|  84|0x00000006e5400000, 0x00000006e5500000, 0x00000006e5500000|100%|HS|  |TAMS 0x00000006e5400000, 0x00000006e5500000| Complete 
|  85|0x00000006e5500000, 0x00000006e5600000, 0x00000006e5600000|100%|HC|  |TAMS 0x00000006e5500000, 0x00000006e5600000| Complete 
|  86|0x00000006e5600000, 0x00000006e5700000, 0x00000006e5700000|100%|HS|  |TAMS 0x00000006e5600000, 0x00000006e5700000| Complete 
|  87|0x00000006e5700000, 0x00000006e5800000, 0x00000006e5800000|100%|HC|  |TAMS 0x00000006e5700000, 0x00000006e5800000| Complete 
|  88|0x00000006e5800000, 0x00000006e5900000, 0x00000006e5900000|100%|HC|  |TAMS 0x00000006e5800000, 0x00000006e5900000| Complete 
|  89|0x00000006e5900000, 0x00000006e5a00000, 0x00000006e5a00000|100%|HS|  |TAMS 0x00000006e5900000, 0x00000006e5a00000| Complete 
|  90|0x00000006e5a00000, 0x00000006e5b00000, 0x00000006e5b00000|100%|HS|  |TAMS 0x00000006e5a00000, 0x00000006e5b00000| Complete 
|  91|0x00000006e5b00000, 0x00000006e5c00000, 0x00000006e5c00000|100%|HC|  |TAMS 0x00000006e5b00000, 0x00000006e5c00000| Complete 
|  92|0x00000006e5c00000, 0x00000006e5d00000, 0x00000006e5d00000|100%|HC|  |TAMS 0x00000006e5c00000, 0x00000006e5d00000| Complete 
|  93|0x00000006e5d00000, 0x00000006e5e00000, 0x00000006e5e00000|100%|HC|  |TAMS 0x00000006e5d00000, 0x00000006e5e00000| Complete 
|  94|0x00000006e5e00000, 0x00000006e5f00000, 0x00000006e5f00000|100%| O|  |TAMS 0x00000006e5e00000, 0x00000006e5f00000| Untracked 
|  95|0x00000006e5f00000, 0x00000006e6000000, 0x00000006e6000000|100%| O|  |TAMS 0x00000006e5f00000, 0x00000006e6000000| Untracked 
|  96|0x00000006e6000000, 0x00000006e6100000, 0x00000006e6100000|100%| O|  |TAMS 0x00000006e6000000, 0x00000006e6100000| Untracked 
|  97|0x00000006e6100000, 0x00000006e6200000, 0x00000006e6200000|100%| O|  |TAMS 0x00000006e6100000, 0x00000006e6200000| Untracked 
|  98|0x00000006e6200000, 0x00000006e6300000, 0x00000006e6300000|100%| O|  |TAMS 0x00000006e6200000, 0x00000006e6300000| Untracked 
|  99|0x00000006e6300000, 0x00000006e6400000, 0x00000006e6400000|100%| O|  |TAMS 0x00000006e6300000, 0x00000006e6400000| Untracked 
| 100|0x00000006e6400000, 0x00000006e6500000, 0x00000006e6500000|100%| O|  |TAMS 0x00000006e6400000, 0x00000006e6500000| Untracked 
| 101|0x00000006e6500000, 0x00000006e6600000, 0x00000006e6600000|100%| O|  |TAMS 0x00000006e6500000, 0x00000006e6600000| Untracked 
| 102|0x00000006e6600000, 0x00000006e6700000, 0x00000006e6700000|100%| O|  |TAMS 0x00000006e6600000, 0x00000006e6700000| Untracked 
| 103|0x00000006e6700000, 0x00000006e6800000, 0x00000006e6800000|100%| O|  |TAMS 0x00000006e6700000, 0x00000006e6800000| Untracked 
| 104|0x00000006e6800000, 0x00000006e6900000, 0x00000006e6900000|100%| O|  |TAMS 0x00000006e6800000, 0x00000006e6900000| Untracked 
| 105|0x00000006e6900000, 0x00000006e6a00000, 0x00000006e6a00000|100%| O|  |TAMS 0x00000006e6900000, 0x00000006e6a00000| Untracked 
| 106|0x00000006e6a00000, 0x00000006e6b00000, 0x00000006e6b00000|100%| O|  |TAMS 0x00000006e6a00000, 0x00000006e6b00000| Untracked 
| 107|0x00000006e6b00000, 0x00000006e6c00000, 0x00000006e6c00000|100%| O|  |TAMS 0x00000006e6b00000, 0x00000006e6c00000| Untracked 
| 108|0x00000006e6c00000, 0x00000006e6d00000, 0x00000006e6d00000|100%| O|  |TAMS 0x00000006e6c00000, 0x00000006e6d00000| Untracked 
| 109|0x00000006e6d00000, 0x00000006e6e00000, 0x00000006e6e00000|100%| O|  |TAMS 0x00000006e6d00000, 0x00000006e6e00000| Untracked 
| 110|0x00000006e6e00000, 0x00000006e6f00000, 0x00000006e6f00000|100%| O|  |TAMS 0x00000006e6e00000, 0x00000006e6f00000| Untracked 
| 111|0x00000006e6f00000, 0x00000006e7000000, 0x00000006e7000000|100%| O|  |TAMS 0x00000006e6f00000, 0x00000006e7000000| Untracked 
| 112|0x00000006e7000000, 0x00000006e7100000, 0x00000006e7100000|100%| O|  |TAMS 0x00000006e7000000, 0x00000006e7100000| Untracked 
| 113|0x00000006e7100000, 0x00000006e7200000, 0x00000006e7200000|100%| O|  |TAMS 0x00000006e7100000, 0x00000006e7200000| Untracked 
| 114|0x00000006e7200000, 0x00000006e7300000, 0x00000006e7300000|100%| O|  |TAMS 0x00000006e7200000, 0x00000006e7300000| Untracked 
| 115|0x00000006e7300000, 0x00000006e7400000, 0x00000006e7400000|100%| O|  |TAMS 0x00000006e7300000, 0x00000006e7400000| Untracked 
| 116|0x00000006e7400000, 0x00000006e7500000, 0x00000006e7500000|100%| O|  |TAMS 0x00000006e7400000, 0x00000006e7500000| Untracked 
| 117|0x00000006e7500000, 0x00000006e7600000, 0x00000006e7600000|100%| O|  |TAMS 0x00000006e7500000, 0x00000006e7600000| Untracked 
| 118|0x00000006e7600000, 0x00000006e7700000, 0x00000006e7700000|100%| O|  |TAMS 0x00000006e7600000, 0x00000006e7700000| Untracked 
| 119|0x00000006e7700000, 0x00000006e7800000, 0x00000006e7800000|100%| O|  |TAMS 0x00000006e7700000, 0x00000006e7800000| Untracked 
| 120|0x00000006e7800000, 0x00000006e7800000, 0x00000006e7900000|  0%| F|  |TAMS 0x00000006e7800000, 0x00000006e7800000| Untracked 
| 121|0x00000006e7900000, 0x00000006e7900000, 0x00000006e7a00000|  0%| F|  |TAMS 0x00000006e7900000, 0x00000006e7900000| Untracked 
| 122|0x00000006e7a00000, 0x00000006e7a00000, 0x00000006e7b00000|  0%| F|  |TAMS 0x00000006e7a00000, 0x00000006e7a00000| Untracked 
| 123|0x00000006e7b00000, 0x00000006e7b00000, 0x00000006e7c00000|  0%| F|  |TAMS 0x00000006e7b00000, 0x00000006e7b00000| Untracked 
| 124|0x00000006e7c00000, 0x00000006e7c00000, 0x00000006e7d00000|  0%| F|  |TAMS 0x00000006e7c00000, 0x00000006e7c00000| Untracked 
| 125|0x00000006e7d00000, 0x00000006e7d00000, 0x00000006e7e00000|  0%| F|  |TAMS 0x00000006e7d00000, 0x00000006e7d00000| Untracked 
| 126|0x00000006e7e00000, 0x00000006e7e00000, 0x00000006e7f00000|  0%| F|  |TAMS 0x00000006e7e00000, 0x00000006e7e00000| Untracked 
| 127|0x00000006e7f00000, 0x00000006e7f00000, 0x00000006e8000000|  0%| F|  |TAMS 0x00000006e7f00000, 0x00000006e7f00000| Untracked 
| 128|0x00000006e8000000, 0x00000006e8000000, 0x00000006e8100000|  0%| F|  |TAMS 0x00000006e8000000, 0x00000006e8000000| Untracked 
| 129|0x00000006e8100000, 0x00000006e8100000, 0x00000006e8200000|  0%| F|  |TAMS 0x00000006e8100000, 0x00000006e8100000| Untracked 
| 130|0x00000006e8200000, 0x00000006e8200000, 0x00000006e8300000|  0%| F|  |TAMS 0x00000006e8200000, 0x00000006e8200000| Untracked 
| 131|0x00000006e8300000, 0x00000006e8300000, 0x00000006e8400000|  0%| F|  |TAMS 0x00000006e8300000, 0x00000006e8300000| Untracked 
| 132|0x00000006e8400000, 0x00000006e8400000, 0x00000006e8500000|  0%| F|  |TAMS 0x00000006e8400000, 0x00000006e8400000| Untracked 
| 133|0x00000006e8500000, 0x00000006e8500000, 0x00000006e8600000|  0%| F|  |TAMS 0x00000006e8500000, 0x00000006e8500000| Untracked 
| 134|0x00000006e8600000, 0x00000006e8600000, 0x00000006e8700000|  0%| F|  |TAMS 0x00000006e8600000, 0x00000006e8600000| Untracked 
| 135|0x00000006e8700000, 0x00000006e8700000, 0x00000006e8800000|  0%| F|  |TAMS 0x00000006e8700000, 0x00000006e8700000| Untracked 
| 136|0x00000006e8800000, 0x00000006e8800000, 0x00000006e8900000|  0%| F|  |TAMS 0x00000006e8800000, 0x00000006e8800000| Untracked 
| 137|0x00000006e8900000, 0x00000006e8900000, 0x00000006e8a00000|  0%| F|  |TAMS 0x00000006e8900000, 0x00000006e8900000| Untracked 
| 138|0x00000006e8a00000, 0x00000006e8a00000, 0x00000006e8b00000|  0%| F|  |TAMS 0x00000006e8a00000, 0x00000006e8a00000| Untracked 
| 139|0x00000006e8b00000, 0x00000006e8b00000, 0x00000006e8c00000|  0%| F|  |TAMS 0x00000006e8b00000, 0x00000006e8b00000| Untracked 
| 140|0x00000006e8c00000, 0x00000006e8c00000, 0x00000006e8d00000|  0%| F|  |TAMS 0x00000006e8c00000, 0x00000006e8c00000| Untracked 
| 141|0x00000006e8d00000, 0x00000006e8d00000, 0x00000006e8e00000|  0%| F|  |TAMS 0x00000006e8d00000, 0x00000006e8d00000| Untracked 
| 142|0x00000006e8e00000, 0x00000006e8e00000, 0x00000006e8f00000|  0%| F|  |TAMS 0x00000006e8e00000, 0x00000006e8e00000| Untracked 
| 143|0x00000006e8f00000, 0x00000006e8f00000, 0x00000006e9000000|  0%| F|  |TAMS 0x00000006e8f00000, 0x00000006e8f00000| Untracked 
| 144|0x00000006e9000000, 0x00000006e9000000, 0x00000006e9100000|  0%| F|  |TAMS 0x00000006e9000000, 0x00000006e9000000| Untracked 
| 145|0x00000006e9100000, 0x00000006e9100000, 0x00000006e9200000|  0%| F|  |TAMS 0x00000006e9100000, 0x00000006e9100000| Untracked 
| 146|0x00000006e9200000, 0x00000006e9200000, 0x00000006e9300000|  0%| F|  |TAMS 0x00000006e9200000, 0x00000006e9200000| Untracked 
| 147|0x00000006e9300000, 0x00000006e9300000, 0x00000006e9400000|  0%| F|  |TAMS 0x00000006e9300000, 0x00000006e9300000| Untracked 
| 148|0x00000006e9400000, 0x00000006e9400000, 0x00000006e9500000|  0%| F|  |TAMS 0x00000006e9400000, 0x00000006e9400000| Untracked 
| 149|0x00000006e9500000, 0x00000006e9500000, 0x00000006e9600000|  0%| F|  |TAMS 0x00000006e9500000, 0x00000006e9500000| Untracked 
| 150|0x00000006e9600000, 0x00000006e9600000, 0x00000006e9700000|  0%| F|  |TAMS 0x00000006e9600000, 0x00000006e9600000| Untracked 
| 151|0x00000006e9700000, 0x00000006e9700000, 0x00000006e9800000|  0%| F|  |TAMS 0x00000006e9700000, 0x00000006e9700000| Untracked 
| 152|0x00000006e9800000, 0x00000006e9800000, 0x00000006e9900000|  0%| F|  |TAMS 0x00000006e9800000, 0x00000006e9800000| Untracked 
| 153|0x00000006e9900000, 0x00000006e9900000, 0x00000006e9a00000|  0%| F|  |TAMS 0x00000006e9900000, 0x00000006e9900000| Untracked 
| 154|0x00000006e9a00000, 0x00000006e9a00000, 0x00000006e9b00000|  0%| F|  |TAMS 0x00000006e9a00000, 0x00000006e9a00000| Untracked 
| 155|0x00000006e9b00000, 0x00000006e9b00000, 0x00000006e9c00000|  0%| F|  |TAMS 0x00000006e9b00000, 0x00000006e9b00000| Untracked 
| 156|0x00000006e9c00000, 0x00000006e9c00000, 0x00000006e9d00000|  0%| F|  |TAMS 0x00000006e9c00000, 0x00000006e9c00000| Untracked 
| 157|0x00000006e9d00000, 0x00000006e9d00000, 0x00000006e9e00000|  0%| F|  |TAMS 0x00000006e9d00000, 0x00000006e9d00000| Untracked 
| 158|0x00000006e9e00000, 0x00000006e9e00000, 0x00000006e9f00000|  0%| F|  |TAMS 0x00000006e9e00000, 0x00000006e9e00000| Untracked 
| 159|0x00000006e9f00000, 0x00000006e9f00000, 0x00000006ea000000|  0%| F|  |TAMS 0x00000006e9f00000, 0x00000006e9f00000| Untracked 
| 160|0x00000006ea000000, 0x00000006ea000000, 0x00000006ea100000|  0%| F|  |TAMS 0x00000006ea000000, 0x00000006ea000000| Untracked 
| 161|0x00000006ea100000, 0x00000006ea100000, 0x00000006ea200000|  0%| F|  |TAMS 0x00000006ea100000, 0x00000006ea100000| Untracked 
| 162|0x00000006ea200000, 0x00000006ea200000, 0x00000006ea300000|  0%| F|  |TAMS 0x00000006ea200000, 0x00000006ea200000| Untracked 
| 163|0x00000006ea300000, 0x00000006ea300000, 0x00000006ea400000|  0%| F|  |TAMS 0x00000006ea300000, 0x00000006ea300000| Untracked 
| 164|0x00000006ea400000, 0x00000006ea400000, 0x00000006ea500000|  0%| F|  |TAMS 0x00000006ea400000, 0x00000006ea400000| Untracked 
| 165|0x00000006ea500000, 0x00000006ea5c7120, 0x00000006ea600000| 77%| S|CS|TAMS 0x00000006ea500000, 0x00000006ea500000| Complete 
| 166|0x00000006ea600000, 0x00000006ea700000, 0x00000006ea700000|100%| S|CS|TAMS 0x00000006ea600000, 0x00000006ea600000| Complete 
| 167|0x00000006ea700000, 0x00000006ea800000, 0x00000006ea800000|100%| S|CS|TAMS 0x00000006ea700000, 0x00000006ea700000| Complete 
| 168|0x00000006ea800000, 0x00000006ea900000, 0x00000006ea900000|100%| S|CS|TAMS 0x00000006ea800000, 0x00000006ea800000| Complete 
| 169|0x00000006ea900000, 0x00000006eaa00000, 0x00000006eaa00000|100%| S|CS|TAMS 0x00000006ea900000, 0x00000006ea900000| Complete 
| 170|0x00000006eaa00000, 0x00000006eab00000, 0x00000006eab00000|100%| S|CS|TAMS 0x00000006eaa00000, 0x00000006eaa00000| Complete 
| 171|0x00000006eab00000, 0x00000006eac00000, 0x00000006eac00000|100%| S|CS|TAMS 0x00000006eab00000, 0x00000006eab00000| Complete 
| 172|0x00000006eac00000, 0x00000006ead00000, 0x00000006ead00000|100%| S|CS|TAMS 0x00000006eac00000, 0x00000006eac00000| Complete 
| 173|0x00000006ead00000, 0x00000006eae00000, 0x00000006eae00000|100%| S|CS|TAMS 0x00000006ead00000, 0x00000006ead00000| Complete 
| 174|0x00000006eae00000, 0x00000006eaf00000, 0x00000006eaf00000|100%| S|CS|TAMS 0x00000006eae00000, 0x00000006eae00000| Complete 
| 175|0x00000006eaf00000, 0x00000006eaf00000, 0x00000006eb000000|  0%| F|  |TAMS 0x00000006eaf00000, 0x00000006eaf00000| Untracked 
| 176|0x00000006eb000000, 0x00000006eb000000, 0x00000006eb100000|  0%| F|  |TAMS 0x00000006eb000000, 0x00000006eb000000| Untracked 
| 177|0x00000006eb100000, 0x00000006eb100000, 0x00000006eb200000|  0%| F|  |TAMS 0x00000006eb100000, 0x00000006eb100000| Untracked 
| 178|0x00000006eb200000, 0x00000006eb200000, 0x00000006eb300000|  0%| F|  |TAMS 0x00000006eb200000, 0x00000006eb200000| Untracked 
| 179|0x00000006eb300000, 0x00000006eb300000, 0x00000006eb400000|  0%| F|  |TAMS 0x00000006eb300000, 0x00000006eb300000| Untracked 
| 180|0x00000006eb400000, 0x00000006eb400000, 0x00000006eb500000|  0%| F|  |TAMS 0x00000006eb400000, 0x00000006eb400000| Untracked 
| 181|0x00000006eb500000, 0x00000006eb500000, 0x00000006eb600000|  0%| F|  |TAMS 0x00000006eb500000, 0x00000006eb500000| Untracked 
| 182|0x00000006eb600000, 0x00000006eb600000, 0x00000006eb700000|  0%| F|  |TAMS 0x00000006eb600000, 0x00000006eb600000| Untracked 
| 183|0x00000006eb700000, 0x00000006eb700000, 0x00000006eb800000|  0%| F|  |TAMS 0x00000006eb700000, 0x00000006eb700000| Untracked 
| 184|0x00000006eb800000, 0x00000006eb800000, 0x00000006eb900000|  0%| F|  |TAMS 0x00000006eb800000, 0x00000006eb800000| Untracked 
| 185|0x00000006eb900000, 0x00000006eb900000, 0x00000006eba00000|  0%| F|  |TAMS 0x00000006eb900000, 0x00000006eb900000| Untracked 
| 186|0x00000006eba00000, 0x00000006eba00000, 0x00000006ebb00000|  0%| F|  |TAMS 0x00000006eba00000, 0x00000006eba00000| Untracked 
| 187|0x00000006ebb00000, 0x00000006ebb00000, 0x00000006ebc00000|  0%| F|  |TAMS 0x00000006ebb00000, 0x00000006ebb00000| Untracked 
| 188|0x00000006ebc00000, 0x00000006ebc00000, 0x00000006ebd00000|  0%| F|  |TAMS 0x00000006ebc00000, 0x00000006ebc00000| Untracked 
| 189|0x00000006ebd00000, 0x00000006ebd00000, 0x00000006ebe00000|  0%| F|  |TAMS 0x00000006ebd00000, 0x00000006ebd00000| Untracked 
| 190|0x00000006ebe00000, 0x00000006ebe00000, 0x00000006ebf00000|  0%| F|  |TAMS 0x00000006ebe00000, 0x00000006ebe00000| Untracked 
| 191|0x00000006ebf00000, 0x00000006ebf00000, 0x00000006ec000000|  0%| F|  |TAMS 0x00000006ebf00000, 0x00000006ebf00000| Untracked 
| 192|0x00000006ec000000, 0x00000006ec000000, 0x00000006ec100000|  0%| F|  |TAMS 0x00000006ec000000, 0x00000006ec000000| Untracked 
| 193|0x00000006ec100000, 0x00000006ec100000, 0x00000006ec200000|  0%| F|  |TAMS 0x00000006ec100000, 0x00000006ec100000| Untracked 
| 194|0x00000006ec200000, 0x00000006ec200000, 0x00000006ec300000|  0%| F|  |TAMS 0x00000006ec200000, 0x00000006ec200000| Untracked 
| 195|0x00000006ec300000, 0x00000006ec300000, 0x00000006ec400000|  0%| F|  |TAMS 0x00000006ec300000, 0x00000006ec300000| Untracked 
| 196|0x00000006ec400000, 0x00000006ec400000, 0x00000006ec500000|  0%| F|  |TAMS 0x00000006ec400000, 0x00000006ec400000| Untracked 
| 197|0x00000006ec500000, 0x00000006ec500000, 0x00000006ec600000|  0%| F|  |TAMS 0x00000006ec500000, 0x00000006ec500000| Untracked 
| 198|0x00000006ec600000, 0x00000006ec600000, 0x00000006ec700000|  0%| F|  |TAMS 0x00000006ec600000, 0x00000006ec600000| Untracked 
| 199|0x00000006ec700000, 0x00000006ec700000, 0x00000006ec800000|  0%| F|  |TAMS 0x00000006ec700000, 0x00000006ec700000| Untracked 
| 200|0x00000006ec800000, 0x00000006ec800000, 0x00000006ec900000|  0%| F|  |TAMS 0x00000006ec800000, 0x00000006ec800000| Untracked 
| 201|0x00000006ec900000, 0x00000006ec900000, 0x00000006eca00000|  0%| F|  |TAMS 0x00000006ec900000, 0x00000006ec900000| Untracked 
| 202|0x00000006eca00000, 0x00000006eca00000, 0x00000006ecb00000|  0%| F|  |TAMS 0x00000006eca00000, 0x00000006eca00000| Untracked 
| 203|0x00000006ecb00000, 0x00000006ecb00000, 0x00000006ecc00000|  0%| F|  |TAMS 0x00000006ecb00000, 0x00000006ecb00000| Untracked 
| 204|0x00000006ecc00000, 0x00000006ecc00000, 0x00000006ecd00000|  0%| F|  |TAMS 0x00000006ecc00000, 0x00000006ecc00000| Untracked 
| 205|0x00000006ecd00000, 0x00000006ecd00000, 0x00000006ece00000|  0%| F|  |TAMS 0x00000006ecd00000, 0x00000006ecd00000| Untracked 
| 206|0x00000006ece00000, 0x00000006ece00000, 0x00000006ecf00000|  0%| F|  |TAMS 0x00000006ece00000, 0x00000006ece00000| Untracked 
| 207|0x00000006ecf00000, 0x00000006ecf00000, 0x00000006ed000000|  0%| F|  |TAMS 0x00000006ecf00000, 0x00000006ecf00000| Untracked 
| 208|0x00000006ed000000, 0x00000006ed000000, 0x00000006ed100000|  0%| F|  |TAMS 0x00000006ed000000, 0x00000006ed000000| Untracked 
| 209|0x00000006ed100000, 0x00000006ed100000, 0x00000006ed200000|  0%| F|  |TAMS 0x00000006ed100000, 0x00000006ed100000| Untracked 
| 210|0x00000006ed200000, 0x00000006ed200000, 0x00000006ed300000|  0%| F|  |TAMS 0x00000006ed200000, 0x00000006ed200000| Untracked 
| 211|0x00000006ed300000, 0x00000006ed300000, 0x00000006ed400000|  0%| F|  |TAMS 0x00000006ed300000, 0x00000006ed300000| Untracked 
| 212|0x00000006ed400000, 0x00000006ed400000, 0x00000006ed500000|  0%| F|  |TAMS 0x00000006ed400000, 0x00000006ed400000| Untracked 
| 213|0x00000006ed500000, 0x00000006ed500000, 0x00000006ed600000|  0%| F|  |TAMS 0x00000006ed500000, 0x00000006ed500000| Untracked 
| 214|0x00000006ed600000, 0x00000006ed600000, 0x00000006ed700000|  0%| F|  |TAMS 0x00000006ed600000, 0x00000006ed600000| Untracked 
| 215|0x00000006ed700000, 0x00000006ed700000, 0x00000006ed800000|  0%| F|  |TAMS 0x00000006ed700000, 0x00000006ed700000| Untracked 
| 216|0x00000006ed800000, 0x00000006ed800000, 0x00000006ed900000|  0%| F|  |TAMS 0x00000006ed800000, 0x00000006ed800000| Untracked 
| 217|0x00000006ed900000, 0x00000006ed900000, 0x00000006eda00000|  0%| F|  |TAMS 0x00000006ed900000, 0x00000006ed900000| Untracked 
| 218|0x00000006eda00000, 0x00000006eda00000, 0x00000006edb00000|  0%| F|  |TAMS 0x00000006eda00000, 0x00000006eda00000| Untracked 
| 219|0x00000006edb00000, 0x00000006edb00000, 0x00000006edc00000|  0%| F|  |TAMS 0x00000006edb00000, 0x00000006edb00000| Untracked 
| 220|0x00000006edc00000, 0x00000006edc00000, 0x00000006edd00000|  0%| F|  |TAMS 0x00000006edc00000, 0x00000006edc00000| Untracked 
| 221|0x00000006edd00000, 0x00000006edd00000, 0x00000006ede00000|  0%| F|  |TAMS 0x00000006edd00000, 0x00000006edd00000| Untracked 
| 222|0x00000006ede00000, 0x00000006ede00000, 0x00000006edf00000|  0%| F|  |TAMS 0x00000006ede00000, 0x00000006ede00000| Untracked 
| 223|0x00000006edf00000, 0x00000006edf00000, 0x00000006ee000000|  0%| F|  |TAMS 0x00000006edf00000, 0x00000006edf00000| Untracked 
| 224|0x00000006ee000000, 0x00000006ee000000, 0x00000006ee100000|  0%| F|  |TAMS 0x00000006ee000000, 0x00000006ee000000| Untracked 
| 225|0x00000006ee100000, 0x00000006ee100000, 0x00000006ee200000|  0%| F|  |TAMS 0x00000006ee100000, 0x00000006ee100000| Untracked 
| 226|0x00000006ee200000, 0x00000006ee200000, 0x00000006ee300000|  0%| F|  |TAMS 0x00000006ee200000, 0x00000006ee200000| Untracked 
| 227|0x00000006ee300000, 0x00000006ee300000, 0x00000006ee400000|  0%| F|  |TAMS 0x00000006ee300000, 0x00000006ee300000| Untracked 
| 228|0x00000006ee400000, 0x00000006ee400000, 0x00000006ee500000|  0%| F|  |TAMS 0x00000006ee400000, 0x00000006ee400000| Untracked 
| 229|0x00000006ee500000, 0x00000006ee500000, 0x00000006ee600000|  0%| F|  |TAMS 0x00000006ee500000, 0x00000006ee500000| Untracked 
| 230|0x00000006ee600000, 0x00000006ee600000, 0x00000006ee700000|  0%| F|  |TAMS 0x00000006ee600000, 0x00000006ee600000| Untracked 
| 231|0x00000006ee700000, 0x00000006ee700000, 0x00000006ee800000|  0%| F|  |TAMS 0x00000006ee700000, 0x00000006ee700000| Untracked 
| 232|0x00000006ee800000, 0x00000006ee800000, 0x00000006ee900000|  0%| F|  |TAMS 0x00000006ee800000, 0x00000006ee800000| Untracked 
| 233|0x00000006ee900000, 0x00000006ee900000, 0x00000006eea00000|  0%| F|  |TAMS 0x00000006ee900000, 0x00000006ee900000| Untracked 
| 234|0x00000006eea00000, 0x00000006eea00000, 0x00000006eeb00000|  0%| F|  |TAMS 0x00000006eea00000, 0x00000006eea00000| Untracked 
| 235|0x00000006eeb00000, 0x00000006eeb00000, 0x00000006eec00000|  0%| F|  |TAMS 0x00000006eeb00000, 0x00000006eeb00000| Untracked 
| 236|0x00000006eec00000, 0x00000006eec00000, 0x00000006eed00000|  0%| F|  |TAMS 0x00000006eec00000, 0x00000006eec00000| Untracked 
| 237|0x00000006eed00000, 0x00000006eed00000, 0x00000006eee00000|  0%| F|  |TAMS 0x00000006eed00000, 0x00000006eed00000| Untracked 
| 238|0x00000006eee00000, 0x00000006eee00000, 0x00000006eef00000|  0%| F|  |TAMS 0x00000006eee00000, 0x00000006eee00000| Untracked 
| 239|0x00000006eef00000, 0x00000006eef00000, 0x00000006ef000000|  0%| F|  |TAMS 0x00000006eef00000, 0x00000006eef00000| Untracked 
| 240|0x00000006ef000000, 0x00000006ef000000, 0x00000006ef100000|  0%| F|  |TAMS 0x00000006ef000000, 0x00000006ef000000| Untracked 
| 241|0x00000006ef100000, 0x00000006ef100000, 0x00000006ef200000|  0%| F|  |TAMS 0x00000006ef100000, 0x00000006ef100000| Untracked 
| 242|0x00000006ef200000, 0x00000006ef200000, 0x00000006ef300000|  0%| F|  |TAMS 0x00000006ef200000, 0x00000006ef200000| Untracked 
| 243|0x00000006ef300000, 0x00000006ef300000, 0x00000006ef400000|  0%| F|  |TAMS 0x00000006ef300000, 0x00000006ef300000| Untracked 
| 244|0x00000006ef400000, 0x00000006ef400000, 0x00000006ef500000|  0%| F|  |TAMS 0x00000006ef400000, 0x00000006ef400000| Untracked 
| 245|0x00000006ef500000, 0x00000006ef500000, 0x00000006ef600000|  0%| F|  |TAMS 0x00000006ef500000, 0x00000006ef500000| Untracked 
| 246|0x00000006ef600000, 0x00000006ef600000, 0x00000006ef700000|  0%| F|  |TAMS 0x00000006ef600000, 0x00000006ef600000| Untracked 
| 247|0x00000006ef700000, 0x00000006ef700000, 0x00000006ef800000|  0%| F|  |TAMS 0x00000006ef700000, 0x00000006ef700000| Untracked 
| 248|0x00000006ef800000, 0x00000006ef800000, 0x00000006ef900000|  0%| F|  |TAMS 0x00000006ef800000, 0x00000006ef800000| Untracked 
| 249|0x00000006ef900000, 0x00000006ef900000, 0x00000006efa00000|  0%| F|  |TAMS 0x00000006ef900000, 0x00000006ef900000| Untracked 
| 250|0x00000006efa00000, 0x00000006efa00000, 0x00000006efb00000|  0%| F|  |TAMS 0x00000006efa00000, 0x00000006efa00000| Untracked 
| 251|0x00000006efb00000, 0x00000006efb00000, 0x00000006efc00000|  0%| F|  |TAMS 0x00000006efb00000, 0x00000006efb00000| Untracked 
| 252|0x00000006efc00000, 0x00000006efc00000, 0x00000006efd00000|  0%| F|  |TAMS 0x00000006efc00000, 0x00000006efc00000| Untracked 
| 253|0x00000006efd00000, 0x00000006efd00000, 0x00000006efe00000|  0%| F|  |TAMS 0x00000006efd00000, 0x00000006efd00000| Untracked 
| 254|0x00000006efe00000, 0x00000006efe00000, 0x00000006eff00000|  0%| F|  |TAMS 0x00000006efe00000, 0x00000006efe00000| Untracked 
| 255|0x00000006eff00000, 0x00000006eff00000, 0x00000006f0000000|  0%| F|  |TAMS 0x00000006eff00000, 0x00000006eff00000| Untracked 
| 256|0x00000006f0000000, 0x00000006f0000000, 0x00000006f0100000|  0%| F|  |TAMS 0x00000006f0000000, 0x00000006f0000000| Untracked 
| 257|0x00000006f0100000, 0x00000006f0100000, 0x00000006f0200000|  0%| F|  |TAMS 0x00000006f0100000, 0x00000006f0100000| Untracked 
| 258|0x00000006f0200000, 0x00000006f0200000, 0x00000006f0300000|  0%| F|  |TAMS 0x00000006f0200000, 0x00000006f0200000| Untracked 
| 259|0x00000006f0300000, 0x00000006f0300000, 0x00000006f0400000|  0%| F|  |TAMS 0x00000006f0300000, 0x00000006f0300000| Untracked 
| 260|0x00000006f0400000, 0x00000006f0400000, 0x00000006f0500000|  0%| F|  |TAMS 0x00000006f0400000, 0x00000006f0400000| Untracked 
| 261|0x00000006f0500000, 0x00000006f0500000, 0x00000006f0600000|  0%| F|  |TAMS 0x00000006f0500000, 0x00000006f0500000| Untracked 
| 262|0x00000006f0600000, 0x00000006f0600000, 0x00000006f0700000|  0%| F|  |TAMS 0x00000006f0600000, 0x00000006f0600000| Untracked 
| 263|0x00000006f0700000, 0x00000006f0700000, 0x00000006f0800000|  0%| F|  |TAMS 0x00000006f0700000, 0x00000006f0700000| Untracked 
| 264|0x00000006f0800000, 0x00000006f0800000, 0x00000006f0900000|  0%| F|  |TAMS 0x00000006f0800000, 0x00000006f0800000| Untracked 
| 265|0x00000006f0900000, 0x00000006f0900000, 0x00000006f0a00000|  0%| F|  |TAMS 0x00000006f0900000, 0x00000006f0900000| Untracked 
| 266|0x00000006f0a00000, 0x00000006f0a00000, 0x00000006f0b00000|  0%| F|  |TAMS 0x00000006f0a00000, 0x00000006f0a00000| Untracked 
| 267|0x00000006f0b00000, 0x00000006f0b00000, 0x00000006f0c00000|  0%| F|  |TAMS 0x00000006f0b00000, 0x00000006f0b00000| Untracked 
| 268|0x00000006f0c00000, 0x00000006f0c00000, 0x00000006f0d00000|  0%| F|  |TAMS 0x00000006f0c00000, 0x00000006f0c00000| Untracked 
| 269|0x00000006f0d00000, 0x00000006f0d00000, 0x00000006f0e00000|  0%| F|  |TAMS 0x00000006f0d00000, 0x00000006f0d00000| Untracked 
| 270|0x00000006f0e00000, 0x00000006f0e00000, 0x00000006f0f00000|  0%| F|  |TAMS 0x00000006f0e00000, 0x00000006f0e00000| Untracked 
| 271|0x00000006f0f00000, 0x00000006f0f00000, 0x00000006f1000000|  0%| F|  |TAMS 0x00000006f0f00000, 0x00000006f0f00000| Untracked 
| 272|0x00000006f1000000, 0x00000006f1000000, 0x00000006f1100000|  0%| F|  |TAMS 0x00000006f1000000, 0x00000006f1000000| Untracked 
| 273|0x00000006f1100000, 0x00000006f1100000, 0x00000006f1200000|  0%| F|  |TAMS 0x00000006f1100000, 0x00000006f1100000| Untracked 
| 274|0x00000006f1200000, 0x00000006f1200000, 0x00000006f1300000|  0%| F|  |TAMS 0x00000006f1200000, 0x00000006f1200000| Untracked 
| 275|0x00000006f1300000, 0x00000006f1300000, 0x00000006f1400000|  0%| F|  |TAMS 0x00000006f1300000, 0x00000006f1300000| Untracked 
| 276|0x00000006f1400000, 0x00000006f1400000, 0x00000006f1500000|  0%| F|  |TAMS 0x00000006f1400000, 0x00000006f1400000| Untracked 
| 277|0x00000006f1500000, 0x00000006f1500000, 0x00000006f1600000|  0%| F|  |TAMS 0x00000006f1500000, 0x00000006f1500000| Untracked 
| 278|0x00000006f1600000, 0x00000006f1600000, 0x00000006f1700000|  0%| F|  |TAMS 0x00000006f1600000, 0x00000006f1600000| Untracked 
| 279|0x00000006f1700000, 0x00000006f1700000, 0x00000006f1800000|  0%| F|  |TAMS 0x00000006f1700000, 0x00000006f1700000| Untracked 
| 280|0x00000006f1800000, 0x00000006f1800000, 0x00000006f1900000|  0%| F|  |TAMS 0x00000006f1800000, 0x00000006f1800000| Untracked 
| 281|0x00000006f1900000, 0x00000006f1900000, 0x00000006f1a00000|  0%| F|  |TAMS 0x00000006f1900000, 0x00000006f1900000| Untracked 
| 282|0x00000006f1a00000, 0x00000006f1a00000, 0x00000006f1b00000|  0%| F|  |TAMS 0x00000006f1a00000, 0x00000006f1a00000| Untracked 
| 283|0x00000006f1b00000, 0x00000006f1b00000, 0x00000006f1c00000|  0%| F|  |TAMS 0x00000006f1b00000, 0x00000006f1b00000| Untracked 
| 284|0x00000006f1c00000, 0x00000006f1c00000, 0x00000006f1d00000|  0%| F|  |TAMS 0x00000006f1c00000, 0x00000006f1c00000| Untracked 
| 285|0x00000006f1d00000, 0x00000006f1d00000, 0x00000006f1e00000|  0%| F|  |TAMS 0x00000006f1d00000, 0x00000006f1d00000| Untracked 
| 286|0x00000006f1e00000, 0x00000006f1e00000, 0x00000006f1f00000|  0%| F|  |TAMS 0x00000006f1e00000, 0x00000006f1e00000| Untracked 
| 287|0x00000006f1f00000, 0x00000006f1f00000, 0x00000006f2000000|  0%| F|  |TAMS 0x00000006f1f00000, 0x00000006f1f00000| Untracked 
| 288|0x00000006f2000000, 0x00000006f2000000, 0x00000006f2100000|  0%| F|  |TAMS 0x00000006f2000000, 0x00000006f2000000| Untracked 
| 289|0x00000006f2100000, 0x00000006f2100000, 0x00000006f2200000|  0%| F|  |TAMS 0x00000006f2100000, 0x00000006f2100000| Untracked 
| 290|0x00000006f2200000, 0x00000006f2200000, 0x00000006f2300000|  0%| F|  |TAMS 0x00000006f2200000, 0x00000006f2200000| Untracked 
| 291|0x00000006f2300000, 0x00000006f2300000, 0x00000006f2400000|  0%| F|  |TAMS 0x00000006f2300000, 0x00000006f2300000| Untracked 
| 292|0x00000006f2400000, 0x00000006f2400000, 0x00000006f2500000|  0%| F|  |TAMS 0x00000006f2400000, 0x00000006f2400000| Untracked 
| 293|0x00000006f2500000, 0x00000006f2500000, 0x00000006f2600000|  0%| F|  |TAMS 0x00000006f2500000, 0x00000006f2500000| Untracked 
| 294|0x00000006f2600000, 0x00000006f2600000, 0x00000006f2700000|  0%| F|  |TAMS 0x00000006f2600000, 0x00000006f2600000| Untracked 
| 295|0x00000006f2700000, 0x00000006f2700000, 0x00000006f2800000|  0%| F|  |TAMS 0x00000006f2700000, 0x00000006f2700000| Untracked 
| 296|0x00000006f2800000, 0x00000006f2800000, 0x00000006f2900000|  0%| F|  |TAMS 0x00000006f2800000, 0x00000006f2800000| Untracked 
| 297|0x00000006f2900000, 0x00000006f2900000, 0x00000006f2a00000|  0%| F|  |TAMS 0x00000006f2900000, 0x00000006f2900000| Untracked 
| 298|0x00000006f2a00000, 0x00000006f2a00000, 0x00000006f2b00000|  0%| F|  |TAMS 0x00000006f2a00000, 0x00000006f2a00000| Untracked 
| 299|0x00000006f2b00000, 0x00000006f2b00000, 0x00000006f2c00000|  0%| F|  |TAMS 0x00000006f2b00000, 0x00000006f2b00000| Untracked 
| 300|0x00000006f2c00000, 0x00000006f2c00000, 0x00000006f2d00000|  0%| F|  |TAMS 0x00000006f2c00000, 0x00000006f2c00000| Untracked 
| 301|0x00000006f2d00000, 0x00000006f2d00000, 0x00000006f2e00000|  0%| F|  |TAMS 0x00000006f2d00000, 0x00000006f2d00000| Untracked 
| 302|0x00000006f2e00000, 0x00000006f2e00000, 0x00000006f2f00000|  0%| F|  |TAMS 0x00000006f2e00000, 0x00000006f2e00000| Untracked 
| 303|0x00000006f2f00000, 0x00000006f2f00000, 0x00000006f3000000|  0%| F|  |TAMS 0x00000006f2f00000, 0x00000006f2f00000| Untracked 
| 304|0x00000006f3000000, 0x00000006f3000000, 0x00000006f3100000|  0%| F|  |TAMS 0x00000006f3000000, 0x00000006f3000000| Untracked 
| 305|0x00000006f3100000, 0x00000006f3100000, 0x00000006f3200000|  0%| F|  |TAMS 0x00000006f3100000, 0x00000006f3100000| Untracked 
| 306|0x00000006f3200000, 0x00000006f3200000, 0x00000006f3300000|  0%| F|  |TAMS 0x00000006f3200000, 0x00000006f3200000| Untracked 
| 307|0x00000006f3300000, 0x00000006f3300000, 0x00000006f3400000|  0%| F|  |TAMS 0x00000006f3300000, 0x00000006f3300000| Untracked 
| 308|0x00000006f3400000, 0x00000006f3400000, 0x00000006f3500000|  0%| F|  |TAMS 0x00000006f3400000, 0x00000006f3400000| Untracked 
| 309|0x00000006f3500000, 0x00000006f3500000, 0x00000006f3600000|  0%| F|  |TAMS 0x00000006f3500000, 0x00000006f3500000| Untracked 
| 310|0x00000006f3600000, 0x00000006f3600000, 0x00000006f3700000|  0%| F|  |TAMS 0x00000006f3600000, 0x00000006f3600000| Untracked 
| 311|0x00000006f3700000, 0x00000006f3700000, 0x00000006f3800000|  0%| F|  |TAMS 0x00000006f3700000, 0x00000006f3700000| Untracked 
| 312|0x00000006f3800000, 0x00000006f3800000, 0x00000006f3900000|  0%| F|  |TAMS 0x00000006f3800000, 0x00000006f3800000| Untracked 
| 313|0x00000006f3900000, 0x00000006f3900000, 0x00000006f3a00000|  0%| F|  |TAMS 0x00000006f3900000, 0x00000006f3900000| Untracked 
| 314|0x00000006f3a00000, 0x00000006f3a00000, 0x00000006f3b00000|  0%| F|  |TAMS 0x00000006f3a00000, 0x00000006f3a00000| Untracked 
| 315|0x00000006f3b00000, 0x00000006f3b28de0, 0x00000006f3c00000| 15%| E|  |TAMS 0x00000006f3b00000, 0x00000006f3b00000| Complete 
| 316|0x00000006f3c00000, 0x00000006f3d00000, 0x00000006f3d00000|100%| E|CS|TAMS 0x00000006f3c00000, 0x00000006f3c00000| Complete 

Card table byte_map: [0x00000219b4520000,0x00000219b4e20000] _byte_map_base: 0x00000219b0e20000

Marking Bits (Prev, Next): (CMBitMap*) 0x00000219a11eb1e8, (CMBitMap*) 0x00000219a11eb220
 Prev Bits: [0x00000219b5720000, 0x00000219b9f20000)
 Next Bits: [0x00000219b9f20000, 0x00000219be720000)

Polling page: 0x00000219a08f0000

Metaspace:

Usage:
  Non-class:     90.66 MB capacity,    89.04 MB ( 98%) used,     1.34 MB (  1%) free+waste,   285.50 KB ( <1%) overhead. 
      Class:     13.97 MB capacity,    13.05 MB ( 93%) used,   816.17 KB (  6%) free+waste,   127.88 KB ( <1%) overhead. 
       Both:    104.63 MB capacity,   102.09 MB ( 98%) used,     2.14 MB (  2%) free+waste,   413.38 KB ( <1%) overhead. 

Virtual space:
  Non-class space:       92.00 MB reserved,      90.68 MB ( 99%) committed 
      Class space:        1.00 GB reserved,      14.07 MB (  1%) committed 
             Both:        1.09 GB reserved,     104.75 MB (  9%) committed 

Chunk freelists:
   Non-Class:  2.00 KB
       Class:  0 bytes
        Both:  2.00 KB

MaxMetaspaceSize: 17179869184.00 GB
CompressedClassSpaceSize: 1.00 GB
Initial GC threshold: 20.80 MB
Current GC threshold: 107.71 MB
CDS: off

CodeHeap 'non-profiled nmethods': size=120064Kb used=6971Kb max_used=6971Kb free=113092Kb
 bounds [0x00000219ac6e0000, 0x00000219acdb0000, 0x00000219b3c20000]
CodeHeap 'profiled nmethods': size=120000Kb used=27939Kb max_used=27939Kb free=92061Kb
 bounds [0x00000219a51b0000, 0x00000219a6d00000, 0x00000219ac6e0000]
CodeHeap 'non-nmethods': size=5696Kb used=2439Kb max_used=2479Kb free=3256Kb
 bounds [0x00000219a4c20000, 0x00000219a4ea0000, 0x00000219a51b0000]
 total_blobs=13112 nmethods=12154 adapters=869
 compilation: enabled
              stopped_count=0, restarted_count=0
 full_count=0

Compilation events (20 events):
Event: 28.091 Thread 0x00000219c1581000 nmethod 12264 0x00000219acdab910 code [0x00000219acdabac0, 0x00000219acdabb78]
Event: 28.092 Thread 0x00000219c501e000 nmethod 12259 0x00000219acdabc10 code [0x00000219acdabdc0, 0x00000219acdabf88]
Event: 28.094 Thread 0x00000219c151e000 12265       4       java.lang.Class::getPackageName (81 bytes)
Event: 28.096 Thread 0x00000219c501e000 12266       4       java.io.ObjectOutputStream$BlockDataOutputStream::drain (45 bytes)
Event: 28.121 Thread 0x00000219c1581000 12268       3       org.gradle.internal.serialize.AbstractEncoder$EncoderStream::write (11 bytes)
Event: 28.121 Thread 0x00000219c1581000 nmethod 12268 0x00000219a6ce6a10 code [0x00000219a6ce6bc0, 0x00000219a6ce6d88]
Event: 28.124 Thread 0x00000219c501e000 nmethod 12266 0x00000219acdac110 code [0x00000219acdac2c0, 0x00000219acdac488]
Event: 28.124 Thread 0x00000219c501e000 12267       4       java.io.ObjectOutputStream$BlockDataOutputStream::setBlockDataMode (35 bytes)
Event: 28.128 Thread 0x00000219c501e000 nmethod 12267 0x00000219acdac690 code [0x00000219acdac840, 0x00000219acdaca48]
Event: 28.128 Thread 0x00000219c501e000 12270       4       java.io.ObjectOutputStream$HandleTable::insert (39 bytes)
Event: 28.135 Thread 0x00000219c501e000 nmethod 12270 0x00000219acdacc90 code [0x00000219acdace40, 0x00000219acdad128]
Event: 28.135 Thread 0x00000219c501e000 12269       4       java.lang.reflect.Constructor::getParameterTypes (11 bytes)
Event: 28.137 Thread 0x00000219c501e000 nmethod 12269 0x00000219acdad310 code [0x00000219acdad4a0, 0x00000219acdad5f8]
Event: 28.138 Thread 0x00000219c1581000 12271  s    3       java.net.URL::writeObject (5 bytes)
Event: 28.138 Thread 0x00000219c1581000 nmethod 12271 0x00000219a6ce6e90 code [0x00000219a6ce7060, 0x00000219a6ce73a8]
Event: 28.138 Thread 0x00000219c1581000 12272   !   3       jdk.internal.reflect.GeneratedMethodAccessor23::invoke (66 bytes)
Event: 28.138 Thread 0x00000219c501e000 12273   !   4       java.io.ObjectOutputStream::writeObject0 (619 bytes)
Event: 28.139 Thread 0x00000219c1581000 nmethod 12272 0x00000219a6ce7490 code [0x00000219a6ce76e0, 0x00000219a6ce8118]
Event: 28.140 Thread 0x00000219c151e000 nmethod 12265 0x00000219acdad710 code [0x00000219acdad8e0, 0x00000219acdae138]
Event: 28.142 Thread 0x00000219c1581000 12275       3       java.io.ObjectStreamClass$FieldReflectorKey::<init> (102 bytes)

GC Heap History (20 events):
Event: 13.045 GC heap before
{Heap before GC invocations=14 (full 0):
 garbage-first heap   total 187392K, used 81838K [0x00000006e0000000, 0x0000000800000000)
  region size 1024K, 16 young (16384K), 11 survivors (11264K)
 Metaspace       used 58456K, capacity 60135K, committed 60288K, reserved 1101824K
  class space    used 7472K, capacity 8070K, committed 8140K, reserved 1048576K
}
Event: 13.065 GC heap after
{Heap after GC invocations=15 (full 0):
 garbage-first heap   total 187392K, used 79828K [0x00000006e0000000, 0x0000000800000000)
  region size 1024K, 2 young (2048K), 2 survivors (2048K)
 Metaspace       used 58456K, capacity 60135K, committed 60288K, reserved 1101824K
  class space    used 7472K, capacity 8070K, committed 8140K, reserved 1048576K
}
Event: 13.922 GC heap before
{Heap before GC invocations=16 (full 0):
 garbage-first heap   total 187392K, used 119764K [0x00000006e0000000, 0x0000000800000000)
  region size 1024K, 42 young (43008K), 2 survivors (2048K)
 Metaspace       used 63677K, capacity 65446K, committed 65536K, reserved 1105920K
  class space    used 8119K, capacity 8730K, committed 8780K, reserved 1048576K
}
Event: 13.933 GC heap after
{Heap after GC invocations=17 (full 0):
 garbage-first heap   total 225280K, used 82096K [0x00000006e0000000, 0x0000000800000000)
  region size 1024K, 4 young (4096K), 4 survivors (4096K)
 Metaspace       used 63677K, capacity 65446K, committed 65536K, reserved 1105920K
  class space    used 8119K, capacity 8730K, committed 8780K, reserved 1048576K
}
Event: 15.357 GC heap before
{Heap before GC invocations=18 (full 0):
 garbage-first heap   total 225280K, used 143536K [0x00000006e0000000, 0x0000000800000000)
  region size 1024K, 64 young (65536K), 4 survivors (4096K)
 Metaspace       used 69096K, capacity 70936K, committed 71168K, reserved 1112064K
  class space    used 8818K, capacity 9483K, committed 9548K, reserved 1048576K
}
Event: 15.377 GC heap after
{Heap after GC invocations=19 (full 0):
 garbage-first heap   total 225280K, used 85155K [0x00000006e0000000, 0x0000000800000000)
  region size 1024K, 7 young (7168K), 7 survivors (7168K)
 Metaspace       used 69096K, capacity 70936K, committed 71168K, reserved 1112064K
  class space    used 8818K, capacity 9483K, committed 9548K, reserved 1048576K
}
Event: 16.597 GC heap before
{Heap before GC invocations=19 (full 0):
 garbage-first heap   total 225280K, used 150691K [0x00000006e0000000, 0x0000000800000000)
  region size 1024K, 71 young (72704K), 7 survivors (7168K)
 Metaspace       used 72282K, capacity 74255K, committed 74496K, reserved 1114112K
  class space    used 9218K, capacity 9947K, committed 10060K, reserved 1048576K
}
Event: 16.618 GC heap after
{Heap after GC invocations=20 (full 0):
 garbage-first heap   total 225280K, used 90240K [0x00000006e0000000, 0x0000000800000000)
  region size 1024K, 9 young (9216K), 9 survivors (9216K)
 Metaspace       used 72282K, capacity 74255K, committed 74496K, reserved 1114112K
  class space    used 9218K, capacity 9947K, committed 10060K, reserved 1048576K
}
Event: 18.211 GC heap before
{Heap before GC invocations=20 (full 0):
 garbage-first heap   total 225280K, used 156800K [0x00000006e0000000, 0x0000000800000000)
  region size 1024K, 74 young (75776K), 9 survivors (9216K)
 Metaspace       used 78961K, capacity 81008K, committed 81152K, reserved 1120256K
  class space    used 10272K, capacity 11028K, committed 11084K, reserved 1048576K
}
Event: 18.234 GC heap after
{Heap after GC invocations=21 (full 0):
 garbage-first heap   total 225280K, used 94698K [0x00000006e0000000, 0x0000000800000000)
  region size 1024K, 10 young (10240K), 10 survivors (10240K)
 Metaspace       used 78961K, capacity 81008K, committed 81152K, reserved 1120256K
  class space    used 10272K, capacity 11028K, committed 11084K, reserved 1048576K
}
Event: 19.694 GC heap before
{Heap before GC invocations=21 (full 0):
 garbage-first heap   total 225280K, used 172522K [0x00000006e0000000, 0x0000000800000000)
  region size 1024K, 77 young (78848K), 10 survivors (10240K)
 Metaspace       used 83199K, capacity 85424K, committed 85632K, reserved 1124352K
  class space    used 10845K, capacity 11669K, committed 11724K, reserved 1048576K
}
Event: 19.727 GC heap after
{Heap after GC invocations=22 (full 0):
 garbage-first heap   total 270336K, used 111759K [0x00000006e0000000, 0x0000000800000000)
  region size 1024K, 10 young (10240K), 10 survivors (10240K)
 Metaspace       used 83199K, capacity 85424K, committed 85632K, reserved 1124352K
  class space    used 10845K, capacity 11669K, committed 11724K, reserved 1048576K
}
Event: 22.238 GC heap before
{Heap before GC invocations=22 (full 0):
 garbage-first heap   total 270336K, used 197775K [0x00000006e0000000, 0x0000000800000000)
  region size 1024K, 94 young (96256K), 10 survivors (10240K)
 Metaspace       used 92954K, capacity 95167K, committed 95232K, reserved 1132544K
  class space    used 12052K, capacity 12867K, committed 12876K, reserved 1048576K
}
Event: 22.263 GC heap after
{Heap after GC invocations=23 (full 0):
 garbage-first heap   total 270336K, used 117250K [0x00000006e0000000, 0x0000000800000000)
  region size 1024K, 5 young (5120K), 5 survivors (5120K)
 Metaspace       used 92954K, capacity 95167K, committed 95232K, reserved 1132544K
  class space    used 12052K, capacity 12867K, committed 12876K, reserved 1048576K
}
Event: 24.561 GC heap before
{Heap before GC invocations=23 (full 0):
 garbage-first heap   total 270336K, used 202242K [0x00000006e0000000, 0x0000000800000000)
  region size 1024K, 89 young (91136K), 5 survivors (5120K)
 Metaspace       used 96544K, capacity 98943K, committed 99072K, reserved 1134592K
  class space    used 12432K, capacity 13318K, committed 13388K, reserved 1048576K
}
Event: 24.588 GC heap after
{Heap after GC invocations=24 (full 0):
 garbage-first heap   total 270336K, used 123666K [0x00000006e0000000, 0x0000000800000000)
  region size 1024K, 12 young (12288K), 12 survivors (12288K)
 Metaspace       used 96544K, capacity 98943K, committed 99072K, reserved 1134592K
  class space    used 12432K, capacity 13318K, committed 13388K, reserved 1048576K
}
Event: 26.463 GC heap before
{Heap before GC invocations=24 (full 0):
 garbage-first heap   total 270336K, used 207634K [0x00000006e0000000, 0x0000000800000000)
  region size 1024K, 95 young (97280K), 12 survivors (12288K)
 Metaspace       used 98724K, capacity 101167K, committed 101376K, reserved 1136640K
  class space    used 12664K, capacity 13582K, committed 13644K, reserved 1048576K
}
Event: 26.495 GC heap after
{Heap after GC invocations=25 (full 0):
 garbage-first heap   total 270336K, used 128469K [0x00000006e0000000, 0x0000000800000000)
  region size 1024K, 6 young (6144K), 6 survivors (6144K)
 Metaspace       used 98724K, capacity 101167K, committed 101376K, reserved 1136640K
  class space    used 12664K, capacity 13582K, committed 13644K, reserved 1048576K
}
Event: 28.096 GC heap before
{Heap before GC invocations=25 (full 0):
 garbage-first heap   total 270336K, used 213461K [0x00000006e0000000, 0x0000000800000000)
  region size 1024K, 89 young (91136K), 6 survivors (6144K)
 Metaspace       used 104454K, capacity 107093K, committed 107264K, reserved 1142784K
  class space    used 13353K, capacity 14296K, committed 14412K, reserved 1048576K
}
Event: 28.120 GC heap after
{Heap after GC invocations=26 (full 0):
 garbage-first heap   total 324608K, used 132892K [0x00000006e0000000, 0x0000000800000000)
  region size 1024K, 10 young (10240K), 10 survivors (10240K)
 Metaspace       used 104454K, capacity 107093K, committed 107264K, reserved 1142784K
  class space    used 13353K, capacity 14296K, committed 14412K, reserved 1048576K
}

Deoptimization events (20 events):
Event: 27.949 Thread 0x00000219c29e5000 Uncommon trap: trap_request=0xffffffc6 fr.pc=0x00000219acb2c510 relative=0x0000000000000150
Event: 27.949 Thread 0x00000219c29e5000 Uncommon trap: reason=bimorphic_or_optimized_type_check action=maybe_recompile pc=0x00000219acb2c510 method=java.util.regex.Pattern$BmpCharPredicate.lambda$union$2(Ljava/util/regex/Pattern$CharPredicate;I)Z @ 12 c2
Event: 27.949 Thread 0x00000219c29e5000 DEOPT PACKING pc=0x00000219acb2c510 sp=0x000000ab079fb760
Event: 27.949 Thread 0x00000219c29e5000 DEOPT UNPACKING pc=0x00000219a4c6a1af sp=0x000000ab079fb678 mode 2
Event: 27.998 Thread 0x00000219c29e5000 Uncommon trap: trap_request=0xffffff7e fr.pc=0x00000219acbc7c58 relative=0x0000000000000078
Event: 27.998 Thread 0x00000219c29e5000 Uncommon trap: reason=predicate action=maybe_recompile pc=0x00000219acbc7c58 method=java.util.ComparableTimSort.binarySort([Ljava/lang/Object;III)V @ 34 c2
Event: 27.998 Thread 0x00000219c29e5000 DEOPT PACKING pc=0x00000219acbc7c58 sp=0x000000ab079fa380
Event: 27.998 Thread 0x00000219c29e5000 DEOPT UNPACKING pc=0x00000219a4c6a1af sp=0x000000ab079fa328 mode 2
Event: 28.054 Thread 0x00000219c29e5000 DEOPT PACKING pc=0x00000219a6338957 sp=0x000000ab079fa310
Event: 28.054 Thread 0x00000219c29e5000 DEOPT UNPACKING pc=0x00000219a4c6a95e sp=0x000000ab079f97e0 mode 0
Event: 28.054 Thread 0x00000219c29e5000 DEOPT PACKING pc=0x00000219a63394b5 sp=0x000000ab079fa280
Event: 28.054 Thread 0x00000219c29e5000 DEOPT UNPACKING pc=0x00000219a4c6a95e sp=0x000000ab079f9748 mode 0
Event: 28.070 Thread 0x00000219c29e5000 DEOPT PACKING pc=0x00000219a6ba885e sp=0x000000ab079f9410
Event: 28.070 Thread 0x00000219c29e5000 DEOPT UNPACKING pc=0x00000219a4c6a95e sp=0x000000ab079f8930 mode 0
Event: 28.072 Thread 0x00000219c29e5000 DEOPT PACKING pc=0x00000219a63394b5 sp=0x000000ab079f8c20
Event: 28.072 Thread 0x00000219c29e5000 DEOPT UNPACKING pc=0x00000219a4c6a95e sp=0x000000ab079f80e8 mode 0
Event: 28.096 Thread 0x00000219c29e5000 Uncommon trap: trap_request=0xffffff4d fr.pc=0x00000219accf4d98 relative=0x0000000000000178
Event: 28.096 Thread 0x00000219c29e5000 Uncommon trap: reason=unstable_if action=reinterpret pc=0x00000219accf4d98 method=org.gradle.internal.io.StreamByteBuffer.prepareRead()I @ 30 c2
Event: 28.096 Thread 0x00000219c29e5000 DEOPT PACKING pc=0x00000219accf4d98 sp=0x000000ab079fc6e0
Event: 28.096 Thread 0x00000219c29e5000 DEOPT UNPACKING pc=0x00000219a4c6a1af sp=0x000000ab079fc698 mode 2

Classes redefined (0 events):
No events

Internal exceptions (20 events):
Event: 21.559 Thread 0x00000219c29e5000 Implicit null exception at 0x00000219acbfa06f to 0x00000219acc00c2c
Event: 21.666 Thread 0x00000219c29e5000 Exception <a 'java/lang/NoSuchMethodError'{0x00000006ec5e04c8}: 'int java.lang.invoke.DirectMethodHandle$Holder.invokeSpecialIFC(java.lang.Object, java.lang.Object, java.lang.Object)'> (0x00000006ec5e04c8) thrown at [./src/hotspot/share/interpreter/linkResolver.cpp, line 773]
Event: 21.773 Thread 0x00000219c29e5000 Exception <a 'java/lang/NoSuchMethodError'{0x00000006ec2cd450}: 'java.lang.Object java.lang.invoke.Invokers$Holder.linkToTargetMethod(java.lang.Object, java.lang.Object, java.lang.Object, int, java.lang.Object, java.lang.Object)'> (0x00000006ec2cd450) thrown at [./src/hotspot/share/interpreter/linkResolver.cpp, line 773]
Event: 22.229 Thread 0x00000219c29e5000 Exception <a 'java/lang/NoSuchMethodError'{0x00000006eb4ac368}: 'void java.lang.invoke.DirectMethodHandle$Holder.invokeStatic(java.lang.Object, java.lang.Object, java.lang.Object, java.lang.Object, int, java.lang.Object, java.lang.Object)'> (0x00000006eb4ac368) thrown at [./src/hotspot/share/interpreter/linkResolver.cpp, line 773]
Event: 22.285 Thread 0x00000219c29e5000 Exception <a 'java/lang/IncompatibleClassChangeError'{0x00000006f066dd58}: Found class java.lang.Object, but interface was expected> (0x00000006f066dd58) thrown at [./src/hotspot/share/interpreter/linkResolver.cpp, line 839]
Event: 22.301 Thread 0x00000219c51c6000 Implicit null exception at 0x00000219acc1ba25 to 0x00000219acc1bfa0
Event: 22.350 Thread 0x00000219c51c6000 Exception <a 'java/lang/IncompatibleClassChangeError'{0x00000006f0321bc0}: Found class java.lang.Object, but interface was expected> (0x00000006f0321bc0) thrown at [./src/hotspot/share/interpreter/linkResolver.cpp, line 839]
Event: 22.390 Thread 0x00000219c51c6000 Exception <a 'java/lang/NoSuchMethodError'{0x00000006f02d5b58}: 'int java.lang.invoke.DirectMethodHandle$Holder.invokeStaticInit(java.lang.Object, java.lang.Object, java.lang.Object, java.lang.Object, java.lang.Object)'> (0x00000006f02d5b58) thrown at [./src/hotspot/share/interpreter/linkResolver.cpp, line 773]
Event: 23.368 Thread 0x00000219c29e5000 Exception <a 'java/lang/NoSuchMethodError'{0x00000006ee2c0f20}: 'java.lang.Object java.lang.invoke.DirectMethodHandle$Holder.invokeSpecialIFC(java.lang.Object, java.lang.Object, java.lang.Object)'> (0x00000006ee2c0f20) thrown at [./src/hotspot/share/interpreter/linkResolver.cpp, line 773]
Event: 23.370 Thread 0x00000219c51cc000 Exception <a 'java/lang/NoSuchMethodError'{0x00000006ee1065e0}: 'java.lang.Object java.lang.invoke.DirectMethodHandle$Holder.invokeSpecialIFC(java.lang.Object, java.lang.Object, java.lang.Object)'> (0x00000006ee1065e0) thrown at [./src/hotspot/share/interpreter/linkResolver.cpp, line 773]
Event: 23.665 Thread 0x00000219c51cf000 Exception <a 'java/lang/NoSuchMethodError'{0x00000006ed7fa0f8}: 'void java.lang.invoke.DirectMethodHandle$Holder.invokeVirtual(java.lang.Object, java.lang.Object)'> (0x00000006ed7fa0f8) thrown at [./src/hotspot/share/interpreter/linkResolver.cpp, line 773]
Event: 27.997 Thread 0x00000219c29e5000 Exception <a 'java/lang/NoSuchMethodError'{0x00000006eb97ba88}: <clinit>> (0x00000006eb97ba88) thrown at [./src/hotspot/share/prims/jni.cpp, line 1365]
Event: 27.999 Thread 0x00000219c29e5000 Exception <a 'java/lang/NoSuchMethodError'{0x00000006eb994e58}: <clinit>> (0x00000006eb994e58) thrown at [./src/hotspot/share/prims/jni.cpp, line 1365]
Event: 28.001 Thread 0x00000219c29e5000 Exception <a 'java/lang/NoSuchMethodError'{0x00000006eb9a6388}: <clinit>> (0x00000006eb9a6388) thrown at [./src/hotspot/share/prims/jni.cpp, line 1365]
Event: 28.005 Thread 0x00000219c29e5000 Exception <a 'java/lang/NoSuchMethodError'{0x00000006eb9db018}: <clinit>> (0x00000006eb9db018) thrown at [./src/hotspot/share/prims/jni.cpp, line 1365]
Event: 28.123 Thread 0x00000219c3fef800 Exception <a 'java/lang/NoSuchMethodError'{0x00000006f3c43e80}: <clinit>> (0x00000006f3c43e80) thrown at [./src/hotspot/share/prims/jni.cpp, line 1365]
Event: 28.124 Thread 0x00000219c3fef800 Exception <a 'java/lang/NoSuchMethodError'{0x00000006f3c55a28}: <clinit>> (0x00000006f3c55a28) thrown at [./src/hotspot/share/prims/jni.cpp, line 1365]
Event: 28.128 Thread 0x00000219c3fef800 Exception <a 'java/lang/NoSuchMethodError'{0x00000006f3c6fd28}: <clinit>> (0x00000006f3c6fd28) thrown at [./src/hotspot/share/prims/jni.cpp, line 1365]
Event: 28.140 Thread 0x00000219c3fef800 Exception <a 'java/lang/NoSuchMethodError'{0x00000006f3b153b0}: <clinit>> (0x00000006f3b153b0) thrown at [./src/hotspot/share/prims/jni.cpp, line 1365]
Event: 28.142 Thread 0x00000219c3fef800 Exception <a 'java/lang/NoSuchMethodError'{0x00000006f3b250b8}: <clinit>> (0x00000006f3b250b8) thrown at [./src/hotspot/share/prims/jni.cpp, line 1365]

Events (20 events):
Event: 28.082 Executing VM operation: BulkRevokeBias
Event: 28.083 Executing VM operation: BulkRevokeBias done
Event: 28.096 loading class org/gradle/tooling/internal/provider/runner/AbstractClientProvidedBuildActionRunner$ActionResults
Event: 28.096 Executing VM operation: G1CollectForAllocation
Event: 28.096 loading class org/gradle/tooling/internal/provider/runner/AbstractClientProvidedBuildActionRunner$ActionResults done
Event: 28.120 Executing VM operation: G1CollectForAllocation done
Event: 28.140 loading class org/gradle/internal/build/BuildState
Event: 28.140 loading class org/gradle/internal/build/BuildState done
Event: 28.140 loading class org/gradle/internal/build/ExecutionResult
Event: 28.140 loading class org/gradle/internal/build/ExecutionResult done
Event: 28.140 loading class org/gradle/internal/build/ExecutionResult
Event: 28.140 loading class org/gradle/internal/build/ExecutionResult done
Event: 28.140 loading class org/gradle/internal/build/DefaultBuildLifecycleController
Event: 28.140 loading class org/gradle/internal/build/DefaultBuildLifecycleController done
Event: 28.142 loading class org/gradle/api/services/BuildService
Event: 28.142 loading class org/gradle/api/services/BuildService done
Event: 28.142 loading class org/gradle/api/services/BuildService
Event: 28.142 loading class org/gradle/api/services/BuildService done
Event: 28.142 loading class org/gradle/api/services/internal/BuildServiceProvider
Event: 28.142 loading class org/gradle/api/services/internal/BuildServiceProvider done


Dynamic libraries:
0x00007ff7b55c0000 - 0x00007ff7b55ca000 	C:\Program Files\Android\Android Studio\jre\bin\java.exe
0x00007fffe5470000 - 0x00007fffe5668000 	C:\Windows\SYSTEM32\ntdll.dll
0x00007fffe5060000 - 0x00007fffe511f000 	C:\Windows\System32\KERNEL32.DLL
0x00007fffe31d0000 - 0x00007fffe34a2000 	C:\Windows\System32\KERNELBASE.dll
0x00007fffe2cd0000 - 0x00007fffe2dd0000 	C:\Windows\System32\ucrtbase.dll
0x00007fffd0e00000 - 0x00007fffd0e17000 	C:\Program Files\Android\Android Studio\jre\bin\VCRUNTIME140.dll
0x00007fffd4880000 - 0x00007fffd4899000 	C:\Program Files\Android\Android Studio\jre\bin\jli.dll
0x00007fffe3c20000 - 0x00007fffe3dc1000 	C:\Windows\System32\USER32.dll
0x00007fffe2b90000 - 0x00007fffe2bb2000 	C:\Windows\System32\win32u.dll
0x00007fffd72c0000 - 0x00007fffd755a000 	C:\Windows\WinSxS\amd64_microsoft.windows.common-controls_6595b64144ccf1df_6.0.19041.1110_none_60b5254171f9507e\COMCTL32.dll
0x00007fffe4c50000 - 0x00007fffe4c7b000 	C:\Windows\System32\GDI32.dll
0x00007fffe4c80000 - 0x00007fffe4d1e000 	C:\Windows\System32\msvcrt.dll
0x00007fffe2bc0000 - 0x00007fffe2ccf000 	C:\Windows\System32\gdi32full.dll
0x00007fffe2f60000 - 0x00007fffe2ffd000 	C:\Windows\System32\msvcp_win.dll
0x00007fffe5260000 - 0x00007fffe5292000 	C:\Windows\System32\IMM32.DLL
0x00007fffe2580000 - 0x00007fffe25b6000 	C:\Windows\system32\DriverStore\FileRepository\nvaci.inf_amd64_944bfe06c9417196\nvinitx.dll
0x00007fffe4630000 - 0x00007fffe46de000 	C:\Windows\System32\ADVAPI32.dll
0x00007fffe4fc0000 - 0x00007fffe505c000 	C:\Windows\System32\sechost.dll
0x00007fffe2530000 - 0x00007fffe253a000 	C:\Windows\SYSTEM32\VERSION.dll
0x00007fffe4b20000 - 0x00007fffe4c45000 	C:\Windows\System32\RPCRT4.dll
0x00007fffe3ee0000 - 0x00007fffe4624000 	C:\Windows\System32\Shell32.dll
0x00007fffe0bd0000 - 0x00007fffe1362000 	C:\Windows\SYSTEM32\windows.storage.dll
0x00007fffe47c0000 - 0x00007fffe4b15000 	C:\Windows\System32\combase.dll
0x00007fffe2500000 - 0x00007fffe2530000 	C:\Windows\SYSTEM32\Wldp.dll
0x00007fffe3dd0000 - 0x00007fffe3e7d000 	C:\Windows\System32\SHCORE.dll
0x00007fffe3610000 - 0x00007fffe3665000 	C:\Windows\System32\shlwapi.dll
0x000000006f160000 - 0x000000006f166000 	C:\Program Files\NVIDIA Corporation\CoProcManager\_etoured.dll
0x00007fffd46f0000 - 0x00007fffd4733000 	C:\Program Files\NVIDIA Corporation\CoProcManager\nvd3d9wrapx.dll
0x00007fffe37a0000 - 0x00007fffe3c08000 	C:\Windows\System32\SETUPAPI.dll
0x00007fffe2f10000 - 0x00007fffe2f5e000 	C:\Windows\System32\cfgmgr32.dll
0x00007fffe2b60000 - 0x00007fffe2b87000 	C:\Windows\System32\bcrypt.dll
0x00007fffd86f0000 - 0x00007fffd871d000 	C:\Program Files\NVIDIA Corporation\CoProcManager\nvdxgiwrapx.dll
0x00007fffc7170000 - 0x00007fffc720d000 	C:\Program Files\Android\Android Studio\jre\bin\msvcp140.dll
0x00007fff85760000 - 0x00007fff86245000 	C:\Program Files\Android\Android Studio\jre\bin\server\jvm.dll
0x00007fffe4d20000 - 0x00007fffe4d28000 	C:\Windows\System32\PSAPI.DLL
0x00007fffdc240000 - 0x00007fffdc249000 	C:\Windows\SYSTEM32\WSOCK32.dll
0x00007fffe34b0000 - 0x00007fffe351b000 	C:\Windows\System32\WS2_32.dll
0x00007fffde7a0000 - 0x00007fffde7c7000 	C:\Windows\SYSTEM32\WINMM.dll
0x00007fffe09d0000 - 0x00007fffe09e2000 	C:\Windows\SYSTEM32\kernel.appcore.dll
0x00007fffd2680000 - 0x00007fffd2691000 	C:\Program Files\Android\Android Studio\jre\bin\verify.dll
0x00007fffd08a0000 - 0x00007fffd0a84000 	C:\Windows\SYSTEM32\DBGHELP.DLL
0x00007fffd0860000 - 0x00007fffd0895000 	C:\Windows\SYSTEM32\dbgcore.DLL
0x00007fffe2e80000 - 0x00007fffe2f02000 	C:\Windows\System32\bcryptPrimitives.dll
0x00007fffd2570000 - 0x00007fffd2599000 	C:\Program Files\Android\Android Studio\jre\bin\java.dll
0x00007fffdc150000 - 0x00007fffdc15b000 	C:\Program Files\Android\Android Studio\jre\bin\jimage.dll
0x00007fffd2550000 - 0x00007fffd2568000 	C:\Program Files\Android\Android Studio\jre\bin\zip.dll
0x00007fffe2aa0000 - 0x00007fffe2abf000 	C:\Windows\SYSTEM32\profapi.dll
0x00007fffd0b70000 - 0x00007fffd0b8a000 	C:\Program Files\Android\Android Studio\jre\bin\net.dll
0x00007fffd9210000 - 0x00007fffd931c000 	C:\Windows\SYSTEM32\WINHTTP.dll
0x00007fffe21f0000 - 0x00007fffe225a000 	C:\Windows\system32\mswsock.dll
0x00007fffce750000 - 0x00007fffce764000 	C:\Program Files\Android\Android Studio\jre\bin\nio.dll
0x00007fffcc310000 - 0x00007fffcc337000 	C:\Users\Anton\.gradle\native\e1d6ef7f7dcc3fd88c89a11ec53ec762bb8ba0a96d01ffa2cd45eb1d1d8dd5c5\windows-amd64\native-platform.dll
0x00007fffc6630000 - 0x00007fffc6774000 	C:\Users\Anton\.gradle\native\5664cfc778a61ccfe75a443a1ab52a65af34e5dc3c78e0209fed803814484fcb\windows-amd64\native-platform-file-events.dll
0x00007fffd9110000 - 0x00007fffd911a000 	C:\Program Files\Android\Android Studio\jre\bin\management.dll
0x00007fffd9060000 - 0x00007fffd906d000 	C:\Program Files\Android\Android Studio\jre\bin\management_ext.dll
0x00007fffe2450000 - 0x00007fffe2468000 	C:\Windows\SYSTEM32\CRYPTSP.dll
0x00007fffe1b10000 - 0x00007fffe1b44000 	C:\Windows\system32\rsaenh.dll
0x00007fffe2a20000 - 0x00007fffe2a4e000 	C:\Windows\SYSTEM32\USERENV.dll
0x00007fffe2470000 - 0x00007fffe247c000 	C:\Windows\SYSTEM32\CRYPTBASE.dll
0x00007fffe1ee0000 - 0x00007fffe1f1b000 	C:\Windows\SYSTEM32\IPHLPAPI.DLL
0x00007fffe5350000 - 0x00007fffe5358000 	C:\Windows\System32\NSI.dll
0x00007fffdb0f0000 - 0x00007fffdb107000 	C:\Windows\SYSTEM32\dhcpcsvc6.DLL
0x00007fffdb5b0000 - 0x00007fffdb5cd000 	C:\Windows\SYSTEM32\dhcpcsvc.DLL
0x00007fffe1f20000 - 0x00007fffe1fea000 	C:\Windows\SYSTEM32\DNSAPI.dll

dbghelp: loaded successfully - version: 4.0.5 - missing functions: none
symbol engine: initialized successfully - sym options: 0x614 - pdb path: .;C:\Program Files\Android\Android Studio\jre\bin;C:\Windows\SYSTEM32;C:\Windows\WinSxS\amd64_microsoft.windows.common-controls_6595b64144ccf1df_6.0.19041.1110_none_60b5254171f9507e;C:\Windows\system32\DriverStore\FileRepository\nvaci.inf_amd64_944bfe06c9417196;C:\Program Files\NVIDIA Corporation\CoProcManager;C:\Program Files\Android\Android Studio\jre\bin\server;C:\Users\Anton\.gradle\native\e1d6ef7f7dcc3fd88c89a11ec53ec762bb8ba0a96d01ffa2cd45eb1d1d8dd5c5\windows-amd64;C:\Users\Anton\.gradle\native\5664cfc778a61ccfe75a443a1ab52a65af34e5dc3c78e0209fed803814484fcb\windows-amd64

VM Arguments:
jvm_args: --add-opens=java.base/java.util=ALL-UNNAMED --add-opens=java.base/java.lang=ALL-UNNAMED --add-opens=java.base/java.lang.invoke=ALL-UNNAMED --add-opens=java.base/java.util=ALL-UNNAMED --add-opens=java.prefs/java.util.prefs=ALL-UNNAMED --add-opens=java.prefs/java.util.prefs=ALL-UNNAMED --add-opens=java.base/java.nio.charset=ALL-UNNAMED --add-opens=java.base/java.net=ALL-UNNAMED --add-opens=java.base/java.util.concurrent.atomic=ALL-UNNAMED -Xmx4608m -Dfile.encoding=UTF-8 -Duser.country=RU -Duser.language=ru -Duser.variant 
java_command: org.gradle.launcher.daemon.bootstrap.GradleDaemon 7.3.3
java_class_path (initial): C:\Users\Anton\.gradle\wrapper\dists\gradle-7.3.3-bin\6a41zxkdtcxs8rphpq6y0069z\gradle-7.3.3\lib\gradle-launcher-7.3.3.jar
Launcher Type: SUN_STANDARD

[Global flags]
     intx CICompilerCount                          = 3                                         {product} {ergonomic}
     uint ConcGCThreads                            = 1                                         {product} {ergonomic}
     uint G1ConcRefinementThreads                  = 4                                         {product} {ergonomic}
   size_t G1HeapRegionSize                         = 1048576                                   {product} {ergonomic}
    uintx GCDrainStackTargetSize                   = 64                                        {product} {ergonomic}
   size_t InitialHeapSize                          = 132120576                                 {product} {ergonomic}
   size_t MarkStackSize                            = 4194304                                   {product} {ergonomic}
   size_t MaxHeapSize                              = 4831838208                                {product} {command line}
   size_t MaxNewSize                               = 2898264064                                {product} {ergonomic}
   size_t MinHeapDeltaBytes                        = 1048576                                   {product} {ergonomic}
    uintx NonNMethodCodeHeapSize                   = 5830732                                {pd product} {ergonomic}
    uintx NonProfiledCodeHeapSize                  = 122913754                              {pd product} {ergonomic}
    uintx ProfiledCodeHeapSize                     = 122913754                              {pd product} {ergonomic}
    uintx ReservedCodeCacheSize                    = 251658240                              {pd product} {ergonomic}
     bool SegmentedCodeCache                       = true                                      {product} {ergonomic}
     bool UseCompressedClassPointers               = true                                 {lp64_product} {ergonomic}
     bool UseCompressedOops                        = true                                 {lp64_product} {ergonomic}
     bool UseG1GC                                  = true                                      {product} {ergonomic}
     bool UseLargePagesIndividualAllocation        = false                                  {pd product} {ergonomic}

Logging:
Log output configuration:
 #0: stdout all=warning uptime,level,tags
 #1: stderr all=off uptime,level,tags

Environment Variables:
PATH=C:\Program Files (x86)\Common Files\Intel\Shared Libraries\redist\intel64\compiler;C:\Program Files\Common Files\Oracle\Java\javapath;C:\Windows\system32;C:\Windows;C:\Windows\System32\Wbem;C:\Windows\System32\WindowsPowerShell\v1.0\;C:\Windows\System32\OpenSSH\;C:\Program Files (x86)\NVIDIA Corporation\PhysX\Common;C:\Program Files\Git\cmd;C:\Users\Anton\AppData\Local\Microsoft\WindowsApps;C:\Users\Anton\AppData\Local\GitHubDesktop\bin
USERNAME=Anton
OS=Windows_NT
PROCESSOR_IDENTIFIER=Intel64 Family 6 Model 42 Stepping 7, GenuineIntel



---------------  S Y S T E M  ---------------

OS: Windows 10 , 64 bit Build 19041 (10.0.19041.2364)
OS uptime: 4 days 22:48 hours

CPU:total 4 (initial active 4) (2 cores per cpu, 2 threads per core) family 6 model 42 stepping 7 microcode 0x2f, cmov, cx8, fxsr, mmx, sse, sse2, sse3, ssse3, sse4.1, sse4.2, popcnt, avx, aes, clmul, ht, tsc, tscinvbit

Memory: 4k page, system-wide physical 8043M (1021M free)
TotalPageFile size 11543M (AvailPageFile size 2550M)
current process WorkingSet (physical memory assigned to process): 566M, peak: 567M
current process commit charge ("private bytes"): 649M, peak: 650M

vm_info: OpenJDK 64-Bit Server VM (11.0.12+7-b1504.28-7817840) for windows-amd64 JRE (11.0.12+7-b1504.28-7817840), built on Oct 13 2021 22:12:33 by "builder" with MS VC++ 14.0 (VS2015)

END.
