#
# A fatal error has been detected by the Java Runtime Environment:
#
#  EXCEPTION_ACCESS_VIOLATION (0xc0000005) at pc=0x00007fffbd491a86, pid=11036, tid=4164
#
# JRE version: OpenJDK Runtime Environment (11.0.12+7) (build 11.0.12+7-b1504.28-7817840)
# Java VM: OpenJDK 64-Bit Server VM (11.0.12+7-b1504.28-7817840, mixed mode, tiered, compressed oops, g1 gc, windows-amd64)
# Problematic frame:
# V  [jvm.dll+0x191a86]
#
# No core dump will be written. Minidumps are not enabled by default on client versions of Windows
#
# If you would like to submit a bug report, please visit:
#   https://bugreport.java.com/bugreport/crash.jsp
#

---------------  S U M M A R Y ------------

Command Line: --add-opens=java.base/java.util=ALL-UNNAMED --add-opens=java.base/java.lang=ALL-UNNAMED --add-opens=java.base/java.lang.invoke=ALL-UNNAMED --add-opens=java.base/java.util=ALL-UNNAMED --add-opens=java.prefs/java.util.prefs=ALL-UNNAMED --add-opens=java.prefs/java.util.prefs=ALL-UNNAMED --add-opens=java.base/java.nio.charset=ALL-UNNAMED --add-opens=java.base/java.net=ALL-UNNAMED --add-opens=java.base/java.util.concurrent.atomic=ALL-UNNAMED -Xmx2048m -Dfile.encoding=UTF-8 -Duser.country=RU -Duser.language=ru -Duser.variant org.gradle.launcher.daemon.bootstrap.GradleDaemon 7.3.3

Host: Intel(R) Core(TM) i5-2430M CPU @ 2.40GHz, 4 cores, 7G,  Windows 10 , 64 bit Build 19041 (10.0.19041.2364)
Time: Mon Dec 26 19:25:07 2022 Центральная Европа (зима) elapsed time: 284.863546 seconds (0d 0h 4m 44s)

---------------  T H R E A D  ---------------

Current thread (0x0000021bc6122000):  ConcurrentGCThread "G1 Conc#0" [stack: 0x000000a32b600000,0x000000a32b700000] [id=4164]

Stack: [0x000000a32b600000,0x000000a32b700000],  sp=0x000000a32b6ff7e8,  free space=1021k
Native frames: (J=compiled Java code, j=interpreted, Vv=VM code, C=native code)
V  [jvm.dll+0x191a86]


siginfo: EXCEPTION_ACCESS_VIOLATION (0xc0000005), reading address 0x0000000000404008


Register to memory mapping:

RIP=0x00007fffbd491a86 jvm.dll
RAX=0x0000000000000001 is an unknown value
RBX=0x00000000806c80f8 is pointing into object: [B 
{0x00000000806c6e08} - klass: {type array byte}
 - length: 29419
RCX=0x00000000806c80f8 is pointing into object: [B 
{0x00000000806c6e08} - klass: {type array byte}
 - length: 29419
RDX=0x00000000806c80f8 is pointing into object: [B 
{0x00000000806c6e08} - klass: {type array byte}
 - length: 29419
RSP=0x000000a32b6ff7e8 points into unknown readable memory: 0x00007fffbd5e22ea | ea 22 5e bd ff 7f 00 00
RBP=0x0000021bc6116cd0 points into unknown readable memory: 0x0000021bc611f800 | 00 f8 11 c6 1b 02 00 00
RSI=0x0000000000000001 is an unknown value
RDI=0x0 is NULL
R8 =0x0 is NULL
R9 =0x0000000000404000 is an unknown value
R10=0x0000021bc6116cd0 points into unknown readable memory: 0x0000021bc611f800 | 00 f8 11 c6 1b 02 00 00
R11=0x0000021bdd580000 points into unknown readable memory: 0x0000000000000001 | 01 00 00 00 00 00 00 00
R12=0x000000000000000c is an unknown value
R13=0xaaaaaaaaaaaaaaab is an unknown value
R14=0x0 is NULL
R15=0x000000a32b6ff9c0 points into unknown readable memory: 0x0000021bc6116cd0 | d0 6c 11 c6 1b 02 00 00


Registers:
RAX=0x0000000000000001, RBX=0x00000000806c80f8, RCX=0x00000000806c80f8, RDX=0x00000000806c80f8
RSP=0x000000a32b6ff7e8, RBP=0x0000021bc6116cd0, RSI=0x0000000000000001, RDI=0x0000000000000000
R8 =0x0000000000000000, R9 =0x0000000000404000, R10=0x0000021bc6116cd0, R11=0x0000021bdd580000
R12=0x000000000000000c, R13=0xaaaaaaaaaaaaaaab, R14=0x0000000000000000, R15=0x000000a32b6ff9c0
RIP=0x00007fffbd491a86, EFLAGS=0x0000000000010206

Top of Stack: (sp=0x000000a32b6ff7e8)
0x000000a32b6ff7e8:   00007fffbd5e22ea 00000000806c80f8
0x000000a32b6ff7f8:   000000a32b6ff9e8 0000000100001a70
0x000000a32b6ff808:   00007fffbd5e2196 0000021bc6122401
0x000000a32b6ff818:   00007fffbd5e2196 000000a32b6ff9e8
0x000000a32b6ff828:   00000000806c80f8 0000021bc6123b40
0x000000a32b6ff838:   000000a32b6ff9e8 0000000000000000
0x000000a32b6ff848:   00007fffbd5d9fbd 0000000083feaf4c
0x000000a32b6ff858:   00007fffbd5db3fd 0000000083feaf20
0x000000a32b6ff868:   0000000083feaf3c 000000a32b6ff9c0
0x000000a32b6ff878:   0000021bc6122401 000000010002f488
0x000000a32b6ff888:   00007fffbd5d9871 0000000000000006
0x000000a32b6ff898:   0000000083feaf20 0000000083feae98
0x000000a32b6ff8a8:   000000a32b6ff9c0 0000000083feaf20
0x000000a32b6ff8b8:   00007fffbd5e7d4f 0000021bc6123b40
0x000000a32b6ff8c8:   0000000000800000 000000a32b6ff9c0
0x000000a32b6ff8d8:   0000000000000000 0000000083feaf20 

Instructions: (pc=0x00007fffbd491a86)
0x00007fffbd491986:   48 89 5c 24 20 e8 f0 00 00 00 80 7f 30 00 48 63
0x00007fffbd491996:   c8 48 89 4c 24 28 0f 28 44 24 20 74 17 0f 11 86
0x00007fffbd4919a6:   98 03 00 00 48 8b 5c 24 40 48 8b 74 24 48 48 83
0x00007fffbd4919b6:   c4 30 5f c3 48 8b 07 48 8d 54 24 20 48 8b cf 66
0x00007fffbd4919c6:   0f 7f 44 24 20 ff 50 38 48 8b 5c 24 40 48 8b 74
0x00007fffbd4919d6:   24 48 48 83 c4 30 5f c3 cc cc 40 53 48 83 ec 30
0x00007fffbd4919e6:   0f 10 82 98 03 00 00 48 8b da 0f 10 c8 66 0f 73
0x00007fffbd4919f6:   d9 08 66 48 0f 7e c8 48 85 c0 74 28 48 8b 01 48
0x00007fffbd491a06:   8d 54 24 20 0f 29 44 24 20 ff 50 40 33 c0 48 89
0x00007fffbd491a16:   44 24 20 48 89 44 24 28 0f 10 44 24 20 0f 11 83
0x00007fffbd491a26:   98 03 00 00 48 83 c4 30 5b c3 48 8b 49 38 48 8b
0x00007fffbd491a36:   01 48 ff 60 28 cc cc cc cc cc 80 3d 91 a6 87 00
0x00007fffbd491a46:   00 48 8b c1 74 1b 8b 51 08 8b 0d 83 13 83 00 48
0x00007fffbd491a56:   d3 e2 48 8b c8 48 03 15 6e 13 83 00 e9 19 00 00
0x00007fffbd491a66:   00 48 8b 51 08 48 8b c8 e9 0d 00 00 00 cc cc cc
0x00007fffbd491a76:   cc cc cc cc cc cc cc cc cc cc 4c 8b ca 48 8b d1
0x00007fffbd491a86:   45 8b 41 08 45 85 c0 7e 0e 41 f6 c0 01 75 59 41
0x00007fffbd491a96:   c1 f8 03 41 8b c0 c3 79 4f 80 3d 32 a6 87 00 00
0x00007fffbd491aa6:   b8 0c 00 00 00 b9 10 00 00 00 0f 45 c8 8b 05 ab
0x00007fffbd491ab6:   5c 81 00 ff c8 4c 63 c8 48 63 c1 41 8b c8 83 e1
0x00007fffbd491ac6:   3f 48 63 14 10 41 8b c0 48 c1 f8 10 0f b6 c0 48
0x00007fffbd491ad6:   d3 e2 49 8d 0c 11 49 f7 d1 48 03 c1 49 c1 e9 03
0x00007fffbd491ae6:   48 c1 e8 03 41 23 c1 c3 49 8b 01 49 8b c9 48 ff
0x00007fffbd491af6:   a0 10 01 00 00 cc cc cc cc cc 48 83 ec 38 0f 10
0x00007fffbd491b06:   02 48 8b 49 38 48 8d 54 24 20 0f 29 44 24 20 e8
0x00007fffbd491b16:   66 f0 ff ff 48 83 c4 38 c3 cc 48 89 5c 24 08 55
0x00007fffbd491b26:   56 57 41 54 41 55 41 56 41 57 48 8d 6c 24 e0 48
0x00007fffbd491b36:   81 ec 20 01 00 00 48 8b 05 7d 99 84 00 48 33 c4
0x00007fffbd491b46:   48 89 45 10 48 8b 05 ff 0f 87 00 45 33 ed 4c 8b
0x00007fffbd491b56:   b5 80 00 00 00 4c 8b fa 48 8b bd 88 00 00 00 4d
0x00007fffbd491b66:   8b c6 49 8b d6 49 8b f1 48 8b 48 38 48 8b 59 48
0x00007fffbd491b76:   49 8b cf c7 45 c0 ff ff ff ff 44 89 6d d4 4c 89 


Stack slot to memory mapping:
stack at sp + 0 slots: 0x00007fffbd5e22ea jvm.dll
stack at sp + 1 slots: 0x00000000806c80f8 is pointing into object: [B 
{0x00000000806c6e08} - klass: {type array byte}
 - length: 29419
stack at sp + 2 slots: 0x000000a32b6ff9e8 points into unknown readable memory: 0x00007fffbdb30280 | 80 02 b3 bd ff 7f 00 00
stack at sp + 3 slots: 0x0000000100001a70 is a pointer to class: 
java.lang.reflect.AnnotatedElement {0x0000000100001a78}
stack at sp + 4 slots: 0x00007fffbd5e2196 jvm.dll
stack at sp + 5 slots: 0x0000021bc6122401 points into unknown readable memory: 00 00 00 00 00 00 00
stack at sp + 6 slots: 0x00007fffbd5e2196 jvm.dll
stack at sp + 7 slots: 0x000000a32b6ff9e8 points into unknown readable memory: 0x00007fffbdb30280 | 80 02 b3 bd ff 7f 00 00


---------------  P R O C E S S  ---------------

Threads class SMR info:
_java_thread_list=0x0000021be7849db0, length=38, elements={
0x0000021bc60d7000, 0x0000021be2437000, 0x0000021be2438800, 0x0000021be244e800,
0x0000021be244f800, 0x0000021be2453000, 0x0000021be2499000, 0x0000021be249d800,
0x0000021be249e800, 0x0000021be25f9800, 0x0000021be31bb800, 0x0000021be2b9f000,
0x0000021be4f83800, 0x0000021be45a2000, 0x0000021be45a3000, 0x0000021be459f800,
0x0000021be459f000, 0x0000021be45a0800, 0x0000021be45a1000, 0x0000021be45a4800,
0x0000021be3a4c000, 0x0000021be3a52800, 0x0000021be3a4d000, 0x0000021be3a4f800,
0x0000021be3a4e800, 0x0000021be3a53800, 0x0000021be3a4e000, 0x0000021be3a55000,
0x0000021be3a56000, 0x0000021be3a54800, 0x0000021be3a50800, 0x0000021be3a57000,
0x0000021be2643000, 0x0000021be3a57800, 0x0000021be3a59800, 0x0000021be3a5a000,
0x0000021be3a58800, 0x0000021be3a5b000
}

Java Threads: ( => current thread )
  0x0000021bc60d7000 JavaThread "main" [_thread_blocked, id=9856, stack(0x000000a32b300000,0x000000a32b400000)]
  0x0000021be2437000 JavaThread "Reference Handler" daemon [_thread_blocked, id=2684, stack(0x000000a32ba00000,0x000000a32bb00000)]
  0x0000021be2438800 JavaThread "Finalizer" daemon [_thread_blocked, id=956, stack(0x000000a32bb00000,0x000000a32bc00000)]
  0x0000021be244e800 JavaThread "Signal Dispatcher" daemon [_thread_blocked, id=11724, stack(0x000000a32bc00000,0x000000a32bd00000)]
  0x0000021be244f800 JavaThread "Attach Listener" daemon [_thread_blocked, id=1192, stack(0x000000a32bd00000,0x000000a32be00000)]
  0x0000021be2453000 JavaThread "Service Thread" daemon [_thread_blocked, id=11460, stack(0x000000a32be00000,0x000000a32bf00000)]
  0x0000021be2499000 JavaThread "C2 CompilerThread0" daemon [_thread_in_native, id=8648, stack(0x000000a32bf00000,0x000000a32c000000)]
  0x0000021be249d800 JavaThread "C1 CompilerThread0" daemon [_thread_blocked, id=3856, stack(0x000000a32c000000,0x000000a32c100000)]
  0x0000021be249e800 JavaThread "Sweeper thread" daemon [_thread_blocked, id=1652, stack(0x000000a32c100000,0x000000a32c200000)]
  0x0000021be25f9800 JavaThread "Common-Cleaner" daemon [_thread_blocked, id=11228, stack(0x000000a32c200000,0x000000a32c300000)]
  0x0000021be31bb800 JavaThread "Daemon health stats" [_thread_blocked, id=1048, stack(0x000000a32c700000,0x000000a32c800000)]
  0x0000021be2b9f000 JavaThread "Incoming local TCP Connector on port 59865" [_thread_in_native, id=1592, stack(0x000000a32c600000,0x000000a32c700000)]
  0x0000021be4f83800 JavaThread "Daemon periodic checks" [_thread_blocked, id=1432, stack(0x000000a32c800000,0x000000a32c900000)]
  0x0000021be45a2000 JavaThread "Cache worker for journal cache (C:\Users\Anton\.gradle\caches\journal-1)" [_thread_blocked, id=9256, stack(0x000000a32d200000,0x000000a32d300000)]
  0x0000021be45a3000 JavaThread "File lock request listener" [_thread_in_native, id=8908, stack(0x000000a32d300000,0x000000a32d400000)]
  0x0000021be459f800 JavaThread "Cache worker for file hash cache (C:\Users\Anton\.gradle\caches\7.3.3\fileHashes)" [_thread_blocked, id=4804, stack(0x000000a32d400000,0x000000a32d500000)]
  0x0000021be459f000 JavaThread "File watcher server" daemon [_thread_in_native, id=5952, stack(0x000000a32d600000,0x000000a32d700000)]
  0x0000021be45a0800 JavaThread "File watcher consumer" daemon [_thread_blocked, id=8260, stack(0x000000a32d700000,0x000000a32d800000)]
  0x0000021be45a1000 JavaThread "jar transforms" [_thread_blocked, id=4112, stack(0x000000a32d800000,0x000000a32d900000)]
  0x0000021be45a4800 JavaThread "jar transforms Thread 2" [_thread_blocked, id=2360, stack(0x000000a32d900000,0x000000a32da00000)]
  0x0000021be3a4c000 JavaThread "jar transforms Thread 3" [_thread_blocked, id=7088, stack(0x000000a32da00000,0x000000a32db00000)]
  0x0000021be3a52800 JavaThread "jar transforms Thread 4" [_thread_blocked, id=11740, stack(0x000000a32db00000,0x000000a32dc00000)]
  0x0000021be3a4d000 JavaThread "Cache worker for execution history cache (C:\Users\Anton\.gradle\caches\7.3.3\executionHistory)" [_thread_blocked, id=10588, stack(0x000000a32df00000,0x000000a32e000000)]
  0x0000021be3a4f800 JavaThread "Cache worker for file content cache (C:\Users\Anton\.gradle\caches\7.3.3\fileContent)" [_thread_blocked, id=2356, stack(0x000000a32e000000,0x000000a32e100000)]
  0x0000021be3a4e800 JavaThread "Daemon Thread 2" [_thread_blocked, id=5664, stack(0x000000a32b100000,0x000000a32b200000)]
  0x0000021be3a53800 JavaThread "Handler for socket connection from /127.0.0.1:59865 to /127.0.0.1:59892" [_thread_in_native, id=8632, stack(0x000000a32b200000,0x000000a32b300000)]
  0x0000021be3a4e000 JavaThread "Cancel handler" [_thread_blocked, id=10364, stack(0x000000a32ca00000,0x000000a32cb00000)]
  0x0000021be3a55000 JavaThread "Daemon worker Thread 2" [_thread_in_Java, id=6460, stack(0x000000a32cb00000,0x000000a32cc00000)]
  0x0000021be3a56000 JavaThread "Asynchronous log dispatcher for DefaultDaemonConnection: socket connection from /127.0.0.1:59865 to /127.0.0.1:59892" [_thread_blocked, id=9944, stack(0x000000a32cc00000,0x000000a32cd00000)]
  0x0000021be3a54800 JavaThread "Stdin handler" [_thread_blocked, id=3380, stack(0x000000a32cd00000,0x000000a32ce00000)]
  0x0000021be3a50800 JavaThread "Daemon client event forwarder" [_thread_blocked, id=8852, stack(0x000000a32ce00000,0x000000a32cf00000)]
  0x0000021be3a57000 JavaThread "Cache worker for file hash cache (C:\Users\Anton\AndroidStudioProjects\CryptoAppProject\.gradle\7.3.3\fileHashes)" [_thread_blocked, id=4700, stack(0x000000a32cf00000,0x000000a32d000000)]
  0x0000021be2643000 JavaThread "C2 CompilerThread1" daemon [_thread_in_native, id=1028, stack(0x000000a32d000000,0x000000a32d100000)]
  0x0000021be3a57800 JavaThread "Cache worker for checksums cache (C:\Users\Anton\AndroidStudioProjects\CryptoAppProject\.gradle\7.3.3\checksums)" [_thread_blocked, id=4236, stack(0x000000a32d100000,0x000000a32d200000)]
  0x0000021be3a59800 JavaThread "Cache worker for cache directory md-supplier (C:\Users\Anton\.gradle\caches\7.3.3\md-supplier)" [_thread_blocked, id=10032, stack(0x000000a32d500000,0x000000a32d600000)]
  0x0000021be3a5a000 JavaThread "Cache worker for cache directory md-rule (C:\Users\Anton\.gradle\caches\7.3.3\md-rule)" [_thread_blocked, id=4872, stack(0x000000a32dc00000,0x000000a32dd00000)]
  0x0000021be3a58800 JavaThread "Cache worker for dependencies-accessors (C:\Users\Anton\AndroidStudioProjects\CryptoAppProject\.gradle\7.3.3\dependencies-accessors)" [_thread_blocked, id=9824, stack(0x000000a32dd00000,0x000000a32de00000)]
  0x0000021be3a5b000 JavaThread "Cache worker for Build Output Cleanup Cache (C:\Users\Anton\AndroidStudioProjects\CryptoAppProject\.gradle\buildOutputCleanup)" [_thread_blocked, id=12120, stack(0x000000a32de00000,0x000000a32df00000)]

Other Threads:
  0x0000021be2431800 VMThread "VM Thread" [stack: 0x000000a32b900000,0x000000a32ba00000] [id=10380]
  0x0000021be2644800 WatcherThread [stack: 0x000000a32c300000,0x000000a32c400000] [id=5808]
  0x0000021bc60f0000 GCTaskThread "GC Thread#0" [stack: 0x000000a32b400000,0x000000a32b500000] [id=4764]
  0x0000021be27d9800 GCTaskThread "GC Thread#1" [stack: 0x000000a32c400000,0x000000a32c500000] [id=6268]
  0x0000021be30ec800 GCTaskThread "GC Thread#2" [stack: 0x000000a32c500000,0x000000a32c600000] [id=9112]
  0x0000021be5878800 GCTaskThread "GC Thread#3" [stack: 0x000000a32c900000,0x000000a32ca00000] [id=9700]
  0x0000021bc611f800 ConcurrentGCThread "G1 Main Marker" [stack: 0x000000a32b500000,0x000000a32b600000] [id=8068]
=>0x0000021bc6122000 ConcurrentGCThread "G1 Conc#0" [stack: 0x000000a32b600000,0x000000a32b700000] [id=4164]
  0x0000021be1a73800 ConcurrentGCThread "G1 Refine#0" [stack: 0x000000a32b700000,0x000000a32b800000] [id=7568]
  0x0000021be1a76000 ConcurrentGCThread "G1 Young RemSet Sampling" [stack: 0x000000a32b800000,0x000000a32b900000] [id=3808]

Threads with active compile tasks:
C2 CompilerThread0 284948 7019       4       org.gradle.internal.service.DefaultServiceRegistry$SingletonService::get (5 bytes)
C2 CompilerThread1 284948 7023   !   4       org.gradle.internal.service.DefaultServiceRegistry$ManagedObjectServiceProvider::getInstance (47 bytes)

VM state:not at safepoint (normal execution)

VM Mutex/Monitor currently owned by a thread: None

Heap address: 0x0000000080000000, size: 2048 MB, Compressed Oops mode: 32-bit
Narrow klass base: 0x0000000000000000, Narrow klass shift: 3
Compressed class space size: 1073741824 Address: 0x0000000100000000

Heap:
 garbage-first heap   total 155648K, used 80021K [0x0000000080000000, 0x0000000100000000)
  region size 1024K, 4 young (4096K), 3 survivors (3072K)
 Metaspace       used 56255K, capacity 57918K, committed 58188K, reserved 1099776K
  class space    used 7287K, capacity 7902K, committed 8012K, reserved 1048576K
Heap Regions: E=young(eden), S=young(survivor), O=old, HS=humongous(starts), HC=humongous(continues), CS=collection set, F=free, A=archive, TAMS=top-at-mark-start (previous, next)
|   0|0x0000000080000000, 0x0000000080100000, 0x0000000080100000|100%| O|  |TAMS 0x0000000080100000, 0x0000000080100000| Untracked 
|   1|0x0000000080100000, 0x0000000080200000, 0x0000000080200000|100%| O|  |TAMS 0x0000000080200000, 0x0000000080200000| Untracked 
|   2|0x0000000080200000, 0x0000000080300000, 0x0000000080300000|100%| O|  |TAMS 0x0000000080300000, 0x0000000080300000| Untracked 
|   3|0x0000000080300000, 0x0000000080400000, 0x0000000080400000|100%|HS|  |TAMS 0x0000000080400000, 0x0000000080400000| Complete 
|   4|0x0000000080400000, 0x0000000080500000, 0x0000000080500000|100%|HC|  |TAMS 0x0000000080500000, 0x0000000080500000| Complete 
|   5|0x0000000080500000, 0x0000000080600000, 0x0000000080600000|100%|HC|  |TAMS 0x0000000080600000, 0x0000000080600000| Complete 
|   6|0x0000000080600000, 0x0000000080700000, 0x0000000080700000|100%| O|  |TAMS 0x0000000080700000, 0x0000000080700000| Untracked 
|   7|0x0000000080700000, 0x0000000080800000, 0x0000000080800000|100%| O|  |TAMS 0x0000000080800000, 0x0000000080800000| Untracked 
|   8|0x0000000080800000, 0x0000000080900000, 0x0000000080900000|100%| O|  |TAMS 0x0000000080900000, 0x0000000080900000| Untracked 
|   9|0x0000000080900000, 0x0000000080a00000, 0x0000000080a00000|100%| O|  |TAMS 0x0000000080a00000, 0x0000000080a00000| Untracked 
|  10|0x0000000080a00000, 0x0000000080b00000, 0x0000000080b00000|100%| O|  |TAMS 0x0000000080b00000, 0x0000000080b00000| Untracked 
|  11|0x0000000080b00000, 0x0000000080c00000, 0x0000000080c00000|100%| O|  |TAMS 0x0000000080c00000, 0x0000000080c00000| Untracked 
|  12|0x0000000080c00000, 0x0000000080d00000, 0x0000000080d00000|100%| O|  |TAMS 0x0000000080d00000, 0x0000000080d00000| Untracked 
|  13|0x0000000080d00000, 0x0000000080e00000, 0x0000000080e00000|100%| O|  |TAMS 0x0000000080e00000, 0x0000000080e00000| Untracked 
|  14|0x0000000080e00000, 0x0000000080f00000, 0x0000000080f00000|100%| O|  |TAMS 0x0000000080f00000, 0x0000000080f00000| Untracked 
|  15|0x0000000080f00000, 0x0000000081000000, 0x0000000081000000|100%| O|  |TAMS 0x0000000081000000, 0x0000000081000000| Untracked 
|  16|0x0000000081000000, 0x0000000081100000, 0x0000000081100000|100%|HS|  |TAMS 0x0000000081100000, 0x0000000081100000| Complete 
|  17|0x0000000081100000, 0x0000000081200000, 0x0000000081200000|100%|HC|  |TAMS 0x0000000081200000, 0x0000000081200000| Complete 
|  18|0x0000000081200000, 0x0000000081300000, 0x0000000081300000|100%|HS|  |TAMS 0x0000000081300000, 0x0000000081300000| Complete 
|  19|0x0000000081300000, 0x0000000081400000, 0x0000000081400000|100%|HC|  |TAMS 0x0000000081400000, 0x0000000081400000| Complete 
|  20|0x0000000081400000, 0x0000000081500000, 0x0000000081500000|100%|HC|  |TAMS 0x0000000081500000, 0x0000000081500000| Complete 
|  21|0x0000000081500000, 0x0000000081600000, 0x0000000081600000|100%|HS|  |TAMS 0x0000000081600000, 0x0000000081600000| Complete 
|  22|0x0000000081600000, 0x0000000081700000, 0x0000000081700000|100%|HS|  |TAMS 0x0000000081700000, 0x0000000081700000| Complete 
|  23|0x0000000081700000, 0x0000000081800000, 0x0000000081800000|100%|HC|  |TAMS 0x0000000081800000, 0x0000000081800000| Complete 
|  24|0x0000000081800000, 0x0000000081900000, 0x0000000081900000|100%|HC|  |TAMS 0x0000000081900000, 0x0000000081900000| Complete 
|  25|0x0000000081900000, 0x0000000081a00000, 0x0000000081a00000|100%|HC|  |TAMS 0x0000000081a00000, 0x0000000081a00000| Complete 
|  26|0x0000000081a00000, 0x0000000081b00000, 0x0000000081b00000|100%| O|  |TAMS 0x0000000081b00000, 0x0000000081b00000| Untracked 
|  27|0x0000000081b00000, 0x0000000081c00000, 0x0000000081c00000|100%| O|  |TAMS 0x0000000081c00000, 0x0000000081c00000| Untracked 
|  28|0x0000000081c00000, 0x0000000081d00000, 0x0000000081d00000|100%| O|  |TAMS 0x0000000081d00000, 0x0000000081d00000| Untracked 
|  29|0x0000000081d00000, 0x0000000081e00000, 0x0000000081e00000|100%| O|  |TAMS 0x0000000081e00000, 0x0000000081e00000| Untracked 
|  30|0x0000000081e00000, 0x0000000081f00000, 0x0000000081f00000|100%| O|  |TAMS 0x0000000081f00000, 0x0000000081f00000| Untracked 
|  31|0x0000000081f00000, 0x0000000082000000, 0x0000000082000000|100%| O|  |TAMS 0x0000000082000000, 0x0000000082000000| Untracked 
|  32|0x0000000082000000, 0x0000000082100000, 0x0000000082100000|100%| O|  |TAMS 0x0000000082100000, 0x0000000082100000| Untracked 
|  33|0x0000000082100000, 0x0000000082200000, 0x0000000082200000|100%| O|  |TAMS 0x00000000821abc00, 0x0000000082200000| Untracked 
|  34|0x0000000082200000, 0x0000000082300000, 0x0000000082300000|100%|HS|  |TAMS 0x0000000082200000, 0x0000000082300000| Complete 
|  35|0x0000000082300000, 0x0000000082400000, 0x0000000082400000|100%|HS|  |TAMS 0x0000000082300000, 0x0000000082400000| Complete 
|  36|0x0000000082400000, 0x0000000082500000, 0x0000000082500000|100%|HC|  |TAMS 0x0000000082400000, 0x0000000082500000| Complete 
|  37|0x0000000082500000, 0x0000000082600000, 0x0000000082600000|100%|HC|  |TAMS 0x0000000082500000, 0x0000000082600000| Complete 
|  38|0x0000000082600000, 0x0000000082700000, 0x0000000082700000|100%| O|  |TAMS 0x0000000082600000, 0x0000000082700000| Untracked 
|  39|0x0000000082700000, 0x0000000082800000, 0x0000000082800000|100%| O|  |TAMS 0x0000000082700000, 0x0000000082800000| Untracked 
|  40|0x0000000082800000, 0x0000000082900000, 0x0000000082900000|100%| O|  |TAMS 0x0000000082800000, 0x0000000082900000| Untracked 
|  41|0x0000000082900000, 0x0000000082a00000, 0x0000000082a00000|100%| O|  |TAMS 0x0000000082900000, 0x0000000082a00000| Untracked 
|  42|0x0000000082a00000, 0x0000000082b00000, 0x0000000082b00000|100%| O|  |TAMS 0x0000000082a00000, 0x0000000082b00000| Untracked 
|  43|0x0000000082b00000, 0x0000000082c00000, 0x0000000082c00000|100%| O|  |TAMS 0x0000000082b00000, 0x0000000082c00000| Untracked 
|  44|0x0000000082c00000, 0x0000000082d00000, 0x0000000082d00000|100%| O|  |TAMS 0x0000000082c00000, 0x0000000082d00000| Untracked 
|  45|0x0000000082d00000, 0x0000000082e00000, 0x0000000082e00000|100%|HS|  |TAMS 0x0000000082d00000, 0x0000000082e00000| Complete 
|  46|0x0000000082e00000, 0x0000000082f00000, 0x0000000082f00000|100%|HC|  |TAMS 0x0000000082e00000, 0x0000000082f00000| Complete 
|  47|0x0000000082f00000, 0x0000000083000000, 0x0000000083000000|100%|HC|  |TAMS 0x0000000082f00000, 0x0000000083000000| Complete 
|  48|0x0000000083000000, 0x0000000083100000, 0x0000000083100000|100%|HC|  |TAMS 0x0000000083000000, 0x0000000083100000| Complete 
|  49|0x0000000083100000, 0x0000000083200000, 0x0000000083200000|100%| O|  |TAMS 0x0000000083100000, 0x0000000083200000| Untracked 
|  50|0x0000000083200000, 0x0000000083300000, 0x0000000083300000|100%| O|  |TAMS 0x0000000083200000, 0x0000000083300000| Untracked 
|  51|0x0000000083300000, 0x0000000083400000, 0x0000000083400000|100%|HS|  |TAMS 0x0000000083300000, 0x0000000083400000| Complete 
|  52|0x0000000083400000, 0x0000000083500000, 0x0000000083500000|100%|HS|  |TAMS 0x0000000083400000, 0x0000000083500000| Complete 
|  53|0x0000000083500000, 0x0000000083600000, 0x0000000083600000|100%|HS|  |TAMS 0x0000000083500000, 0x0000000083600000| Complete 
|  54|0x0000000083600000, 0x0000000083700000, 0x0000000083700000|100%|HS|  |TAMS 0x0000000083600000, 0x0000000083700000| Complete 
|  55|0x0000000083700000, 0x0000000083800000, 0x0000000083800000|100%|HC|  |TAMS 0x0000000083700000, 0x0000000083800000| Complete 
|  56|0x0000000083800000, 0x0000000083900000, 0x0000000083900000|100%|HC|  |TAMS 0x0000000083800000, 0x0000000083900000| Complete 
|  57|0x0000000083900000, 0x0000000083a00000, 0x0000000083a00000|100%| O|  |TAMS 0x0000000083900000, 0x0000000083a00000| Untracked 
|  58|0x0000000083a00000, 0x0000000083b00000, 0x0000000083b00000|100%| O|  |TAMS 0x0000000083a00000, 0x0000000083b00000| Untracked 
|  59|0x0000000083b00000, 0x0000000083c00000, 0x0000000083c00000|100%| O|  |TAMS 0x0000000083b00000, 0x0000000083c00000| Untracked 
|  60|0x0000000083c00000, 0x0000000083d00000, 0x0000000083d00000|100%| O|  |TAMS 0x0000000083c00000, 0x0000000083d00000| Untracked 
|  61|0x0000000083d00000, 0x0000000083e00000, 0x0000000083e00000|100%| O|  |TAMS 0x0000000083d00000, 0x0000000083e00000| Untracked 
|  62|0x0000000083e00000, 0x0000000083f00000, 0x0000000083f00000|100%| O|  |TAMS 0x0000000083e00000, 0x0000000083f00000| Untracked 
|  63|0x0000000083f00000, 0x0000000084000000, 0x0000000084000000|100%| O|  |TAMS 0x0000000083f00000, 0x0000000084000000| Untracked 
|  64|0x0000000084000000, 0x0000000084100000, 0x0000000084100000|100%|HS|  |TAMS 0x0000000084000000, 0x0000000084100000| Complete 
|  65|0x0000000084100000, 0x0000000084200000, 0x0000000084200000|100%|HC|  |TAMS 0x0000000084100000, 0x0000000084200000| Complete 
|  66|0x0000000084200000, 0x0000000084300000, 0x0000000084300000|100%| O|  |TAMS 0x0000000084200000, 0x0000000084300000| Untracked 
|  67|0x0000000084300000, 0x0000000084400000, 0x0000000084400000|100%| O|  |TAMS 0x0000000084300000, 0x0000000084400000| Untracked 
|  68|0x0000000084400000, 0x0000000084500000, 0x0000000084500000|100%| O|  |TAMS 0x0000000084400000, 0x0000000084500000| Untracked 
|  69|0x0000000084500000, 0x0000000084600000, 0x0000000084600000|100%| O|  |TAMS 0x0000000084500000, 0x0000000084600000| Untracked 
|  70|0x0000000084600000, 0x0000000084700000, 0x0000000084700000|100%| O|  |TAMS 0x0000000084600000, 0x0000000084700000| Untracked 
|  71|0x0000000084700000, 0x0000000084800000, 0x0000000084800000|100%| O|  |TAMS 0x0000000084700000, 0x0000000084800000| Untracked 
|  72|0x0000000084800000, 0x0000000084900000, 0x0000000084900000|100%| O|  |TAMS 0x0000000084800000, 0x0000000084900000| Untracked 
|  73|0x0000000084900000, 0x0000000084a00000, 0x0000000084a00000|100%| O|  |TAMS 0x0000000084900000, 0x0000000084a00000| Untracked 
|  74|0x0000000084a00000, 0x0000000084b00000, 0x0000000084b00000|100%| O|  |TAMS 0x0000000084a00000, 0x0000000084b00000| Untracked 
|  75|0x0000000084b00000, 0x0000000084bfe800, 0x0000000084c00000| 99%| O|  |TAMS 0x0000000084b00000, 0x0000000084bfe800| Untracked 
|  76|0x0000000084c00000, 0x0000000084c00000, 0x0000000084d00000|  0%| F|  |TAMS 0x0000000084c00000, 0x0000000084c00000| Untracked 
|  77|0x0000000084d00000, 0x0000000084d00000, 0x0000000084e00000|  0%| F|  |TAMS 0x0000000084d00000, 0x0000000084d00000| Untracked 
|  78|0x0000000084e00000, 0x0000000084e00000, 0x0000000084f00000|  0%| F|  |TAMS 0x0000000084e00000, 0x0000000084e00000| Untracked 
|  79|0x0000000084f00000, 0x0000000084f00000, 0x0000000085000000|  0%| F|  |TAMS 0x0000000084f00000, 0x0000000084f00000| Untracked 
|  80|0x0000000085000000, 0x0000000085000000, 0x0000000085100000|  0%| F|  |TAMS 0x0000000085000000, 0x0000000085000000| Untracked 
|  81|0x0000000085100000, 0x0000000085100000, 0x0000000085200000|  0%| F|  |TAMS 0x0000000085100000, 0x0000000085100000| Untracked 
|  82|0x0000000085200000, 0x0000000085200000, 0x0000000085300000|  0%| F|  |TAMS 0x0000000085200000, 0x0000000085200000| Untracked 
|  83|0x0000000085300000, 0x0000000085300000, 0x0000000085400000|  0%| F|  |TAMS 0x0000000085300000, 0x0000000085300000| Untracked 
|  84|0x0000000085400000, 0x0000000085400000, 0x0000000085500000|  0%| F|  |TAMS 0x0000000085400000, 0x0000000085400000| Untracked 
|  85|0x0000000085500000, 0x0000000085500000, 0x0000000085600000|  0%| F|  |TAMS 0x0000000085500000, 0x0000000085500000| Untracked 
|  86|0x0000000085600000, 0x0000000085600000, 0x0000000085700000|  0%| F|  |TAMS 0x0000000085600000, 0x0000000085600000| Untracked 
|  87|0x0000000085700000, 0x0000000085700000, 0x0000000085800000|  0%| F|  |TAMS 0x0000000085700000, 0x0000000085700000| Untracked 
|  88|0x0000000085800000, 0x0000000085800000, 0x0000000085900000|  0%| F|  |TAMS 0x0000000085800000, 0x0000000085800000| Untracked 
|  89|0x0000000085900000, 0x0000000085900000, 0x0000000085a00000|  0%| F|  |TAMS 0x0000000085900000, 0x0000000085900000| Untracked 
|  90|0x0000000085a00000, 0x0000000085a00000, 0x0000000085b00000|  0%| F|  |TAMS 0x0000000085a00000, 0x0000000085a00000| Untracked 
|  91|0x0000000085b00000, 0x0000000085b00000, 0x0000000085c00000|  0%| F|  |TAMS 0x0000000085b00000, 0x0000000085b00000| Untracked 
|  92|0x0000000085c00000, 0x0000000085c00000, 0x0000000085d00000|  0%| F|  |TAMS 0x0000000085c00000, 0x0000000085c00000| Untracked 
|  93|0x0000000085d00000, 0x0000000085d00000, 0x0000000085e00000|  0%| F|  |TAMS 0x0000000085d00000, 0x0000000085d00000| Untracked 
|  94|0x0000000085e00000, 0x0000000085e00000, 0x0000000085f00000|  0%| F|  |TAMS 0x0000000085e00000, 0x0000000085e00000| Untracked 
|  95|0x0000000085f00000, 0x0000000085f00000, 0x0000000086000000|  0%| F|  |TAMS 0x0000000085f00000, 0x0000000085f00000| Untracked 
|  96|0x0000000086000000, 0x0000000086000000, 0x0000000086100000|  0%| F|  |TAMS 0x0000000086000000, 0x0000000086000000| Untracked 
|  97|0x0000000086100000, 0x0000000086100000, 0x0000000086200000|  0%| F|  |TAMS 0x0000000086100000, 0x0000000086100000| Untracked 
|  98|0x0000000086200000, 0x0000000086200000, 0x0000000086300000|  0%| F|  |TAMS 0x0000000086200000, 0x0000000086200000| Untracked 
|  99|0x0000000086300000, 0x0000000086300000, 0x0000000086400000|  0%| F|  |TAMS 0x0000000086300000, 0x0000000086300000| Untracked 
| 100|0x0000000086400000, 0x0000000086400000, 0x0000000086500000|  0%| F|  |TAMS 0x0000000086400000, 0x0000000086400000| Untracked 
| 101|0x0000000086500000, 0x0000000086500000, 0x0000000086600000|  0%| F|  |TAMS 0x0000000086500000, 0x0000000086500000| Untracked 
| 102|0x0000000086600000, 0x0000000086600000, 0x0000000086700000|  0%| F|  |TAMS 0x0000000086600000, 0x0000000086600000| Untracked 
| 103|0x0000000086700000, 0x0000000086726d30, 0x0000000086800000| 15%| S|CS|TAMS 0x0000000086700000, 0x0000000086700000| Complete 
| 104|0x0000000086800000, 0x0000000086800000, 0x0000000086900000|  0%| F|  |TAMS 0x0000000086800000, 0x0000000086800000| Untracked 
| 105|0x0000000086900000, 0x0000000086900000, 0x0000000086a00000|  0%| F|  |TAMS 0x0000000086900000, 0x0000000086900000| Untracked 
| 106|0x0000000086a00000, 0x0000000086a00000, 0x0000000086b00000|  0%| F|  |TAMS 0x0000000086a00000, 0x0000000086a00000| Untracked 
| 107|0x0000000086b00000, 0x0000000086b00000, 0x0000000086c00000|  0%| F|  |TAMS 0x0000000086b00000, 0x0000000086b00000| Untracked 
| 108|0x0000000086c00000, 0x0000000086d00000, 0x0000000086d00000|100%| S|CS|TAMS 0x0000000086c00000, 0x0000000086c00000| Complete 
| 109|0x0000000086d00000, 0x0000000086e00000, 0x0000000086e00000|100%| S|CS|TAMS 0x0000000086d00000, 0x0000000086d00000| Complete 
| 110|0x0000000086e00000, 0x0000000086e00000, 0x0000000086f00000|  0%| F|  |TAMS 0x0000000086e00000, 0x0000000086e00000| Untracked 
| 111|0x0000000086f00000, 0x0000000086f00000, 0x0000000087000000|  0%| F|  |TAMS 0x0000000086f00000, 0x0000000086f00000| Untracked 
| 112|0x0000000087000000, 0x0000000087000000, 0x0000000087100000|  0%| F|  |TAMS 0x0000000087000000, 0x0000000087000000| Untracked 
| 113|0x0000000087100000, 0x0000000087100000, 0x0000000087200000|  0%| F|  |TAMS 0x0000000087100000, 0x0000000087100000| Untracked 
| 114|0x0000000087200000, 0x0000000087200000, 0x0000000087300000|  0%| F|  |TAMS 0x0000000087200000, 0x0000000087200000| Untracked 
| 115|0x0000000087300000, 0x0000000087300000, 0x0000000087400000|  0%| F|  |TAMS 0x0000000087300000, 0x0000000087300000| Untracked 
| 116|0x0000000087400000, 0x0000000087400000, 0x0000000087500000|  0%| F|  |TAMS 0x0000000087400000, 0x0000000087400000| Untracked 
| 117|0x0000000087500000, 0x0000000087500000, 0x0000000087600000|  0%| F|  |TAMS 0x0000000087500000, 0x0000000087500000| Untracked 
| 118|0x0000000087600000, 0x0000000087600000, 0x0000000087700000|  0%| F|  |TAMS 0x0000000087600000, 0x0000000087600000| Untracked 
| 119|0x0000000087700000, 0x0000000087700000, 0x0000000087800000|  0%| F|  |TAMS 0x0000000087700000, 0x0000000087700000| Untracked 
| 120|0x0000000087800000, 0x0000000087800000, 0x0000000087900000|  0%| F|  |TAMS 0x0000000087800000, 0x0000000087800000| Untracked 
| 121|0x0000000087900000, 0x0000000087900000, 0x0000000087a00000|  0%| F|  |TAMS 0x0000000087900000, 0x0000000087900000| Untracked 
| 122|0x0000000087a00000, 0x0000000087a00000, 0x0000000087b00000|  0%| F|  |TAMS 0x0000000087a00000, 0x0000000087a00000| Untracked 
| 123|0x0000000087b00000, 0x0000000087b00000, 0x0000000087c00000|  0%| F|  |TAMS 0x0000000087b00000, 0x0000000087b00000| Untracked 
| 124|0x0000000087c00000, 0x0000000087c00000, 0x0000000087d00000|  0%| F|  |TAMS 0x0000000087c00000, 0x0000000087c00000| Untracked 
| 125|0x0000000087d00000, 0x0000000087d00000, 0x0000000087e00000|  0%| F|  |TAMS 0x0000000087d00000, 0x0000000087d00000| Untracked 
| 126|0x0000000087e00000, 0x0000000087e00000, 0x0000000087f00000|  0%| F|  |TAMS 0x0000000087e00000, 0x0000000087e00000| Untracked 
| 127|0x0000000087f00000, 0x0000000087f00000, 0x0000000088000000|  0%| F|  |TAMS 0x0000000087f00000, 0x0000000087f00000| Untracked 
| 128|0x0000000088000000, 0x0000000088000000, 0x0000000088100000|  0%| F|  |TAMS 0x0000000088000000, 0x0000000088000000| Untracked 
| 129|0x0000000088100000, 0x0000000088100000, 0x0000000088200000|  0%| F|  |TAMS 0x0000000088100000, 0x0000000088100000| Untracked 
| 130|0x0000000088200000, 0x0000000088200000, 0x0000000088300000|  0%| F|  |TAMS 0x0000000088200000, 0x0000000088200000| Untracked 
| 131|0x0000000088300000, 0x0000000088300000, 0x0000000088400000|  0%| F|  |TAMS 0x0000000088300000, 0x0000000088300000| Untracked 
| 132|0x0000000088400000, 0x0000000088400000, 0x0000000088500000|  0%| F|  |TAMS 0x0000000088400000, 0x0000000088400000| Untracked 
| 133|0x0000000088500000, 0x0000000088500000, 0x0000000088600000|  0%| F|  |TAMS 0x0000000088500000, 0x0000000088500000| Untracked 
| 134|0x0000000088600000, 0x0000000088600000, 0x0000000088700000|  0%| F|  |TAMS 0x0000000088600000, 0x0000000088600000| Untracked 
| 135|0x0000000088700000, 0x0000000088700000, 0x0000000088800000|  0%| F|  |TAMS 0x0000000088700000, 0x0000000088700000| Untracked 
| 136|0x0000000088800000, 0x0000000088800000, 0x0000000088900000|  0%| F|  |TAMS 0x0000000088800000, 0x0000000088800000| Untracked 
| 137|0x0000000088900000, 0x0000000088900000, 0x0000000088a00000|  0%| F|  |TAMS 0x0000000088900000, 0x0000000088900000| Untracked 
| 138|0x0000000088a00000, 0x0000000088a00000, 0x0000000088b00000|  0%| F|  |TAMS 0x0000000088a00000, 0x0000000088a00000| Untracked 
| 139|0x0000000088b00000, 0x0000000088b00000, 0x0000000088c00000|  0%| F|  |TAMS 0x0000000088b00000, 0x0000000088b00000| Untracked 
| 140|0x0000000088c00000, 0x0000000088c00000, 0x0000000088d00000|  0%| F|  |TAMS 0x0000000088c00000, 0x0000000088c00000| Untracked 
| 141|0x0000000088d00000, 0x0000000088d00000, 0x0000000088e00000|  0%| F|  |TAMS 0x0000000088d00000, 0x0000000088d00000| Untracked 
| 142|0x0000000088e00000, 0x0000000088e00000, 0x0000000088f00000|  0%| F|  |TAMS 0x0000000088e00000, 0x0000000088e00000| Untracked 
| 143|0x0000000088f00000, 0x0000000088f00000, 0x0000000089000000|  0%| F|  |TAMS 0x0000000088f00000, 0x0000000088f00000| Untracked 
| 144|0x0000000089000000, 0x0000000089000000, 0x0000000089100000|  0%| F|  |TAMS 0x0000000089000000, 0x0000000089000000| Untracked 
| 145|0x0000000089100000, 0x0000000089100000, 0x0000000089200000|  0%| F|  |TAMS 0x0000000089100000, 0x0000000089100000| Untracked 
| 146|0x0000000089200000, 0x0000000089200000, 0x0000000089300000|  0%| F|  |TAMS 0x0000000089200000, 0x0000000089200000| Untracked 
| 147|0x0000000089300000, 0x0000000089300000, 0x0000000089400000|  0%| F|  |TAMS 0x0000000089300000, 0x0000000089300000| Untracked 
| 148|0x0000000089400000, 0x0000000089400000, 0x0000000089500000|  0%| F|  |TAMS 0x0000000089400000, 0x0000000089400000| Untracked 
| 149|0x0000000089500000, 0x0000000089500000, 0x0000000089600000|  0%| F|  |TAMS 0x0000000089500000, 0x0000000089500000| Untracked 
| 150|0x0000000089600000, 0x0000000089600000, 0x0000000089700000|  0%| F|  |TAMS 0x0000000089600000, 0x0000000089600000| Untracked 
| 151|0x0000000089700000, 0x000000008972d290, 0x0000000089800000| 17%| E|  |TAMS 0x0000000089700000, 0x0000000089700000| Complete 

Card table byte_map: [0x0000021bdad80000,0x0000021bdb180000] _byte_map_base: 0x0000021bda980000

Marking Bits (Prev, Next): (CMBitMap*) 0x0000021bc6116ce8, (CMBitMap*) 0x0000021bc6116d20
 Prev Bits: [0x0000021bdb580000, 0x0000021bdd580000)
 Next Bits: [0x0000021bdd580000, 0x0000021bdf580000)

Polling page: 0x0000021bc6150000

Metaspace:

Usage:
  Non-class:     48.84 MB capacity,    47.82 MB ( 98%) used,   885.32 KB (  2%) free+waste,   162.38 KB ( <1%) overhead. 
      Class:      7.72 MB capacity,     7.12 MB ( 92%) used,   537.05 KB (  7%) free+waste,    77.56 KB ( <1%) overhead. 
       Both:     56.56 MB capacity,    54.94 MB ( 97%) used,     1.39 MB (  2%) free+waste,   239.94 KB ( <1%) overhead. 

Virtual space:
  Non-class space:       50.00 MB reserved,      49.00 MB ( 98%) committed 
      Class space:        1.00 GB reserved,       7.82 MB ( <1%) committed 
             Both:        1.05 GB reserved,      56.82 MB (  5%) committed 

Chunk freelists:
   Non-Class:  0 bytes
       Class:  0 bytes
        Both:  0 bytes

MaxMetaspaceSize: 17179869184.00 GB
CompressedClassSpaceSize: 1.00 GB
Initial GC threshold: 20.80 MB
Current GC threshold: 58.88 MB
CDS: off

CodeHeap 'non-profiled nmethods': size=120064Kb used=3867Kb max_used=3867Kb free=116197Kb
 bounds [0x0000021bd2e10000, 0x0000021bd31e0000, 0x0000021bda350000]
CodeHeap 'profiled nmethods': size=120000Kb used=14750Kb max_used=14750Kb free=105249Kb
 bounds [0x0000021bcb8e0000, 0x0000021bcc750000, 0x0000021bd2e10000]
CodeHeap 'non-nmethods': size=5696Kb used=2315Kb max_used=2364Kb free=3380Kb
 bounds [0x0000021bcb350000, 0x0000021bcb5c0000, 0x0000021bcb8e0000]
 total_blobs=7920 nmethods=7107 adapters=723
 compilation: enabled
              stopped_count=0, restarted_count=0
 full_count=0

Compilation events (20 events):
Event: 284.671 Thread 0x0000021be249d800 7146       3       org.gradle.api.internal.artifacts.ivyservice.modulecache.DefaultCachedMetadata::<init> (15 bytes)
Event: 284.671 Thread 0x0000021be249d800 nmethod 7146 0x0000021bcc742210 code [0x0000021bcc7423e0, 0x0000021bcc742638]
Event: 284.677 Thread 0x0000021be249d800 7147       3       org.gradle.api.internal.artifacts.ivyservice.modulecache.DefaultCachedMetadata::getProcessedMetadata (26 bytes)
Event: 284.677 Thread 0x0000021be249d800 nmethod 7147 0x0000021bcc742790 code [0x0000021bcc742980, 0x0000021bcc742f28]
Event: 284.678 Thread 0x0000021be249d800 7148       3       org.gradle.internal.component.external.model.maven.DefaultMavenModuleResolveMetadata::<init> (79 bytes)
Event: 284.679 Thread 0x0000021be249d800 nmethod 7148 0x0000021bcc743110 code [0x0000021bcc743360, 0x0000021bcc743fd8]
Event: 284.679 Thread 0x0000021be249d800 7149       3       org.gradle.internal.component.external.model.AbstractLazyModuleComponentResolveMetadata::<init> (31 bytes)
Event: 284.679 Thread 0x0000021be249d800 nmethod 7149 0x0000021bcc744310 code [0x0000021bcc744500, 0x0000021bcc744968]
Event: 284.679 Thread 0x0000021be249d800 7150       3       org.gradle.internal.component.external.model.AbstractModuleComponentResolveMetadata::<init> (106 bytes)
Event: 284.680 Thread 0x0000021be249d800 nmethod 7150 0x0000021bcc744b10 code [0x0000021bcc744d60, 0x0000021bcc7459d8]
Event: 284.680 Thread 0x0000021be249d800 7151       3       org.gradle.internal.component.external.model.AbstractLazyModuleComponentResolveMetadata::copyCachedState (21 bytes)
Event: 284.680 Thread 0x0000021be249d800 nmethod 7151 0x0000021bcc745c10 code [0x0000021bcc745de0, 0x0000021bcc746248]
Event: 284.681 Thread 0x0000021be249d800 7152  s    3       org.gradle.internal.component.external.model.AbstractLazyModuleComponentResolveMetadata::copyCachedConfigurations (11 bytes)
Event: 284.681 Thread 0x0000021be249d800 nmethod 7152 0x0000021bcc746410 code [0x0000021bcc7465e0, 0x0000021bcc746908]
Event: 284.685 Thread 0x0000021be249d800 7153       3       org.gradle.api.internal.artifacts.ivyservice.modulecache.InMemoryModuleMetadataCache::get (52 bytes)
Event: 284.685 Thread 0x0000021be249d800 nmethod 7153 0x0000021bcc746a10 code [0x0000021bcc746c00, 0x0000021bcc747128]
Event: 284.686 Thread 0x0000021be249d800 7154       3       org.gradle.api.internal.artifacts.ivyservice.modulecache.ModuleMetadataSerializer$Reader::readAttributes (14 bytes)
Event: 284.687 Thread 0x0000021be249d800 nmethod 7154 0x0000021bcc747290 code [0x0000021bcc747440, 0x0000021bcc747608]
Event: 284.850 Thread 0x0000021be249d800 7155       3       org.gradle.internal.component.local.model.ComponentFileArtifactIdentifier::getFileName (8 bytes)
Event: 284.850 Thread 0x0000021be249d800 nmethod 7155 0x0000021bcc747710 code [0x0000021bcc7478c0, 0x0000021bcc747a88]

GC Heap History (20 events):
Event: 12.607 GC heap before
{Heap before GC invocations=6 (full 0):
 garbage-first heap   total 129024K, used 67353K [0x0000000080000000, 0x0000000100000000)
  region size 1024K, 51 young (52224K), 2 survivors (2048K)
 Metaspace       used 25833K, capacity 26514K, committed 26624K, reserved 1073152K
  class space    used 3330K, capacity 3538K, committed 3584K, reserved 1048576K
}
Event: 12.617 GC heap after
{Heap after GC invocations=7 (full 0):
 garbage-first heap   total 129024K, used 19005K [0x0000000080000000, 0x0000000100000000)
  region size 1024K, 4 young (4096K), 4 survivors (4096K)
 Metaspace       used 25833K, capacity 26514K, committed 26624K, reserved 1073152K
  class space    used 3330K, capacity 3538K, committed 3584K, reserved 1048576K
}
Event: 13.790 GC heap before
{Heap before GC invocations=7 (full 0):
 garbage-first heap   total 129024K, used 89661K [0x0000000080000000, 0x0000000100000000)
  region size 1024K, 63 young (64512K), 4 survivors (4096K)
 Metaspace       used 31189K, capacity 32075K, committed 32256K, reserved 1077248K
  class space    used 4183K, capacity 4497K, committed 4608K, reserved 1048576K
}
Event: 13.802 GC heap after
{Heap after GC invocations=8 (full 0):
 garbage-first heap   total 129024K, used 34776K [0x0000000080000000, 0x0000000100000000)
  region size 1024K, 8 young (8192K), 8 survivors (8192K)
 Metaspace       used 31189K, capacity 32075K, committed 32256K, reserved 1077248K
  class space    used 4183K, capacity 4497K, committed 4608K, reserved 1048576K
}
Event: 14.515 GC heap before
{Heap before GC invocations=8 (full 0):
 garbage-first heap   total 129024K, used 58328K [0x0000000080000000, 0x0000000100000000)
  region size 1024K, 32 young (32768K), 8 survivors (8192K)
 Metaspace       used 34847K, capacity 35781K, committed 35840K, reserved 1081344K
  class space    used 4648K, capacity 4987K, committed 4992K, reserved 1048576K
}
Event: 14.535 GC heap after
{Heap after GC invocations=9 (full 0):
 garbage-first heap   total 129024K, used 36527K [0x0000000080000000, 0x0000000100000000)
  region size 1024K, 2 young (2048K), 2 survivors (2048K)
 Metaspace       used 34847K, capacity 35781K, committed 35840K, reserved 1081344K
  class space    used 4648K, capacity 4987K, committed 4992K, reserved 1048576K
}
Event: 15.562 GC heap before
{Heap before GC invocations=10 (full 0):
 garbage-first heap   total 129024K, used 84655K [0x0000000080000000, 0x0000000100000000)
  region size 1024K, 46 young (47104K), 2 survivors (2048K)
 Metaspace       used 40859K, capacity 41893K, committed 41932K, reserved 1085440K
  class space    used 5205K, capacity 5572K, committed 5580K, reserved 1048576K
}
Event: 15.574 GC heap after
{Heap after GC invocations=11 (full 0):
 garbage-first heap   total 129024K, used 40395K [0x0000000080000000, 0x0000000100000000)
  region size 1024K, 6 young (6144K), 6 survivors (6144K)
 Metaspace       used 40859K, capacity 41893K, committed 41932K, reserved 1085440K
  class space    used 5205K, capacity 5572K, committed 5580K, reserved 1048576K
}
Event: 16.625 GC heap before
{Heap before GC invocations=11 (full 0):
 garbage-first heap   total 129024K, used 89547K [0x0000000080000000, 0x0000000100000000)
  region size 1024K, 50 young (51200K), 6 survivors (6144K)
 Metaspace       used 44346K, capacity 45485K, committed 45644K, reserved 1089536K
  class space    used 5721K, capacity 6164K, committed 6220K, reserved 1048576K
}
Event: 16.640 GC heap after
{Heap after GC invocations=12 (full 0):
 garbage-first heap   total 129024K, used 47421K [0x0000000080000000, 0x0000000100000000)
  region size 1024K, 4 young (4096K), 4 survivors (4096K)
 Metaspace       used 44346K, capacity 45485K, committed 45644K, reserved 1089536K
  class space    used 5721K, capacity 6164K, committed 6220K, reserved 1048576K
}
Event: 17.481 GC heap before
{Heap before GC invocations=12 (full 0):
 garbage-first heap   total 129024K, used 91453K [0x0000000080000000, 0x0000000100000000)
  region size 1024K, 47 young (48128K), 4 survivors (4096K)
 Metaspace       used 46691K, capacity 47917K, committed 48204K, reserved 1091584K
  class space    used 5941K, capacity 6373K, committed 6476K, reserved 1048576K
}
Event: 17.493 GC heap after
{Heap after GC invocations=13 (full 0):
 garbage-first heap   total 129024K, used 50792K [0x0000000080000000, 0x0000000100000000)
  region size 1024K, 6 young (6144K), 6 survivors (6144K)
 Metaspace       used 46691K, capacity 47917K, committed 48204K, reserved 1091584K
  class space    used 5941K, capacity 6373K, committed 6476K, reserved 1048576K
}
Event: 18.398 GC heap before
{Heap before GC invocations=13 (full 0):
 garbage-first heap   total 129024K, used 98920K [0x0000000080000000, 0x0000000100000000)
  region size 1024K, 49 young (50176K), 6 survivors (6144K)
 Metaspace       used 49901K, capacity 51320K, committed 51660K, reserved 1093632K
  class space    used 6476K, capacity 7018K, committed 7116K, reserved 1048576K
}
Event: 18.415 GC heap after
{Heap after GC invocations=14 (full 0):
 garbage-first heap   total 155648K, used 57877K [0x0000000080000000, 0x0000000100000000)
  region size 1024K, 6 young (6144K), 6 survivors (6144K)
 Metaspace       used 49901K, capacity 51320K, committed 51660K, reserved 1093632K
  class space    used 6476K, capacity 7018K, committed 7116K, reserved 1048576K
}
Event: 19.709 GC heap before
{Heap before GC invocations=14 (full 0):
 garbage-first heap   total 155648K, used 114197K [0x0000000080000000, 0x0000000100000000)
  region size 1024K, 56 young (57344K), 6 survivors (6144K)
 Metaspace       used 51745K, capacity 53231K, committed 53324K, reserved 1095680K
  class space    used 6662K, capacity 7216K, committed 7244K, reserved 1048576K
}
Event: 19.726 GC heap after
{Heap after GC invocations=15 (full 0):
 garbage-first heap   total 155648K, used 71969K [0x0000000080000000, 0x0000000100000000)
  region size 1024K, 7 young (7168K), 7 survivors (7168K)
 Metaspace       used 51745K, capacity 53231K, committed 53324K, reserved 1095680K
  class space    used 6662K, capacity 7216K, committed 7244K, reserved 1048576K
}
Event: 20.713 GC heap before
{Heap before GC invocations=15 (full 0):
 garbage-first heap   total 155648K, used 119073K [0x0000000080000000, 0x0000000100000000)
  region size 1024K, 51 young (52224K), 7 survivors (7168K)
 Metaspace       used 54724K, capacity 56258K, committed 56396K, reserved 1097728K
  class space    used 7142K, capacity 7693K, committed 7756K, reserved 1048576K
}
Event: 20.726 GC heap after
{Heap after GC invocations=16 (full 0):
 garbage-first heap   total 155648K, used 78268K [0x0000000080000000, 0x0000000100000000)
  region size 1024K, 4 young (4096K), 4 survivors (4096K)
 Metaspace       used 54724K, capacity 56258K, committed 56396K, reserved 1097728K
  class space    used 7142K, capacity 7693K, committed 7756K, reserved 1048576K
}
Event: 284.691 GC heap before
{Heap before GC invocations=16 (full 0):
 garbage-first heap   total 155648K, used 121276K [0x0000000080000000, 0x0000000100000000)
  region size 1024K, 46 young (47104K), 4 survivors (4096K)
 Metaspace       used 56255K, capacity 57918K, committed 58188K, reserved 1099776K
  class space    used 7287K, capacity 7902K, committed 8012K, reserved 1048576K
}
Event: 284.711 GC heap after
{Heap after GC invocations=17 (full 0):
 garbage-first heap   total 155648K, used 80021K [0x0000000080000000, 0x0000000100000000)
  region size 1024K, 3 young (3072K), 3 survivors (3072K)
 Metaspace       used 56255K, capacity 57918K, committed 58188K, reserved 1099776K
  class space    used 7287K, capacity 7902K, committed 8012K, reserved 1048576K
}

Deoptimization events (20 events):
Event: 50.855 Thread 0x0000021be4f83800 DEOPT PACKING pc=0x0000021bcbb93f3e sp=0x000000a32c8fe710
Event: 50.855 Thread 0x0000021be4f83800 DEOPT UNPACKING pc=0x0000021bcb39a95e sp=0x000000a32c8fdc80 mode 0
Event: 100.863 Thread 0x0000021be4f83800 DEOPT PACKING pc=0x0000021bcbc19501 sp=0x000000a32c8fdf20
Event: 100.863 Thread 0x0000021be4f83800 DEOPT UNPACKING pc=0x0000021bcb39a95e sp=0x000000a32c8fd3f0 mode 0
Event: 284.167 Thread 0x0000021be3a53800 Uncommon trap: trap_request=0xffffff4d fr.pc=0x0000021bd30ccc84 relative=0x00000000000001c4
Event: 284.167 Thread 0x0000021be3a53800 Uncommon trap: reason=unstable_if action=reinterpret pc=0x0000021bd30ccc84 method=com.esotericsoftware.kryo.io.Input.readVarInt(Z)I @ 42 c2
Event: 284.167 Thread 0x0000021be3a53800 DEOPT PACKING pc=0x0000021bd30ccc84 sp=0x000000a32b2fe640
Event: 284.167 Thread 0x0000021be3a53800 DEOPT UNPACKING pc=0x0000021bcb39a1af sp=0x000000a32b2fe5e8 mode 2
Event: 284.212 Thread 0x0000021be3a55000 Uncommon trap: trap_request=0xffffff4d fr.pc=0x0000021bd304081c relative=0x000000000000007c
Event: 284.212 Thread 0x0000021be3a55000 Uncommon trap: reason=unstable_if action=reinterpret pc=0x0000021bd304081c method=java.util.Spliterator.getExactSizeIfKnown()J @ 9 c2
Event: 284.212 Thread 0x0000021be3a55000 DEOPT PACKING pc=0x0000021bd304081c sp=0x000000a32cbfbff0
Event: 284.212 Thread 0x0000021be3a55000 DEOPT UNPACKING pc=0x0000021bcb39a1af sp=0x000000a32cbfbf88 mode 2
Event: 284.414 Thread 0x0000021be3a55000 Uncommon trap: trap_request=0xfffffff4 fr.pc=0x0000021bd30c978c relative=0x000000000000068c
Event: 284.414 Thread 0x0000021be3a55000 Uncommon trap: reason=null_check action=make_not_entrant pc=0x0000021bd30c978c method=org.gradle.util.internal.SimpleMapInterner.intern(Ljava/lang/Object;)Ljava/lang/Object; @ 2 c2
Event: 284.414 Thread 0x0000021be3a55000 DEOPT PACKING pc=0x0000021bd30c978c sp=0x000000a32cbf73b0
Event: 284.414 Thread 0x0000021be3a55000 DEOPT UNPACKING pc=0x0000021bcb39a1af sp=0x000000a32cbf7378 mode 2
Event: 284.414 Thread 0x0000021be3a55000 Uncommon trap: trap_request=0xffffff4d fr.pc=0x0000021bd30c8928 relative=0x00000000000006c8
Event: 284.414 Thread 0x0000021be3a55000 Uncommon trap: reason=unstable_if action=reinterpret pc=0x0000021bd30c8928 method=org.gradle.util.internal.SimpleMapInterner.intern(Ljava/lang/String;)Ljava/lang/String; @ 1 c2
Event: 284.414 Thread 0x0000021be3a55000 DEOPT PACKING pc=0x0000021bd30c8928 sp=0x000000a32cbf7340
Event: 284.414 Thread 0x0000021be3a55000 DEOPT UNPACKING pc=0x0000021bcb39a1af sp=0x000000a32cbf7308 mode 2

Classes redefined (0 events):
No events

Internal exceptions (20 events):
Event: 19.783 Thread 0x0000021be4868800 Exception <a 'java/lang/ClassNotFoundException'{0x000000008947c128}: org/gradle/api/DefaultTaskCustomizer> (0x000000008947c128) thrown at [./src/hotspot/share/classfile/systemDictionary.cpp, line 231]
Event: 19.787 Thread 0x0000021be4868800 Exception <a 'java/lang/ClassNotFoundException'{0x0000000089300ad8}: org/gradle/api/internal/ConventionTaskCustomizer> (0x0000000089300ad8) thrown at [./src/hotspot/share/classfile/systemDictionary.cpp, line 231]
Event: 19.789 Thread 0x0000021be4868800 Exception <a 'java/lang/ClassNotFoundException'{0x000000008933bf70}: org/gradle/api/tasks/DeleteCustomizer> (0x000000008933bf70) thrown at [./src/hotspot/share/classfile/systemDictionary.cpp, line 231]
Event: 19.791 Thread 0x0000021be4868800 Exception <a 'java/lang/ClassNotFoundException'{0x000000008937e848}: org/gradle/api/tasks/Delete_DecoratedCustomizer> (0x000000008937e848) thrown at [./src/hotspot/share/classfile/systemDictionary.cpp, line 231]
Event: 19.886 Thread 0x0000021be4868800 Exception <a 'java/lang/NoSuchMethodError'{0x000000008915f980}: 'void java.lang.invoke.DirectMethodHandle$Holder.invokeVirtual(java.lang.Object, java.lang.Object)'> (0x000000008915f980) thrown at [./src/hotspot/share/interpreter/linkResolver.cpp, line 773]
Event: 20.981 Thread 0x0000021be4868800 Exception <a 'java/lang/ClassCastException'{0x00000000883a3a00}: class org.codehaus.groovy.ast.expr.TupleExpression cannot be cast to class org.codehaus.groovy.ast.expr.ArgumentListExpression (org.codehaus.groovy.ast.expr.TupleExpression and org.codehaus.groovy.ast.expr.ArgumentListExpression are in unnamed module of loader org.gradle.internal.classloader.VisitableURLClassLoader @604ed9f0)> (0x00000000883a3a00) thrown at [./src/hotspot/share/interpreter/interpreterRuntime.cpp, line 459]
Event: 21.381 Thread 0x0000021be4868800 Exception <a 'java/lang/NoSuchMethodError'{0x0000000088136178}: 'java.lang.Object java.lang.invoke.Invokers$Holder.linkToTargetMethod(java.lang.Object, java.lang.Object, java.lang.Object, int, java.lang.Object, java.lang.Object)'> (0x0000000088136178) thrown at [./src/hotspot/share/interpreter/linkResolver.cpp, line 773]
Event: 21.389 Thread 0x0000021be4868800 Exception <a 'java/lang/NoSuchMethodError'{0x000000008816ddd8}: 'java.lang.Object java.lang.invoke.DirectMethodHandle$Holder.invokeStatic(java.lang.Object, java.lang.Object, java.lang.Object, java.lang.Object, int)'> (0x000000008816ddd8) thrown at [./src/hotspot/share/interpreter/linkResolver.cpp, line 773]
Event: 21.389 Thread 0x0000021be4868800 Exception <a 'java/lang/NoSuchMethodError'{0x0000000088171c30}: 'java.lang.Object java.lang.invoke.DirectMethodHandle$Holder.invokeSpecial(java.lang.Object, java.lang.Object, java.lang.Object, java.lang.Object, java.lang.Object, int)'> (0x0000000088171c30) thrown at [./src/hotspot/share/interpreter/linkResolver.cpp, line 773]
Event: 21.390 Thread 0x0000021be4868800 Exception <a 'java/lang/NoSuchMethodError'{0x00000000881757d0}: 'java.lang.Object java.lang.invoke.Invokers$Holder.linkToTargetMethod(java.lang.Object, java.lang.Object, java.lang.Object, int, java.lang.Object)'> (0x00000000881757d0) thrown at [./src/hotspot/share/interpreter/linkResolver.cpp, line 773]
Event: 21.847 Thread 0x0000021be4868000 Exception <a 'java/lang/NoSuchMethodError'{0x0000000087b9d7b0}: <clinit>> (0x0000000087b9d7b0) thrown at [./src/hotspot/share/prims/jni.cpp, line 1365]
Event: 21.849 Thread 0x0000021be4868000 Exception <a 'java/lang/NoSuchMethodError'{0x0000000087ba9b78}: <clinit>> (0x0000000087ba9b78) thrown at [./src/hotspot/share/prims/jni.cpp, line 1365]
Event: 30.866 Thread 0x0000021be4f83800 Implicit null exception at 0x0000021bd2f20694 to 0x0000021bd2f20c24
Event: 30.867 Thread 0x0000021be4f83800 Implicit null exception at 0x0000021bd2ef4714 to 0x0000021bd2ef4c7c
Event: 284.406 Thread 0x0000021be3a55000 Exception <a 'java/lang/ClassNotFoundException'{0x0000000087383ad0}: sync_studio_tooling8_arhrny75irvnulv6oe6pmx6uvBeanInfo> (0x0000000087383ad0) thrown at [./src/hotspot/share/classfile/systemDictionary.cpp, line 231]
Event: 284.406 Thread 0x0000021be3a55000 Exception <a 'java/lang/ClassNotFoundException'{0x0000000087390fb8}: sync_studio_tooling8_arhrny75irvnulv6oe6pmx6uvCustomizer> (0x0000000087390fb8) thrown at [./src/hotspot/share/classfile/systemDictionary.cpp, line 231]
Event: 284.414 Thread 0x0000021be3a55000 Implicit null exception at 0x0000021bd30c9131 to 0x0000021bd30c977d
Event: 284.414 Thread 0x0000021be3a55000 Implicit null exception at 0x0000021bd30c8296 to 0x0000021bd30c8914
Event: 284.432 Thread 0x0000021be3a55000 Exception <a 'java/lang/ClassNotFoundException'{0x0000000087273478}: sync_studio_tooling8_arhrny75irvnulv6oe6pmx6uvBeanInfo> (0x0000000087273478) thrown at [./src/hotspot/share/classfile/systemDictionary.cpp, line 231]
Event: 284.432 Thread 0x0000021be3a55000 Exception <a 'java/lang/ClassNotFoundException'{0x00000000872805f0}: sync_studio_tooling8_arhrny75irvnulv6oe6pmx6uvCustomizer> (0x00000000872805f0) thrown at [./src/hotspot/share/classfile/systemDictionary.cpp, line 231]

Events (20 events):
Event: 284.561 Executing VM operation: RevokeBias
Event: 284.561 Executing VM operation: RevokeBias done
Event: 284.561 Executing VM operation: BulkRevokeBias
Event: 284.563 Executing VM operation: BulkRevokeBias done
Event: 284.564 Executing VM operation: RevokeBias
Event: 284.564 Executing VM operation: RevokeBias done
Event: 284.565 Executing VM operation: RevokeBias
Event: 284.565 Executing VM operation: RevokeBias done
Event: 284.566 Executing VM operation: RevokeBias
Event: 284.566 Executing VM operation: RevokeBias done
Event: 284.569 Executing VM operation: RevokeBias
Event: 284.569 Executing VM operation: RevokeBias done
Event: 284.570 Executing VM operation: RevokeBias
Event: 284.570 Executing VM operation: RevokeBias done
Event: 284.605 Executing VM operation: RevokeBias
Event: 284.605 Executing VM operation: RevokeBias done
Event: 284.607 Executing VM operation: RevokeBias
Event: 284.608 Executing VM operation: RevokeBias done
Event: 284.691 Executing VM operation: G1CollectForAllocation
Event: 284.711 Executing VM operation: G1CollectForAllocation done


Dynamic libraries:
0x00007ff711c90000 - 0x00007ff711c9a000 	C:\Program Files\Android\Android Studio\jre\bin\java.exe
0x00007fffe5470000 - 0x00007fffe5668000 	C:\Windows\SYSTEM32\ntdll.dll
0x00007fffe5060000 - 0x00007fffe511f000 	C:\Windows\System32\KERNEL32.DLL
0x00007fffe31d0000 - 0x00007fffe34a2000 	C:\Windows\System32\KERNELBASE.dll
0x00007fffe2cd0000 - 0x00007fffe2dd0000 	C:\Windows\System32\ucrtbase.dll
0x00007fffd93c0000 - 0x00007fffd93d9000 	C:\Program Files\Android\Android Studio\jre\bin\jli.dll
0x00007fffe3c20000 - 0x00007fffe3dc1000 	C:\Windows\System32\USER32.dll
0x00007fffe2b90000 - 0x00007fffe2bb2000 	C:\Windows\System32\win32u.dll
0x00007fffe4c50000 - 0x00007fffe4c7b000 	C:\Windows\System32\GDI32.dll
0x00007fffe2bc0000 - 0x00007fffe2ccf000 	C:\Windows\System32\gdi32full.dll
0x00007fffe2f60000 - 0x00007fffe2ffd000 	C:\Windows\System32\msvcp_win.dll
0x00007fffd93a0000 - 0x00007fffd93b7000 	C:\Program Files\Android\Android Studio\jre\bin\VCRUNTIME140.dll
0x00007fffd72c0000 - 0x00007fffd755a000 	C:\Windows\WinSxS\amd64_microsoft.windows.common-controls_6595b64144ccf1df_6.0.19041.1110_none_60b5254171f9507e\COMCTL32.dll
0x00007fffe4c80000 - 0x00007fffe4d1e000 	C:\Windows\System32\msvcrt.dll
0x00007fffe5260000 - 0x00007fffe5292000 	C:\Windows\System32\IMM32.DLL
0x00007fffe2580000 - 0x00007fffe25b6000 	C:\Windows\system32\DriverStore\FileRepository\nvaci.inf_amd64_944bfe06c9417196\nvinitx.dll
0x00007fffe4630000 - 0x00007fffe46de000 	C:\Windows\System32\ADVAPI32.dll
0x00007fffe4fc0000 - 0x00007fffe505c000 	C:\Windows\System32\sechost.dll
0x00007fffe4b20000 - 0x00007fffe4c45000 	C:\Windows\System32\RPCRT4.dll
0x00007fffe2530000 - 0x00007fffe253a000 	C:\Windows\SYSTEM32\VERSION.dll
0x00007fffe3ee0000 - 0x00007fffe4624000 	C:\Windows\System32\Shell32.dll
0x00007fffe0bd0000 - 0x00007fffe1362000 	C:\Windows\SYSTEM32\windows.storage.dll
0x00007fffe47c0000 - 0x00007fffe4b15000 	C:\Windows\System32\combase.dll
0x00007fffe2500000 - 0x00007fffe2530000 	C:\Windows\SYSTEM32\Wldp.dll
0x00007fffe3dd0000 - 0x00007fffe3e7d000 	C:\Windows\System32\SHCORE.dll
0x00007fffe3610000 - 0x00007fffe3665000 	C:\Windows\System32\shlwapi.dll
0x000000006f160000 - 0x000000006f166000 	C:\Program Files\NVIDIA Corporation\CoProcManager\_etoured.dll
0x00007fffd4f50000 - 0x00007fffd4f93000 	C:\Program Files\NVIDIA Corporation\CoProcManager\nvd3d9wrapx.dll
0x00007fffe37a0000 - 0x00007fffe3c08000 	C:\Windows\System32\SETUPAPI.dll
0x00007fffe2f10000 - 0x00007fffe2f5e000 	C:\Windows\System32\cfgmgr32.dll
0x00007fffe2b60000 - 0x00007fffe2b87000 	C:\Windows\System32\bcrypt.dll
0x00007fffd6fc0000 - 0x00007fffd6fed000 	C:\Program Files\NVIDIA Corporation\CoProcManager\nvdxgiwrapx.dll
0x00007fffd6d40000 - 0x00007fffd6ddd000 	C:\Program Files\Android\Android Studio\jre\bin\msvcp140.dll
0x00007fffbd300000 - 0x00007fffbdde5000 	C:\Program Files\Android\Android Studio\jre\bin\server\jvm.dll
0x00007fffe4d20000 - 0x00007fffe4d28000 	C:\Windows\System32\PSAPI.DLL
0x00007fffdde10000 - 0x00007fffdde19000 	C:\Windows\SYSTEM32\WSOCK32.dll
0x00007fffe34b0000 - 0x00007fffe351b000 	C:\Windows\System32\WS2_32.dll
0x00007fffde7a0000 - 0x00007fffde7c7000 	C:\Windows\SYSTEM32\WINMM.dll
0x00007fffe09d0000 - 0x00007fffe09e2000 	C:\Windows\SYSTEM32\kernel.appcore.dll
0x00007fffddd60000 - 0x00007fffddd71000 	C:\Program Files\Android\Android Studio\jre\bin\verify.dll
0x00007fffd08a0000 - 0x00007fffd0a84000 	C:\Windows\SYSTEM32\DBGHELP.DLL
0x00007fffd0860000 - 0x00007fffd0895000 	C:\Windows\SYSTEM32\dbgcore.DLL
0x00007fffe2e80000 - 0x00007fffe2f02000 	C:\Windows\System32\bcryptPrimitives.dll
0x00007fffddcb0000 - 0x00007fffddcd9000 	C:\Program Files\Android\Android Studio\jre\bin\java.dll
0x00007fffdde00000 - 0x00007fffdde0b000 	C:\Program Files\Android\Android Studio\jre\bin\jimage.dll
0x00007fffddc90000 - 0x00007fffddca8000 	C:\Program Files\Android\Android Studio\jre\bin\zip.dll
0x00007fffe2aa0000 - 0x00007fffe2abf000 	C:\Windows\SYSTEM32\profapi.dll
0x00007fffddc70000 - 0x00007fffddc8a000 	C:\Program Files\Android\Android Studio\jre\bin\net.dll
0x00007fffd9210000 - 0x00007fffd931c000 	C:\Windows\SYSTEM32\WINHTTP.dll
0x00007fffe21f0000 - 0x00007fffe225a000 	C:\Windows\system32\mswsock.dll
0x00007fffddb30000 - 0x00007fffddb44000 	C:\Program Files\Android\Android Studio\jre\bin\nio.dll
0x00007fffdc180000 - 0x00007fffdc1a7000 	C:\Users\Anton\.gradle\native\e1d6ef7f7dcc3fd88c89a11ec53ec762bb8ba0a96d01ffa2cd45eb1d1d8dd5c5\windows-amd64\native-platform.dll
0x00007fffce620000 - 0x00007fffce764000 	C:\Users\Anton\.gradle\native\5664cfc778a61ccfe75a443a1ab52a65af34e5dc3c78e0209fed803814484fcb\windows-amd64\native-platform-file-events.dll
0x00007fffddc50000 - 0x00007fffddc5a000 	C:\Program Files\Android\Android Studio\jre\bin\management.dll
0x00007fffddb20000 - 0x00007fffddb2d000 	C:\Program Files\Android\Android Studio\jre\bin\management_ext.dll
0x00007fffe2450000 - 0x00007fffe2468000 	C:\Windows\SYSTEM32\CRYPTSP.dll
0x00007fffe1b10000 - 0x00007fffe1b44000 	C:\Windows\system32\rsaenh.dll
0x00007fffe2a20000 - 0x00007fffe2a4e000 	C:\Windows\SYSTEM32\USERENV.dll
0x00007fffe2470000 - 0x00007fffe247c000 	C:\Windows\SYSTEM32\CRYPTBASE.dll
0x00007fffe1ee0000 - 0x00007fffe1f1b000 	C:\Windows\SYSTEM32\IPHLPAPI.DLL
0x00007fffe5350000 - 0x00007fffe5358000 	C:\Windows\System32\NSI.dll
0x00007fffdb0f0000 - 0x00007fffdb107000 	C:\Windows\SYSTEM32\dhcpcsvc6.DLL
0x00007fffdb5b0000 - 0x00007fffdb5cd000 	C:\Windows\SYSTEM32\dhcpcsvc.DLL
0x00007fffe1f20000 - 0x00007fffe1fea000 	C:\Windows\SYSTEM32\DNSAPI.dll

dbghelp: loaded successfully - version: 4.0.5 - missing functions: none
symbol engine: initialized successfully - sym options: 0x614 - pdb path: .;C:\Program Files\Android\Android Studio\jre\bin;C:\Windows\SYSTEM32;C:\Windows\WinSxS\amd64_microsoft.windows.common-controls_6595b64144ccf1df_6.0.19041.1110_none_60b5254171f9507e;C:\Windows\system32\DriverStore\FileRepository\nvaci.inf_amd64_944bfe06c9417196;C:\Program Files\NVIDIA Corporation\CoProcManager;C:\Program Files\Android\Android Studio\jre\bin\server;C:\Users\Anton\.gradle\native\e1d6ef7f7dcc3fd88c89a11ec53ec762bb8ba0a96d01ffa2cd45eb1d1d8dd5c5\windows-amd64;C:\Users\Anton\.gradle\native\5664cfc778a61ccfe75a443a1ab52a65af34e5dc3c78e0209fed803814484fcb\windows-amd64

VM Arguments:
jvm_args: --add-opens=java.base/java.util=ALL-UNNAMED --add-opens=java.base/java.lang=ALL-UNNAMED --add-opens=java.base/java.lang.invoke=ALL-UNNAMED --add-opens=java.base/java.util=ALL-UNNAMED --add-opens=java.prefs/java.util.prefs=ALL-UNNAMED --add-opens=java.prefs/java.util.prefs=ALL-UNNAMED --add-opens=java.base/java.nio.charset=ALL-UNNAMED --add-opens=java.base/java.net=ALL-UNNAMED --add-opens=java.base/java.util.concurrent.atomic=ALL-UNNAMED -Xmx2048m -Dfile.encoding=UTF-8 -Duser.country=RU -Duser.language=ru -Duser.variant 
java_command: org.gradle.launcher.daemon.bootstrap.GradleDaemon 7.3.3
java_class_path (initial): C:\Users\Anton\.gradle\wrapper\dists\gradle-7.3.3-bin\6a41zxkdtcxs8rphpq6y0069z\gradle-7.3.3\lib\gradle-launcher-7.3.3.jar
Launcher Type: SUN_STANDARD

[Global flags]
     intx CICompilerCount                          = 3                                         {product} {ergonomic}
     uint ConcGCThreads                            = 1                                         {product} {ergonomic}
     uint G1ConcRefinementThreads                  = 4                                         {product} {ergonomic}
   size_t G1HeapRegionSize                         = 1048576                                   {product} {ergonomic}
    uintx GCDrainStackTargetSize                   = 64                                        {product} {ergonomic}
   size_t InitialHeapSize                          = 132120576                                 {product} {ergonomic}
   size_t MarkStackSize                            = 4194304                                   {product} {ergonomic}
   size_t MaxHeapSize                              = 2147483648                                {product} {command line}
   size_t MaxNewSize                               = 1287651328                                {product} {ergonomic}
   size_t MinHeapDeltaBytes                        = 1048576                                   {product} {ergonomic}
    uintx NonNMethodCodeHeapSize                   = 5830732                                {pd product} {ergonomic}
    uintx NonProfiledCodeHeapSize                  = 122913754                              {pd product} {ergonomic}
    uintx ProfiledCodeHeapSize                     = 122913754                              {pd product} {ergonomic}
    uintx ReservedCodeCacheSize                    = 251658240                              {pd product} {ergonomic}
     bool SegmentedCodeCache                       = true                                      {product} {ergonomic}
     bool UseCompressedClassPointers               = true                                 {lp64_product} {ergonomic}
     bool UseCompressedOops                        = true                                 {lp64_product} {ergonomic}
     bool UseG1GC                                  = true                                      {product} {ergonomic}
     bool UseLargePagesIndividualAllocation        = false                                  {pd product} {ergonomic}

Logging:
Log output configuration:
 #0: stdout all=warning uptime,level,tags
 #1: stderr all=off uptime,level,tags

Environment Variables:
PATH=C:\Program Files (x86)\Common Files\Intel\Shared Libraries\redist\intel64\compiler;C:\Program Files\Common Files\Oracle\Java\javapath;C:\Windows\system32;C:\Windows;C:\Windows\System32\Wbem;C:\Windows\System32\WindowsPowerShell\v1.0\;C:\Windows\System32\OpenSSH\;C:\Program Files (x86)\NVIDIA Corporation\PhysX\Common;C:\Program Files\Git\cmd;C:\Users\Anton\AppData\Local\Microsoft\WindowsApps;C:\Users\Anton\AppData\Local\GitHubDesktop\bin
USERNAME=Anton
OS=Windows_NT
PROCESSOR_IDENTIFIER=Intel64 Family 6 Model 42 Stepping 7, GenuineIntel



---------------  S Y S T E M  ---------------

OS: Windows 10 , 64 bit Build 19041 (10.0.19041.2364)
OS uptime: 2 days 19:16 hours

CPU:total 4 (initial active 4) (2 cores per cpu, 2 threads per core) family 6 model 42 stepping 7 microcode 0x2f, cmov, cx8, fxsr, mmx, sse, sse2, sse3, ssse3, sse4.1, sse4.2, popcnt, avx, aes, clmul, ht, tsc, tscinvbit

Memory: 4k page, system-wide physical 8043M (2249M free)
TotalPageFile size 11543M (AvailPageFile size 4392M)
current process WorkingSet (physical memory assigned to process): 340M, peak: 356M
current process commit charge ("private bytes"): 378M, peak: 387M

vm_info: OpenJDK 64-Bit Server VM (11.0.12+7-b1504.28-7817840) for windows-amd64 JRE (11.0.12+7-b1504.28-7817840), built on Oct 13 2021 22:12:33 by "builder" with MS VC++ 14.0 (VS2015)

END.
